<?xml version="1.0" encoding="UTF-8"?>
<!-- Generated by org.testng.reporters.JUnitXMLReporter -->
<testsuite ignored="0" hostname="Admins-MBP.lan" failures="1" tests="75" name="Test" time="21.23" errors="0" timestamp="2025-01-03T10:57:13 IST">
  <testcase classname="bearerTokenGenerate.TestsBearerTokenGenerate" name="testOrderFlowGenerateToken" time="3.441"/>
  <testcase classname="orderFlowPositive.TestsOrderFlowPositive" name="testOrderFlowPositiveInventoryDetailsBeforeCreateOrder" time="1.969"/>
  <testcase classname="orderFlowPositive.TestsOrderFlowPositive" name="testOrderFlowPositivecreateOrder" time="1.258"/>
  <testcase classname="orderFlowPositive.TestsOrderFlowPositive" name="testOrderFlowPositiveInventoryDetailsAfterCreateOrder" time="0.305"/>
  <testcase classname="orderFlowPositive.TestsOrderFlowPositive" name="testOrderFlowPositiveBatchAssign" time="0.411"/>
  <testcase classname="orderFlowPositive.TestsOrderFlowPositive" name="testOrderFlowPositiveInventoryDetailsAfterBatchAssign" time="0.247"/>
  <testcase classname="orderFlowPositive.TestsOrderFlowPositive" name="testOrderFlowPositiveMarkPacked" time="0.203"/>
  <testcase classname="orderFlowPositive.TestsOrderFlowPositive" name="testOrderFlowPositiveInventoryDetailsAfterMarkPacked" time="0.207"/>
  <testcase classname="orderFlowPositive.TestsOrderFlowPositive" name="testOrderFlowPositiveCreateShipment" time="0.642"/>
  <testcase classname="orderFlowPositive.TestsOrderFlowPositive" name="testOrderFlowPositiveInventoryDetailsAfterCreateShipment" time="0.186"/>
  <testcase classname="orderFlowPositive.TestsOrderFlowPositive" name="testOrderFlowPositiveDispatch" time="0.311"/>
  <testcase classname="orderFlowPositive.TestsOrderFlowPositive" name="testOrderFlowPositiveInventoryDetailsAfterDispatch" time="0.198"/>
  <testcase classname="orderFlowPositive.TestsOrderFlowPositive" name="testOrderFlowPositiveInvoiceNumber" time="0.157"/>
  <testcase classname="orderFlowPositive.TestsOrderFlowPositive" name="testOrderFlowPositiveInventoryDetailsAfterInvoiceNumber" time="0.223"/>
  <testcase classname="orderFlowPositive.TestsOrderFlowPositive" name="testOrderFlowPositiveDeliver" time="0.145"/>
  <testcase classname="orderFlowPositive.TestsOrderFlowPositive" name="testOrderFlowPositiveInventoryDetailsAfterDeliver" time="0.221"/>
  <testcase classname="orderFlowPositive.TestsOrderFlowPositive" name="testOrderFlowPositiveActionCompleteQC" time="0.473"/>
  <testcase classname="orderFlowPositive.TestsOrderFlowPositive" name="testOrderFlowPositiveInventoryDetailsAfterActionCompleteQC" time="0.17"/>
  <testcase classname="orderFlowPositive.TestsOrderFlowPositive" name="testOrderFlowPositiveAcceptItemQC" time="0.144"/>
  <testcase classname="orderFlowPositive.TestsOrderFlowPositive" name="testOrderFlowPositiveInventoryDetailsAfterAcceptItemQC" time="0.184"/>
  <testcase classname="orderFlowPositive.TestsOrderFlowPositive" name="testOrderFlowPositiveCompleteQC" time="0.154"/>
  <testcase classname="orderFlowPositive.TestsOrderFlowPositive" name="testOrderFlowPositiveInventoryDetailsAfterCompleteQC" time="0.185"/>
  <testcase classname="orderFlowPositive.TestsOrderFlowPositive" name="testOrderFlowPositiveInventorySettlement" time="0.376"/>
  <testcase classname="orderFlowPositive.TestsOrderFlowPositive" name="testOrderFlowPositiveInventoryDetailsAfterInventorySettlement" time="0.172"/>
  <testcase classname="orderFlowNegative.TestsOrderFlowNegative" name="testOrderFlowNegativeInventoryDetailsBeforeCreateOrder" time="0.194"/>
  <testcase classname="orderFlowNegative.TestsOrderFlowNegative" name="testOrderFlowNegativecreateOrder" time="0.202"/>
  <testcase classname="orderFlowNegative.TestsOrderFlowNegative" name="testOrderFlowNegativeInventoryDetailsAfterCreateOrder" time="0.195"/>
  <testcase classname="orderFlowNegative.TestsOrderFlowNegative" name="testOrderFlowNegativeBatchAssign" time="0.179"/>
  <testcase classname="orderFlowNegative.TestsOrderFlowNegative" name="testOrderFlowNegativeInventoryDetailsAfterBatchAssign" time="0.158"/>
  <testcase classname="orderFlowNegative.TestsOrderFlowNegative" name="testOrderFlowNegativeMarkPacked" time="0.122"/>
  <testcase classname="orderFlowNegative.TestsOrderFlowNegative" name="testOrderFlowNegativeInventoryDetailsAfterMarkPacked" time="0.191"/>
  <testcase classname="orderFlowNegative.TestsOrderFlowNegative" name="testOrderFlowNegativeCreateShipment" time="0.185"/>
  <testcase classname="orderFlowNegative.TestsOrderFlowNegative" name="testOrderFlowNegativeInventoryDetailsAfterCreateShipment" time="0.185"/>
  <testcase classname="orderFlowNegative.TestsOrderFlowNegative" name="testOrderFlowNegativeDispatch" time="0.184"/>
  <testcase classname="orderFlowNegative.TestsOrderFlowNegative" name="testOrderFlowNegativeInventoryDetailsAfterDispatch" time="0.185"/>
  <testcase classname="orderFlowNegative.TestsOrderFlowNegative" name="testOrderFlowNegativeInvoiceNumber" time="0.144"/>
  <testcase classname="orderFlowNegative.TestsOrderFlowNegative" name="testOrderFlowNegativeInventoryDetailsAfterInvoiceNumber" time="0.181"/>
  <testcase classname="orderFlowNegative.TestsOrderFlowNegative" name="testOrderFlowNegativeDeliver" time="0.132"/>
  <testcase classname="orderFlowNegative.TestsOrderFlowNegative" name="testOrderFlowNegativeInventoryDetailsAfterDeliver" time="0.184"/>
  <testcase classname="orderFlowNegative.TestsOrderFlowNegative" name="testOrderFlowNegativeActionCompleteQC" time="0.139"/>
  <testcase classname="orderFlowNegative.TestsOrderFlowNegative" name="testOrderFlowNegativeInventoryDetailsAfterActionCompleteQC" time="0.205"/>
  <testcase classname="orderFlowNegative.TestsOrderFlowNegative" name="testOrderFlowNegativeRejectItemQC" time="0.162"/>
  <testcase classname="orderFlowNegative.TestsOrderFlowNegative" name="testOrderFlowNegativeInventoryDetailsAfterRejectItemQC" time="0.167"/>
  <testcase classname="orderFlowNegative.TestsOrderFlowNegative" name="testOrderFlowNegativeCompleteQC" time="0.126"/>
  <testcase classname="orderFlowNegative.TestsOrderFlowNegative" name="testOrderFlowNegativeInventoryDetailsAfterCompleteQC" time="0.176"/>
  <testcase classname="orderFlowNegative.TestsOrderFlowNegative" name="testOrderFlowNegativeInventorySettlement" time="0.161"/>
  <testcase classname="orderFlowNegative.TestsOrderFlowNegative" name="testOrderFlowNegativeInventoryDetailsAfterInventorySettlement" time="0.16"/>
  <testcase classname="orderFlowNegative.TestsOrderFlowNegative" name="testOrderFlowNegativeOrderIdReturn" time="0.102"/>
  <testcase classname="orderFlowNegative.TestsOrderFlowNegative" name="testOrderFlowNegativeInventoryAfterDetailsOrderIdReturn" time="0.143"/>
  <testcase classname="orderFlowNegative.TestsOrderFlowNegative" name="testOrderFlowNegativeActionCompleteQCReturn" time="0.111"/>
  <testcase classname="orderFlowNegative.TestsOrderFlowNegative" name="testOrderFlowNegativeInventoryDetailsAfterActionCompleteQCReturn" time="0.149"/>
  <testcase classname="orderFlowNegative.TestsOrderFlowNegative" name="testOrderFlowNegativeAcceptItemQCReturn" time="0.122"/>
  <testcase classname="orderFlowNegative.TestsOrderFlowNegative" name="testOrderFlowNegativeInventoryDetailsAfterAcceptItemQCReturn" time="0.149"/>
  <testcase classname="orderFlowNegative.TestsOrderFlowNegative" name="testOrderFlowNegativeCompleteQCReturn" time="0.119"/>
  <testcase classname="orderFlowNegative.TestsOrderFlowNegative" name="testOrderFlowNegativeInventoryDetailsAfterCompleteQCReturn" time="0.174"/>
  <testcase classname="orderFlowNegative.TestsOrderFlowNegative" name="testOrderFlowNegativeInventorySettlementReturn" time="0.161"/>
  <testcase classname="orderFlowNegative.TestsOrderFlowNegative" name="testOrderFlowNegativeInventoryDetailsAfterInventorySettlementReturn" time="0.171"/>
  <testcase classname="orderCancelCreateOrder.TestsOrderCancelCreateOrder" name="testOrderCancelCreateOrderInventoryDetailsBeforeCreateOrder" time="0.181"/>
  <testcase classname="orderCancelCreateOrder.TestsOrderCancelCreateOrder" name="testOrderCancelCreateOrderCreateOrder" time="0.395"/>
  <testcase classname="orderCancelCreateOrder.TestsOrderCancelCreateOrder" name="testOrderCancelCreateOrderInventoryDetailsAfterCreateOrder" time="0.186"/>
  <testcase classname="orderCancelCreateOrder.TestsOrderCancelCreateOrder" name="testOrderCancelCreateOrderCancelOrder" time="0.154"/>
  <testcase classname="orderCancelCreateOrder.TestsOrderCancelCreateOrder" name="testOrderCancelCreateOrderInventoryDetailsAfterCancelOrder" time="0.166"/>
  <testcase classname="orderUpdateDispatch.TestsOrderUpdateDispatch" name="testOrderUpdateDispatchInventoryDetailsBeforeCreateOrder" time="0.151"/>
  <testcase classname="orderUpdateDispatch.TestsOrderUpdateDispatch" name="testOrderUpdateDispatchCreateOrder" time="0.226"/>
  <testcase classname="orderUpdateDispatch.TestsOrderUpdateDispatch" name="testOrderUpdateDispatchInventoryDetailsAfterCreateOrder" time="0.152"/>
  <testcase classname="orderUpdateDispatch.TestsOrderUpdateDispatch" name="testOrderUpdateDispatchBatchAssign" time="0.138"/>
  <testcase classname="orderUpdateDispatch.TestsOrderUpdateDispatch" name="testOrderUpdateDispatchInventoryDetailsAfterBatchAssign" time="0.171"/>
  <testcase classname="orderUpdateDispatch.TestsOrderUpdateDispatch" name="testOrderUpdateDispatchMarkPacked" time="0.141"/>
  <testcase classname="orderUpdateDispatch.TestsOrderUpdateDispatch" name="testOrderUpdateDispatchInventoryDetailsAfterMarkPacked" time="0.15"/>
  <testcase classname="orderUpdateDispatch.TestsOrderUpdateDispatch" name="testOrderUpdateDispatchCreateShipment" time="0.149"/>
  <testcase classname="orderUpdateDispatch.TestsOrderUpdateDispatch" name="testOrderUpdateDispatchInventoryDetailsAfterCreateShipment" time="0.144"/>
  <testcase classname="orderUpdateDispatch.TestsOrderUpdateDispatch" name="testOrderUpdateDispatchDispatch" time="0.147"/>
  <testcase classname="orderUpdateDispatch.TestsOrderUpdateDispatch" name="testOrderUpdateDispatchInventoryDetailsAfterDispatch" time="0.153"/>
  <testcase classname="orderUpdateDispatch.TestsOrderUpdateDispatch" name="testOrderUpdateDispatchUpdateOrder" time="0.395"/>
  <testcase classname="orderUpdateDispatch.TestsOrderUpdateDispatch" name="testOrderUpdateDispatchInventoryDetailsAfterUpdateOrder" time="0.157">
    <failure type="java.lang.AssertionError" message="The following asserts failed:
	Pending Stock value Before Create Order is: 27, New Ordered Quantity is: 7, Expected Pending Stock value (Pending Stock Value Before Updating Order + New Ordered Quantity) After Update Order is: 34, But Actual Pending Stock value After Update Order is: 32. Incorrect,
	Expected Intransient Stock value (Intransient Stock value After Update Order = Intransient Stock value Before Create Order) After Update Order is: 22 But Actual Intransient Stock value After Update Order is: 24. Incorrect,
	Expected Available Stock value (Available Stock value After Update Order = Available Stock value Before Create Order) After Update Order is: 99976 But Actual Available Stock value After Update Order is: 99974. Incorrect">
      <![CDATA[java.lang.AssertionError: The following asserts failed:
Pending Stock value Before Create Order is: 27, New Ordered Quantity is: 7, Expected Pending Stock value (Pending Stock Value Before Updating Order + New Ordered Quantity) After Update Order is: 34, But Actual Pending Stock value After Update Order is: 32. Incorrect,
Expected Intransient Stock value (Intransient Stock value After Update Order = Intransient Stock value Before Create Order) After Update Order is: 22 But Actual Intransient Stock value After Update Order is: 24. Incorrect,
Expected Available Stock value (Available Stock value After Update Order = Available Stock value Before Create Order) After Update Order is: 99976 But Actual Available Stock value After Update Order is: 99974. Incorrect
at orderUpdateDispatch.TestsOrderUpdateDispatch.testOrderUpdateDispatchInventoryDetailsAfterUpdateOrder(TestsOrderUpdateDispatch.java:543)
at java.base/java.util.ArrayList.forEach(ArrayList.java:1597)
... Removed 27 stack frames]]>
    </failure>
  </testcase> <!-- testOrderUpdateDispatchInventoryDetailsAfterUpdateOrder -->
</testsuite> <!-- Test -->
