<?xml version="1.0" encoding="UTF-8"?>
<!-- Generated by org.testng.reporters.JUnitXMLReporter -->
<testsuite ignored="0" hostname="Admins-MacBook-Pro.local" failures="1" tests="75" name="Test" time="26.794" errors="0" timestamp="2025-01-03T15:39:44 IST">
  <testcase classname="bearerTokenGenerate.TestsBearerTokenGenerate" name="testOrderFlowGenerateToken" time="3.348"/>
  <testcase classname="orderFlowPositive.TestsOrderFlowPositive" name="testOrderFlowPositiveInventoryDetailsBeforeCreateOrder" time="1.048"/>
  <testcase classname="orderFlowPositive.TestsOrderFlowPositive" name="testOrderFlowPositivecreateOrder" time="4.109"/>
  <testcase classname="orderFlowPositive.TestsOrderFlowPositive" name="testOrderFlowPositiveInventoryDetailsAfterCreateOrder" time="0.235"/>
  <testcase classname="orderFlowPositive.TestsOrderFlowPositive" name="testOrderFlowPositiveBatchAssign" time="0.42"/>
  <testcase classname="orderFlowPositive.TestsOrderFlowPositive" name="testOrderFlowPositiveInventoryDetailsAfterBatchAssign" time="0.213"/>
  <testcase classname="orderFlowPositive.TestsOrderFlowPositive" name="testOrderFlowPositiveMarkPacked" time="0.291"/>
  <testcase classname="orderFlowPositive.TestsOrderFlowPositive" name="testOrderFlowPositiveInventoryDetailsAfterMarkPacked" time="0.184"/>
  <testcase classname="orderFlowPositive.TestsOrderFlowPositive" name="testOrderFlowPositiveCreateShipment" time="0.884"/>
  <testcase classname="orderFlowPositive.TestsOrderFlowPositive" name="testOrderFlowPositiveInventoryDetailsAfterCreateShipment" time="0.18"/>
  <testcase classname="orderFlowPositive.TestsOrderFlowPositive" name="testOrderFlowPositiveDispatch" time="0.525"/>
  <testcase classname="orderFlowPositive.TestsOrderFlowPositive" name="testOrderFlowPositiveInventoryDetailsAfterDispatch" time="0.183"/>
  <testcase classname="orderFlowPositive.TestsOrderFlowPositive" name="testOrderFlowPositiveInvoiceNumber" time="0.338"/>
  <testcase classname="orderFlowPositive.TestsOrderFlowPositive" name="testOrderFlowPositiveInventoryDetailsAfterInvoiceNumber" time="0.206"/>
  <testcase classname="orderFlowPositive.TestsOrderFlowPositive" name="testOrderFlowPositiveDeliver" time="0.246"/>
  <testcase classname="orderFlowPositive.TestsOrderFlowPositive" name="testOrderFlowPositiveInventoryDetailsAfterDeliver" time="0.195"/>
  <testcase classname="orderFlowPositive.TestsOrderFlowPositive" name="testOrderFlowPositiveActionCompleteQC" time="0.763"/>
  <testcase classname="orderFlowPositive.TestsOrderFlowPositive" name="testOrderFlowPositiveInventoryDetailsAfterActionCompleteQC" time="0.175"/>
  <testcase classname="orderFlowPositive.TestsOrderFlowPositive" name="testOrderFlowPositiveAcceptItemQC" time="0.229"/>
  <testcase classname="orderFlowPositive.TestsOrderFlowPositive" name="testOrderFlowPositiveInventoryDetailsAfterAcceptItemQC" time="0.166"/>
  <testcase classname="orderFlowPositive.TestsOrderFlowPositive" name="testOrderFlowPositiveCompleteQC" time="0.349"/>
  <testcase classname="orderFlowPositive.TestsOrderFlowPositive" name="testOrderFlowPositiveInventoryDetailsAfterCompleteQC" time="0.162"/>
  <testcase classname="orderFlowPositive.TestsOrderFlowPositive" name="testOrderFlowPositiveInventorySettlement" time="0.442"/>
  <testcase classname="orderFlowPositive.TestsOrderFlowPositive" name="testOrderFlowPositiveInventoryDetailsAfterInventorySettlement" time="0.193"/>
  <testcase classname="orderFlowNegative.TestsOrderFlowNegative" name="testOrderFlowNegativeInventoryDetailsBeforeCreateOrder" time="0.176"/>
  <testcase classname="orderFlowNegative.TestsOrderFlowNegative" name="testOrderFlowNegativecreateOrder" time="0.246"/>
  <testcase classname="orderFlowNegative.TestsOrderFlowNegative" name="testOrderFlowNegativeInventoryDetailsAfterCreateOrder" time="0.181"/>
  <testcase classname="orderFlowNegative.TestsOrderFlowNegative" name="testOrderFlowNegativeBatchAssign" time="0.232"/>
  <testcase classname="orderFlowNegative.TestsOrderFlowNegative" name="testOrderFlowNegativeInventoryDetailsAfterBatchAssign" time="0.154"/>
  <testcase classname="orderFlowNegative.TestsOrderFlowNegative" name="testOrderFlowNegativeMarkPacked" time="0.348"/>
  <testcase classname="orderFlowNegative.TestsOrderFlowNegative" name="testOrderFlowNegativeInventoryDetailsAfterMarkPacked" time="0.157"/>
  <testcase classname="orderFlowNegative.TestsOrderFlowNegative" name="testOrderFlowNegativeCreateShipment" time="0.462"/>
  <testcase classname="orderFlowNegative.TestsOrderFlowNegative" name="testOrderFlowNegativeInventoryDetailsAfterCreateShipment" time="0.16"/>
  <testcase classname="orderFlowNegative.TestsOrderFlowNegative" name="testOrderFlowNegativeDispatch" time="0.445"/>
  <testcase classname="orderFlowNegative.TestsOrderFlowNegative" name="testOrderFlowNegativeInventoryDetailsAfterDispatch" time="0.182"/>
  <testcase classname="orderFlowNegative.TestsOrderFlowNegative" name="testOrderFlowNegativeInvoiceNumber" time="0.439"/>
  <testcase classname="orderFlowNegative.TestsOrderFlowNegative" name="testOrderFlowNegativeInventoryDetailsAfterInvoiceNumber" time="0.149"/>
  <testcase classname="orderFlowNegative.TestsOrderFlowNegative" name="testOrderFlowNegativeDeliver" time="0.254"/>
  <testcase classname="orderFlowNegative.TestsOrderFlowNegative" name="testOrderFlowNegativeInventoryDetailsAfterDeliver" time="0.207"/>
  <testcase classname="orderFlowNegative.TestsOrderFlowNegative" name="testOrderFlowNegativeActionCompleteQC" time="0.117"/>
  <testcase classname="orderFlowNegative.TestsOrderFlowNegative" name="testOrderFlowNegativeInventoryDetailsAfterActionCompleteQC" time="0.148"/>
  <testcase classname="orderFlowNegative.TestsOrderFlowNegative" name="testOrderFlowNegativeRejectItemQC" time="0.232"/>
  <testcase classname="orderFlowNegative.TestsOrderFlowNegative" name="testOrderFlowNegativeInventoryDetailsAfterRejectItemQC" time="0.151"/>
  <testcase classname="orderFlowNegative.TestsOrderFlowNegative" name="testOrderFlowNegativeCompleteQC" time="0.125"/>
  <testcase classname="orderFlowNegative.TestsOrderFlowNegative" name="testOrderFlowNegativeInventoryDetailsAfterCompleteQC" time="0.149"/>
  <testcase classname="orderFlowNegative.TestsOrderFlowNegative" name="testOrderFlowNegativeInventorySettlement" time="0.284"/>
  <testcase classname="orderFlowNegative.TestsOrderFlowNegative" name="testOrderFlowNegativeInventoryDetailsAfterInventorySettlement" time="0.164"/>
  <testcase classname="orderFlowNegative.TestsOrderFlowNegative" name="testOrderFlowNegativeOrderIdReturn" time="0.654"/>
  <testcase classname="orderFlowNegative.TestsOrderFlowNegative" name="testOrderFlowNegativeInventoryAfterDetailsOrderIdReturn" time="0.144"/>
  <testcase classname="orderFlowNegative.TestsOrderFlowNegative" name="testOrderFlowNegativeActionCompleteQCReturn" time="0.119"/>
  <testcase classname="orderFlowNegative.TestsOrderFlowNegative" name="testOrderFlowNegativeInventoryDetailsAfterActionCompleteQCReturn" time="0.21"/>
  <testcase classname="orderFlowNegative.TestsOrderFlowNegative" name="testOrderFlowNegativeAcceptItemQCReturn" time="0.111"/>
  <testcase classname="orderFlowNegative.TestsOrderFlowNegative" name="testOrderFlowNegativeInventoryDetailsAfterAcceptItemQCReturn" time="0.137"/>
  <testcase classname="orderFlowNegative.TestsOrderFlowNegative" name="testOrderFlowNegativeCompleteQCReturn" time="0.172"/>
  <testcase classname="orderFlowNegative.TestsOrderFlowNegative" name="testOrderFlowNegativeInventoryDetailsAfterCompleteQCReturn" time="0.165"/>
  <testcase classname="orderFlowNegative.TestsOrderFlowNegative" name="testOrderFlowNegativeInventorySettlementReturn" time="0.265"/>
  <testcase classname="orderFlowNegative.TestsOrderFlowNegative" name="testOrderFlowNegativeInventoryDetailsAfterInventorySettlementReturn" time="0.138"/>
  <testcase classname="orderCancelCreateOrder.TestsOrderCancelCreateOrder" name="testOrderCancelCreateOrderInventoryDetailsBeforeCreateOrder" time="0.157"/>
  <testcase classname="orderCancelCreateOrder.TestsOrderCancelCreateOrder" name="testOrderCancelCreateOrderCreateOrder" time="0.436"/>
  <testcase classname="orderCancelCreateOrder.TestsOrderCancelCreateOrder" name="testOrderCancelCreateOrderInventoryDetailsAfterCreateOrder" time="0.165"/>
  <testcase classname="orderCancelCreateOrder.TestsOrderCancelCreateOrder" name="testOrderCancelCreateOrderCancelOrder" time="0.144"/>
  <testcase classname="orderCancelCreateOrder.TestsOrderCancelCreateOrder" name="testOrderCancelCreateOrderInventoryDetailsAfterCancelOrder" time="0.15"/>
  <testcase classname="orderUpdateDispatch.TestsOrderUpdateDispatch" name="testOrderUpdateDispatchInventoryDetailsBeforeCreateOrder" time="0.143"/>
  <testcase classname="orderUpdateDispatch.TestsOrderUpdateDispatch" name="testOrderUpdateDispatchCreateOrder" time="0.31"/>
  <testcase classname="orderUpdateDispatch.TestsOrderUpdateDispatch" name="testOrderUpdateDispatchInventoryDetailsAfterCreateOrder" time="0.143"/>
  <testcase classname="orderUpdateDispatch.TestsOrderUpdateDispatch" name="testOrderUpdateDispatchBatchAssign" time="0.136"/>
  <testcase classname="orderUpdateDispatch.TestsOrderUpdateDispatch" name="testOrderUpdateDispatchInventoryDetailsAfterBatchAssign" time="0.162"/>
  <testcase classname="orderUpdateDispatch.TestsOrderUpdateDispatch" name="testOrderUpdateDispatchMarkPacked" time="0.264"/>
  <testcase classname="orderUpdateDispatch.TestsOrderUpdateDispatch" name="testOrderUpdateDispatchInventoryDetailsAfterMarkPacked" time="0.143"/>
  <testcase classname="orderUpdateDispatch.TestsOrderUpdateDispatch" name="testOrderUpdateDispatchCreateShipment" time="0.154"/>
  <testcase classname="orderUpdateDispatch.TestsOrderUpdateDispatch" name="testOrderUpdateDispatchInventoryDetailsAfterCreateShipment" time="0.146"/>
  <testcase classname="orderUpdateDispatch.TestsOrderUpdateDispatch" name="testOrderUpdateDispatchDispatch" time="0.362"/>
  <testcase classname="orderUpdateDispatch.TestsOrderUpdateDispatch" name="testOrderUpdateDispatchInventoryDetailsAfterDispatch" time="0.148"/>
  <testcase classname="orderUpdateDispatch.TestsOrderUpdateDispatch" name="testOrderUpdateDispatchUpdateOrder" time="0.635"/>
  <testcase classname="orderUpdateDispatch.TestsOrderUpdateDispatch" name="testOrderUpdateDispatchInventoryDetailsAfterUpdateOrder" time="0.186">
    <failure type="java.lang.AssertionError" message="The following asserts failed:
	Pending Stock value Before Create Order is: 39, New Ordered Quantity is: 7, Expected Pending Stock value (Pending Stock Value Before Updating Order + New Ordered Quantity) After Update Order is: 46, But Actual Pending Stock value After Update Order is: 44. Incorrect,
	Expected Intransient Stock value (Intransient Stock value After Update Order = Intransient Stock value Before Create Order) After Update Order is: 31 But Actual Intransient Stock value After Update Order is: 33. Incorrect,
	Expected Available Stock value (Available Stock value After Update Order = Available Stock value Before Create Order) After Update Order is: 99967 But Actual Available Stock value After Update Order is: 99965. Incorrect">
      <![CDATA[java.lang.AssertionError: The following asserts failed:
Pending Stock value Before Create Order is: 39, New Ordered Quantity is: 7, Expected Pending Stock value (Pending Stock Value Before Updating Order + New Ordered Quantity) After Update Order is: 46, But Actual Pending Stock value After Update Order is: 44. Incorrect,
Expected Intransient Stock value (Intransient Stock value After Update Order = Intransient Stock value Before Create Order) After Update Order is: 31 But Actual Intransient Stock value After Update Order is: 33. Incorrect,
Expected Available Stock value (Available Stock value After Update Order = Available Stock value Before Create Order) After Update Order is: 99967 But Actual Available Stock value After Update Order is: 99965. Incorrect
at orderUpdateDispatch.TestsOrderUpdateDispatch.testOrderUpdateDispatchInventoryDetailsAfterUpdateOrder(TestsOrderUpdateDispatch.java:543)
at java.base/java.util.ArrayList.forEach(ArrayList.java:1597)
... Removed 31 stack frames]]>
    </failure>
  </testcase> <!-- testOrderUpdateDispatchInventoryDetailsAfterUpdateOrder -->
</testsuite> <!-- Test -->
