<?xml version="1.0" encoding="UTF-8"?>
<!-- Generated by org.testng.reporters.JUnitXMLReporter -->
<testsuite ignored="0" hostname="Admins-MacBook-Pro.local" failures="3" tests="75" name="Test" time="22.001" errors="0" timestamp="2025-01-03T17:41:58 IST">
  <testcase classname="bearerTokenGenerate.TestsBearerTokenGenerate" name="testOrderFlowGenerateToken" time="3.379"/>
  <testcase classname="orderFlowPositive.TestsOrderFlowPositive" name="testOrderFlowPositiveInventoryDetailsBeforeCreateOrder" time="0.384"/>
  <testcase classname="orderFlowPositive.TestsOrderFlowPositive" name="testOrderFlowPositivecreateOrder" time="1.335"/>
  <testcase classname="orderFlowPositive.TestsOrderFlowPositive" name="testOrderFlowPositiveInventoryDetailsAfterCreateOrder" time="0.228"/>
  <testcase classname="orderFlowPositive.TestsOrderFlowPositive" name="testOrderFlowPositiveBatchAssign" time="0.359"/>
  <testcase classname="orderFlowPositive.TestsOrderFlowPositive" name="testOrderFlowPositiveInventoryDetailsAfterBatchAssign" time="0.201"/>
  <testcase classname="orderFlowPositive.TestsOrderFlowPositive" name="testOrderFlowPositiveMarkPacked" time="0.447"/>
  <testcase classname="orderFlowPositive.TestsOrderFlowPositive" name="testOrderFlowPositiveInventoryDetailsAfterMarkPacked" time="0.171"/>
  <testcase classname="orderFlowPositive.TestsOrderFlowPositive" name="testOrderFlowPositiveCreateShipment" time="0.907"/>
  <testcase classname="orderFlowPositive.TestsOrderFlowPositive" name="testOrderFlowPositiveInventoryDetailsAfterCreateShipment" time="0.194"/>
  <testcase classname="orderFlowPositive.TestsOrderFlowPositive" name="testOrderFlowPositiveDispatch" time="0.729"/>
  <testcase classname="orderFlowPositive.TestsOrderFlowPositive" name="testOrderFlowPositiveInventoryDetailsAfterDispatch" time="1.618"/>
  <testcase classname="orderFlowPositive.TestsOrderFlowPositive" name="testOrderFlowPositiveInvoiceNumber" time="0.77"/>
  <testcase classname="orderFlowPositive.TestsOrderFlowPositive" name="testOrderFlowPositiveInventoryDetailsAfterInvoiceNumber" time="0.199"/>
  <testcase classname="orderFlowPositive.TestsOrderFlowPositive" name="testOrderFlowPositiveDeliver" time="0.093">
    <failure type="java.lang.AssertionError" message="Test failed due to unexpected status code: 400">
      <![CDATA[java.lang.AssertionError: Test failed due to unexpected status code: 400
at allCommonData.TestHelper.validateStatusCode(TestHelper.java:21)
at orderFlowPositive.TestsOrderFlowPositive.testOrderFlowPositiveDeliver(TestsOrderFlowPositive.java:565)
at java.base/java.util.ArrayList.forEach(ArrayList.java:1597)
... Removed 30 stack frames]]>
    </failure>
  </testcase> <!-- testOrderFlowPositiveDeliver -->
  <testcase classname="orderFlowPositive.TestsOrderFlowPositive" name="testOrderFlowPositiveInventoryDetailsAfterDeliver" time="0.0">
    <skipped/>
  </testcase> <!-- testOrderFlowPositiveInventoryDetailsAfterDeliver -->
  <testcase classname="orderFlowPositive.TestsOrderFlowPositive" name="testOrderFlowPositiveActionCompleteQC" time="0.0">
    <skipped/>
  </testcase> <!-- testOrderFlowPositiveActionCompleteQC -->
  <testcase classname="orderFlowPositive.TestsOrderFlowPositive" name="testOrderFlowPositiveInventoryDetailsAfterActionCompleteQC" time="0.0">
    <skipped/>
  </testcase> <!-- testOrderFlowPositiveInventoryDetailsAfterActionCompleteQC -->
  <testcase classname="orderFlowPositive.TestsOrderFlowPositive" name="testOrderFlowPositiveAcceptItemQC" time="0.0">
    <skipped/>
  </testcase> <!-- testOrderFlowPositiveAcceptItemQC -->
  <testcase classname="orderFlowPositive.TestsOrderFlowPositive" name="testOrderFlowPositiveInventoryDetailsAfterAcceptItemQC" time="0.0">
    <skipped/>
  </testcase> <!-- testOrderFlowPositiveInventoryDetailsAfterAcceptItemQC -->
  <testcase classname="orderFlowPositive.TestsOrderFlowPositive" name="testOrderFlowPositiveCompleteQC" time="0.0">
    <skipped/>
  </testcase> <!-- testOrderFlowPositiveCompleteQC -->
  <testcase classname="orderFlowPositive.TestsOrderFlowPositive" name="testOrderFlowPositiveInventoryDetailsAfterCompleteQC" time="0.0">
    <skipped/>
  </testcase> <!-- testOrderFlowPositiveInventoryDetailsAfterCompleteQC -->
  <testcase classname="orderFlowPositive.TestsOrderFlowPositive" name="testOrderFlowPositiveInventorySettlement" time="0.0">
    <skipped/>
  </testcase> <!-- testOrderFlowPositiveInventorySettlement -->
  <testcase classname="orderFlowPositive.TestsOrderFlowPositive" name="testOrderFlowPositiveInventoryDetailsAfterInventorySettlement" time="0.0">
    <skipped/>
  </testcase> <!-- testOrderFlowPositiveInventoryDetailsAfterInventorySettlement -->
  <testcase classname="orderFlowNegative.TestsOrderFlowNegative" name="testOrderFlowNegativeInventoryDetailsBeforeCreateOrder" time="0.172"/>
  <testcase classname="orderFlowNegative.TestsOrderFlowNegative" name="testOrderFlowNegativecreateOrder" time="0.481"/>
  <testcase classname="orderFlowNegative.TestsOrderFlowNegative" name="testOrderFlowNegativeInventoryDetailsAfterCreateOrder" time="0.175"/>
  <testcase classname="orderFlowNegative.TestsOrderFlowNegative" name="testOrderFlowNegativeBatchAssign" time="0.537"/>
  <testcase classname="orderFlowNegative.TestsOrderFlowNegative" name="testOrderFlowNegativeInventoryDetailsAfterBatchAssign" time="0.156"/>
  <testcase classname="orderFlowNegative.TestsOrderFlowNegative" name="testOrderFlowNegativeMarkPacked" time="0.181"/>
  <testcase classname="orderFlowNegative.TestsOrderFlowNegative" name="testOrderFlowNegativeInventoryDetailsAfterMarkPacked" time="0.186"/>
  <testcase classname="orderFlowNegative.TestsOrderFlowNegative" name="testOrderFlowNegativeCreateShipment" time="0.486"/>
  <testcase classname="orderFlowNegative.TestsOrderFlowNegative" name="testOrderFlowNegativeInventoryDetailsAfterCreateShipment" time="0.151"/>
  <testcase classname="orderFlowNegative.TestsOrderFlowNegative" name="testOrderFlowNegativeDispatch" time="0.465"/>
  <testcase classname="orderFlowNegative.TestsOrderFlowNegative" name="testOrderFlowNegativeInventoryDetailsAfterDispatch" time="0.168"/>
  <testcase classname="orderFlowNegative.TestsOrderFlowNegative" name="testOrderFlowNegativeInvoiceNumber" time="0.208"/>
  <testcase classname="orderFlowNegative.TestsOrderFlowNegative" name="testOrderFlowNegativeInventoryDetailsAfterInvoiceNumber" time="0.19"/>
  <testcase classname="orderFlowNegative.TestsOrderFlowNegative" name="testOrderFlowNegativeDeliver" time="0.086">
    <failure type="java.lang.AssertionError" message="Test failed due to unexpected status code: 400">
      <![CDATA[java.lang.AssertionError: Test failed due to unexpected status code: 400
at allCommonData.TestHelper.validateStatusCode(TestHelper.java:21)
at orderFlowNegative.TestsOrderFlowNegative.testOrderFlowNegativeDeliver(TestsOrderFlowNegative.java:550)
at java.base/java.util.ArrayList.forEach(ArrayList.java:1597)
... Removed 30 stack frames]]>
    </failure>
  </testcase> <!-- testOrderFlowNegativeDeliver -->
  <testcase classname="orderFlowNegative.TestsOrderFlowNegative" name="testOrderFlowNegativeInventoryDetailsAfterDeliver" time="0.0">
    <skipped/>
  </testcase> <!-- testOrderFlowNegativeInventoryDetailsAfterDeliver -->
  <testcase classname="orderFlowNegative.TestsOrderFlowNegative" name="testOrderFlowNegativeActionCompleteQC" time="0.0">
    <skipped/>
  </testcase> <!-- testOrderFlowNegativeActionCompleteQC -->
  <testcase classname="orderFlowNegative.TestsOrderFlowNegative" name="testOrderFlowNegativeInventoryDetailsAfterActionCompleteQC" time="0.001">
    <skipped/>
  </testcase> <!-- testOrderFlowNegativeInventoryDetailsAfterActionCompleteQC -->
  <testcase classname="orderFlowNegative.TestsOrderFlowNegative" name="testOrderFlowNegativeRejectItemQC" time="0.0">
    <skipped/>
  </testcase> <!-- testOrderFlowNegativeRejectItemQC -->
  <testcase classname="orderFlowNegative.TestsOrderFlowNegative" name="testOrderFlowNegativeInventoryDetailsAfterRejectItemQC" time="0.0">
    <skipped/>
  </testcase> <!-- testOrderFlowNegativeInventoryDetailsAfterRejectItemQC -->
  <testcase classname="orderFlowNegative.TestsOrderFlowNegative" name="testOrderFlowNegativeCompleteQC" time="0.0">
    <skipped/>
  </testcase> <!-- testOrderFlowNegativeCompleteQC -->
  <testcase classname="orderFlowNegative.TestsOrderFlowNegative" name="testOrderFlowNegativeInventoryDetailsAfterCompleteQC" time="0.0">
    <skipped/>
  </testcase> <!-- testOrderFlowNegativeInventoryDetailsAfterCompleteQC -->
  <testcase classname="orderFlowNegative.TestsOrderFlowNegative" name="testOrderFlowNegativeInventorySettlement" time="0.0">
    <skipped/>
  </testcase> <!-- testOrderFlowNegativeInventorySettlement -->
  <testcase classname="orderFlowNegative.TestsOrderFlowNegative" name="testOrderFlowNegativeInventoryDetailsAfterInventorySettlement" time="0.0">
    <skipped/>
  </testcase> <!-- testOrderFlowNegativeInventoryDetailsAfterInventorySettlement -->
  <testcase classname="orderFlowNegative.TestsOrderFlowNegative" name="testOrderFlowNegativeOrderIdReturn" time="0.0">
    <skipped/>
  </testcase> <!-- testOrderFlowNegativeOrderIdReturn -->
  <testcase classname="orderFlowNegative.TestsOrderFlowNegative" name="testOrderFlowNegativeInventoryAfterDetailsOrderIdReturn" time="0.0">
    <skipped/>
  </testcase> <!-- testOrderFlowNegativeInventoryAfterDetailsOrderIdReturn -->
  <testcase classname="orderFlowNegative.TestsOrderFlowNegative" name="testOrderFlowNegativeActionCompleteQCReturn" time="0.0">
    <skipped/>
  </testcase> <!-- testOrderFlowNegativeActionCompleteQCReturn -->
  <testcase classname="orderFlowNegative.TestsOrderFlowNegative" name="testOrderFlowNegativeInventoryDetailsAfterActionCompleteQCReturn" time="0.0">
    <skipped/>
  </testcase> <!-- testOrderFlowNegativeInventoryDetailsAfterActionCompleteQCReturn -->
  <testcase classname="orderFlowNegative.TestsOrderFlowNegative" name="testOrderFlowNegativeAcceptItemQCReturn" time="0.0">
    <skipped/>
  </testcase> <!-- testOrderFlowNegativeAcceptItemQCReturn -->
  <testcase classname="orderFlowNegative.TestsOrderFlowNegative" name="testOrderFlowNegativeInventoryDetailsAfterAcceptItemQCReturn" time="0.0">
    <skipped/>
  </testcase> <!-- testOrderFlowNegativeInventoryDetailsAfterAcceptItemQCReturn -->
  <testcase classname="orderFlowNegative.TestsOrderFlowNegative" name="testOrderFlowNegativeCompleteQCReturn" time="0.0">
    <skipped/>
  </testcase> <!-- testOrderFlowNegativeCompleteQCReturn -->
  <testcase classname="orderFlowNegative.TestsOrderFlowNegative" name="testOrderFlowNegativeInventoryDetailsAfterCompleteQCReturn" time="0.0">
    <skipped/>
  </testcase> <!-- testOrderFlowNegativeInventoryDetailsAfterCompleteQCReturn -->
  <testcase classname="orderFlowNegative.TestsOrderFlowNegative" name="testOrderFlowNegativeInventorySettlementReturn" time="0.0">
    <skipped/>
  </testcase> <!-- testOrderFlowNegativeInventorySettlementReturn -->
  <testcase classname="orderFlowNegative.TestsOrderFlowNegative" name="testOrderFlowNegativeInventoryDetailsAfterInventorySettlementReturn" time="0.0">
    <skipped/>
  </testcase> <!-- testOrderFlowNegativeInventoryDetailsAfterInventorySettlementReturn -->
  <testcase classname="orderCancelCreateOrder.TestsOrderCancelCreateOrder" name="testOrderCancelCreateOrderInventoryDetailsBeforeCreateOrder" time="0.187"/>
  <testcase classname="orderCancelCreateOrder.TestsOrderCancelCreateOrder" name="testOrderCancelCreateOrderCreateOrder" time="0.559"/>
  <testcase classname="orderCancelCreateOrder.TestsOrderCancelCreateOrder" name="testOrderCancelCreateOrderInventoryDetailsAfterCreateOrder" time="0.334"/>
  <testcase classname="orderCancelCreateOrder.TestsOrderCancelCreateOrder" name="testOrderCancelCreateOrderCancelOrder" time="1.24"/>
  <testcase classname="orderCancelCreateOrder.TestsOrderCancelCreateOrder" name="testOrderCancelCreateOrderInventoryDetailsAfterCancelOrder" time="0.324"/>
  <testcase classname="orderUpdateDispatch.TestsOrderUpdateDispatch" name="testOrderUpdateDispatchInventoryDetailsBeforeCreateOrder" time="0.169"/>
  <testcase classname="orderUpdateDispatch.TestsOrderUpdateDispatch" name="testOrderUpdateDispatchCreateOrder" time="0.383"/>
  <testcase classname="orderUpdateDispatch.TestsOrderUpdateDispatch" name="testOrderUpdateDispatchInventoryDetailsAfterCreateOrder" time="0.148"/>
  <testcase classname="orderUpdateDispatch.TestsOrderUpdateDispatch" name="testOrderUpdateDispatchBatchAssign" time="0.365"/>
  <testcase classname="orderUpdateDispatch.TestsOrderUpdateDispatch" name="testOrderUpdateDispatchInventoryDetailsAfterBatchAssign" time="0.134"/>
  <testcase classname="orderUpdateDispatch.TestsOrderUpdateDispatch" name="testOrderUpdateDispatchMarkPacked" time="0.389"/>
  <testcase classname="orderUpdateDispatch.TestsOrderUpdateDispatch" name="testOrderUpdateDispatchInventoryDetailsAfterMarkPacked" time="0.139"/>
  <testcase classname="orderUpdateDispatch.TestsOrderUpdateDispatch" name="testOrderUpdateDispatchCreateShipment" time="0.357"/>
  <testcase classname="orderUpdateDispatch.TestsOrderUpdateDispatch" name="testOrderUpdateDispatchInventoryDetailsAfterCreateShipment" time="0.151"/>
  <testcase classname="orderUpdateDispatch.TestsOrderUpdateDispatch" name="testOrderUpdateDispatchDispatch" time="0.553"/>
  <testcase classname="orderUpdateDispatch.TestsOrderUpdateDispatch" name="testOrderUpdateDispatchInventoryDetailsAfterDispatch" time="0.174"/>
  <testcase classname="orderUpdateDispatch.TestsOrderUpdateDispatch" name="testOrderUpdateDispatchUpdateOrder" time="0.863"/>
  <testcase classname="orderUpdateDispatch.TestsOrderUpdateDispatch" name="testOrderUpdateDispatchInventoryDetailsAfterUpdateOrder" time="0.383">
    <failure type="java.lang.AssertionError" message="The following asserts failed:
	Pending Stock value Before Create Order is: 49, New Ordered Quantity is: 7, Expected Pending Stock value (Pending Stock Value Before Updating Order + New Ordered Quantity) After Update Order is: 56, But Actual Pending Stock value After Update Order is: 54. Incorrect,
	Expected Intransient Stock value (Intransient Stock value After Update Order = Intransient Stock value Before Create Order) After Update Order is: 35 But Actual Intransient Stock value After Update Order is: 37. Incorrect,
	Expected Available Stock value (Available Stock value After Update Order = Available Stock value Before Create Order) After Update Order is: 99963 But Actual Available Stock value After Update Order is: 99961. Incorrect">
      <![CDATA[java.lang.AssertionError: The following asserts failed:
Pending Stock value Before Create Order is: 49, New Ordered Quantity is: 7, Expected Pending Stock value (Pending Stock Value Before Updating Order + New Ordered Quantity) After Update Order is: 56, But Actual Pending Stock value After Update Order is: 54. Incorrect,
Expected Intransient Stock value (Intransient Stock value After Update Order = Intransient Stock value Before Create Order) After Update Order is: 35 But Actual Intransient Stock value After Update Order is: 37. Incorrect,
Expected Available Stock value (Available Stock value After Update Order = Available Stock value Before Create Order) After Update Order is: 99963 But Actual Available Stock value After Update Order is: 99961. Incorrect
at orderUpdateDispatch.TestsOrderUpdateDispatch.testOrderUpdateDispatchInventoryDetailsAfterUpdateOrder(TestsOrderUpdateDispatch.java:543)
at java.base/java.util.ArrayList.forEach(ArrayList.java:1597)
... Removed 31 stack frames]]>
    </failure>
  </testcase> <!-- testOrderUpdateDispatchInventoryDetailsAfterUpdateOrder -->
</testsuite> <!-- Test -->
