<?xml version="1.0" encoding="UTF-8"?>
<!-- Generated by org.testng.reporters.JUnitXMLReporter -->
<testsuite ignored="0" hostname="Admins-MacBook-Pro.local" failures="3" tests="75" name="Test" time="23.031" errors="0" timestamp="2025-01-06T14:35:06 IST">
  <testcase classname="bearerTokenGenerate.TestsBearerTokenGenerate" name="testOrderFlowGenerateToken" time="2.983"/>
  <testcase classname="orderFlowPositive.TestsOrderFlowPositive" name="testOrderFlowPositiveInventoryDetailsBeforeCreateOrder" time="0.452"/>
  <testcase classname="orderFlowPositive.TestsOrderFlowPositive" name="testOrderFlowPositivecreateOrder" time="1.765"/>
  <testcase classname="orderFlowPositive.TestsOrderFlowPositive" name="testOrderFlowPositiveInventoryDetailsAfterCreateOrder" time="0.439"/>
  <testcase classname="orderFlowPositive.TestsOrderFlowPositive" name="testOrderFlowPositiveBatchAssign" time="0.533"/>
  <testcase classname="orderFlowPositive.TestsOrderFlowPositive" name="testOrderFlowPositiveInventoryDetailsAfterBatchAssign" time="0.218"/>
  <testcase classname="orderFlowPositive.TestsOrderFlowPositive" name="testOrderFlowPositiveMarkPacked" time="0.344"/>
  <testcase classname="orderFlowPositive.TestsOrderFlowPositive" name="testOrderFlowPositiveInventoryDetailsAfterMarkPacked" time="0.188"/>
  <testcase classname="orderFlowPositive.TestsOrderFlowPositive" name="testOrderFlowPositiveCreateShipment" time="1.016"/>
  <testcase classname="orderFlowPositive.TestsOrderFlowPositive" name="testOrderFlowPositiveInventoryDetailsAfterCreateShipment" time="0.238"/>
  <testcase classname="orderFlowPositive.TestsOrderFlowPositive" name="testOrderFlowPositiveDispatch" time="0.573"/>
  <testcase classname="orderFlowPositive.TestsOrderFlowPositive" name="testOrderFlowPositiveInventoryDetailsAfterDispatch" time="0.227"/>
  <testcase classname="orderFlowPositive.TestsOrderFlowPositive" name="testOrderFlowPositiveInvoiceNumber" time="0.488"/>
  <testcase classname="orderFlowPositive.TestsOrderFlowPositive" name="testOrderFlowPositiveInventoryDetailsAfterInvoiceNumber" time="0.201"/>
  <testcase classname="orderFlowPositive.TestsOrderFlowPositive" name="testOrderFlowPositiveDeliver" time="0.093">
    <failure type="java.lang.AssertionError" message="Test failed due to unexpected status code: 400">
      <![CDATA[java.lang.AssertionError: Test failed due to unexpected status code: 400
at allCommonData.TestHelper.validateStatusCode(TestHelper.java:21)
at orderFlowPositive.TestsOrderFlowPositive.testOrderFlowPositiveDeliver(TestsOrderFlowPositive.java:565)
at java.base/java.util.ArrayList.forEach(ArrayList.java:1597)
... Removed 30 stack frames]]>
    </failure>
  </testcase> <!-- testOrderFlowPositiveDeliver -->
  <testcase classname="orderFlowPositive.TestsOrderFlowPositive" name="testOrderFlowPositiveInventoryDetailsAfterDeliver" time="0.0">
    <skipped/>
  </testcase> <!-- testOrderFlowPositiveInventoryDetailsAfterDeliver -->
  <testcase classname="orderFlowPositive.TestsOrderFlowPositive" name="testOrderFlowPositiveActionCompleteQC" time="0.0">
    <skipped/>
  </testcase> <!-- testOrderFlowPositiveActionCompleteQC -->
  <testcase classname="orderFlowPositive.TestsOrderFlowPositive" name="testOrderFlowPositiveInventoryDetailsAfterActionCompleteQC" time="0.0">
    <skipped/>
  </testcase> <!-- testOrderFlowPositiveInventoryDetailsAfterActionCompleteQC -->
  <testcase classname="orderFlowPositive.TestsOrderFlowPositive" name="testOrderFlowPositiveAcceptItemQC" time="0.0">
    <skipped/>
  </testcase> <!-- testOrderFlowPositiveAcceptItemQC -->
  <testcase classname="orderFlowPositive.TestsOrderFlowPositive" name="testOrderFlowPositiveInventoryDetailsAfterAcceptItemQC" time="0.0">
    <skipped/>
  </testcase> <!-- testOrderFlowPositiveInventoryDetailsAfterAcceptItemQC -->
  <testcase classname="orderFlowPositive.TestsOrderFlowPositive" name="testOrderFlowPositiveCompleteQC" time="0.0">
    <skipped/>
  </testcase> <!-- testOrderFlowPositiveCompleteQC -->
  <testcase classname="orderFlowPositive.TestsOrderFlowPositive" name="testOrderFlowPositiveInventoryDetailsAfterCompleteQC" time="0.0">
    <skipped/>
  </testcase> <!-- testOrderFlowPositiveInventoryDetailsAfterCompleteQC -->
  <testcase classname="orderFlowPositive.TestsOrderFlowPositive" name="testOrderFlowPositiveInventorySettlement" time="0.0">
    <skipped/>
  </testcase> <!-- testOrderFlowPositiveInventorySettlement -->
  <testcase classname="orderFlowPositive.TestsOrderFlowPositive" name="testOrderFlowPositiveInventoryDetailsAfterInventorySettlement" time="0.0">
    <skipped/>
  </testcase> <!-- testOrderFlowPositiveInventoryDetailsAfterInventorySettlement -->
  <testcase classname="orderFlowNegative.TestsOrderFlowNegative" name="testOrderFlowNegativeInventoryDetailsBeforeCreateOrder" time="0.396"/>
  <testcase classname="orderFlowNegative.TestsOrderFlowNegative" name="testOrderFlowNegativecreateOrder" time="0.618"/>
  <testcase classname="orderFlowNegative.TestsOrderFlowNegative" name="testOrderFlowNegativeInventoryDetailsAfterCreateOrder" time="0.193"/>
  <testcase classname="orderFlowNegative.TestsOrderFlowNegative" name="testOrderFlowNegativeBatchAssign" time="0.278"/>
  <testcase classname="orderFlowNegative.TestsOrderFlowNegative" name="testOrderFlowNegativeInventoryDetailsAfterBatchAssign" time="0.3"/>
  <testcase classname="orderFlowNegative.TestsOrderFlowNegative" name="testOrderFlowNegativeMarkPacked" time="0.948"/>
  <testcase classname="orderFlowNegative.TestsOrderFlowNegative" name="testOrderFlowNegativeInventoryDetailsAfterMarkPacked" time="0.178"/>
  <testcase classname="orderFlowNegative.TestsOrderFlowNegative" name="testOrderFlowNegativeCreateShipment" time="0.598"/>
  <testcase classname="orderFlowNegative.TestsOrderFlowNegative" name="testOrderFlowNegativeInventoryDetailsAfterCreateShipment" time="0.177"/>
  <testcase classname="orderFlowNegative.TestsOrderFlowNegative" name="testOrderFlowNegativeDispatch" time="1.625"/>
  <testcase classname="orderFlowNegative.TestsOrderFlowNegative" name="testOrderFlowNegativeInventoryDetailsAfterDispatch" time="0.197"/>
  <testcase classname="orderFlowNegative.TestsOrderFlowNegative" name="testOrderFlowNegativeInvoiceNumber" time="1.525"/>
  <testcase classname="orderFlowNegative.TestsOrderFlowNegative" name="testOrderFlowNegativeInventoryDetailsAfterInvoiceNumber" time="0.2"/>
  <testcase classname="orderFlowNegative.TestsOrderFlowNegative" name="testOrderFlowNegativeDeliver" time="0.085">
    <failure type="java.lang.AssertionError" message="Test failed due to unexpected status code: 400">
      <![CDATA[java.lang.AssertionError: Test failed due to unexpected status code: 400
at allCommonData.TestHelper.validateStatusCode(TestHelper.java:21)
at orderFlowNegative.TestsOrderFlowNegative.testOrderFlowNegativeDeliver(TestsOrderFlowNegative.java:550)
at java.base/java.util.ArrayList.forEach(ArrayList.java:1597)
... Removed 30 stack frames]]>
    </failure>
  </testcase> <!-- testOrderFlowNegativeDeliver -->
  <testcase classname="orderFlowNegative.TestsOrderFlowNegative" name="testOrderFlowNegativeInventoryDetailsAfterDeliver" time="0.0">
    <skipped/>
  </testcase> <!-- testOrderFlowNegativeInventoryDetailsAfterDeliver -->
  <testcase classname="orderFlowNegative.TestsOrderFlowNegative" name="testOrderFlowNegativeActionCompleteQC" time="0.0">
    <skipped/>
  </testcase> <!-- testOrderFlowNegativeActionCompleteQC -->
  <testcase classname="orderFlowNegative.TestsOrderFlowNegative" name="testOrderFlowNegativeInventoryDetailsAfterActionCompleteQC" time="0.0">
    <skipped/>
  </testcase> <!-- testOrderFlowNegativeInventoryDetailsAfterActionCompleteQC -->
  <testcase classname="orderFlowNegative.TestsOrderFlowNegative" name="testOrderFlowNegativeRejectItemQC" time="0.0">
    <skipped/>
  </testcase> <!-- testOrderFlowNegativeRejectItemQC -->
  <testcase classname="orderFlowNegative.TestsOrderFlowNegative" name="testOrderFlowNegativeInventoryDetailsAfterRejectItemQC" time="0.0">
    <skipped/>
  </testcase> <!-- testOrderFlowNegativeInventoryDetailsAfterRejectItemQC -->
  <testcase classname="orderFlowNegative.TestsOrderFlowNegative" name="testOrderFlowNegativeCompleteQC" time="0.0">
    <skipped/>
  </testcase> <!-- testOrderFlowNegativeCompleteQC -->
  <testcase classname="orderFlowNegative.TestsOrderFlowNegative" name="testOrderFlowNegativeInventoryDetailsAfterCompleteQC" time="0.0">
    <skipped/>
  </testcase> <!-- testOrderFlowNegativeInventoryDetailsAfterCompleteQC -->
  <testcase classname="orderFlowNegative.TestsOrderFlowNegative" name="testOrderFlowNegativeInventorySettlement" time="0.0">
    <skipped/>
  </testcase> <!-- testOrderFlowNegativeInventorySettlement -->
  <testcase classname="orderFlowNegative.TestsOrderFlowNegative" name="testOrderFlowNegativeInventoryDetailsAfterInventorySettlement" time="0.0">
    <skipped/>
  </testcase> <!-- testOrderFlowNegativeInventoryDetailsAfterInventorySettlement -->
  <testcase classname="orderFlowNegative.TestsOrderFlowNegative" name="testOrderFlowNegativeOrderIdReturn" time="0.0">
    <skipped/>
  </testcase> <!-- testOrderFlowNegativeOrderIdReturn -->
  <testcase classname="orderFlowNegative.TestsOrderFlowNegative" name="testOrderFlowNegativeInventoryAfterDetailsOrderIdReturn" time="0.0">
    <skipped/>
  </testcase> <!-- testOrderFlowNegativeInventoryAfterDetailsOrderIdReturn -->
  <testcase classname="orderFlowNegative.TestsOrderFlowNegative" name="testOrderFlowNegativeActionCompleteQCReturn" time="0.0">
    <skipped/>
  </testcase> <!-- testOrderFlowNegativeActionCompleteQCReturn -->
  <testcase classname="orderFlowNegative.TestsOrderFlowNegative" name="testOrderFlowNegativeInventoryDetailsAfterActionCompleteQCReturn" time="0.0">
    <skipped/>
  </testcase> <!-- testOrderFlowNegativeInventoryDetailsAfterActionCompleteQCReturn -->
  <testcase classname="orderFlowNegative.TestsOrderFlowNegative" name="testOrderFlowNegativeAcceptItemQCReturn" time="0.0">
    <skipped/>
  </testcase> <!-- testOrderFlowNegativeAcceptItemQCReturn -->
  <testcase classname="orderFlowNegative.TestsOrderFlowNegative" name="testOrderFlowNegativeInventoryDetailsAfterAcceptItemQCReturn" time="0.0">
    <skipped/>
  </testcase> <!-- testOrderFlowNegativeInventoryDetailsAfterAcceptItemQCReturn -->
  <testcase classname="orderFlowNegative.TestsOrderFlowNegative" name="testOrderFlowNegativeCompleteQCReturn" time="0.0">
    <skipped/>
  </testcase> <!-- testOrderFlowNegativeCompleteQCReturn -->
  <testcase classname="orderFlowNegative.TestsOrderFlowNegative" name="testOrderFlowNegativeInventoryDetailsAfterCompleteQCReturn" time="0.0">
    <skipped/>
  </testcase> <!-- testOrderFlowNegativeInventoryDetailsAfterCompleteQCReturn -->
  <testcase classname="orderFlowNegative.TestsOrderFlowNegative" name="testOrderFlowNegativeInventorySettlementReturn" time="0.0">
    <skipped/>
  </testcase> <!-- testOrderFlowNegativeInventorySettlementReturn -->
  <testcase classname="orderFlowNegative.TestsOrderFlowNegative" name="testOrderFlowNegativeInventoryDetailsAfterInventorySettlementReturn" time="0.0">
    <skipped/>
  </testcase> <!-- testOrderFlowNegativeInventoryDetailsAfterInventorySettlementReturn -->
  <testcase classname="orderCancelCreateOrder.TestsOrderCancelCreateOrder" name="testOrderCancelCreateOrderInventoryDetailsBeforeCreateOrder" time="0.204"/>
  <testcase classname="orderCancelCreateOrder.TestsOrderCancelCreateOrder" name="testOrderCancelCreateOrderCreateOrder" time="0.602"/>
  <testcase classname="orderCancelCreateOrder.TestsOrderCancelCreateOrder" name="testOrderCancelCreateOrderInventoryDetailsAfterCreateOrder" time="0.168"/>
  <testcase classname="orderCancelCreateOrder.TestsOrderCancelCreateOrder" name="testOrderCancelCreateOrderCancelOrder" time="0.234"/>
  <testcase classname="orderCancelCreateOrder.TestsOrderCancelCreateOrder" name="testOrderCancelCreateOrderInventoryDetailsAfterCancelOrder" time="0.205"/>
  <testcase classname="orderUpdateDispatch.TestsOrderUpdateDispatch" name="testOrderUpdateDispatchInventoryDetailsBeforeCreateOrder" time="0.161"/>
  <testcase classname="orderUpdateDispatch.TestsOrderUpdateDispatch" name="testOrderUpdateDispatchCreateOrder" time="0.451"/>
  <testcase classname="orderUpdateDispatch.TestsOrderUpdateDispatch" name="testOrderUpdateDispatchInventoryDetailsAfterCreateOrder" time="0.16"/>
  <testcase classname="orderUpdateDispatch.TestsOrderUpdateDispatch" name="testOrderUpdateDispatchBatchAssign" time="0.342"/>
  <testcase classname="orderUpdateDispatch.TestsOrderUpdateDispatch" name="testOrderUpdateDispatchInventoryDetailsAfterBatchAssign" time="0.156"/>
  <testcase classname="orderUpdateDispatch.TestsOrderUpdateDispatch" name="testOrderUpdateDispatchMarkPacked" time="0.224"/>
  <testcase classname="orderUpdateDispatch.TestsOrderUpdateDispatch" name="testOrderUpdateDispatchInventoryDetailsAfterMarkPacked" time="0.158"/>
  <testcase classname="orderUpdateDispatch.TestsOrderUpdateDispatch" name="testOrderUpdateDispatchCreateShipment" time="0.41"/>
  <testcase classname="orderUpdateDispatch.TestsOrderUpdateDispatch" name="testOrderUpdateDispatchInventoryDetailsAfterCreateShipment" time="0.154"/>
  <testcase classname="orderUpdateDispatch.TestsOrderUpdateDispatch" name="testOrderUpdateDispatchDispatch" time="0.755"/>
  <testcase classname="orderUpdateDispatch.TestsOrderUpdateDispatch" name="testOrderUpdateDispatchInventoryDetailsAfterDispatch" time="0.177"/>
  <testcase classname="orderUpdateDispatch.TestsOrderUpdateDispatch" name="testOrderUpdateDispatchUpdateOrder" time="0.634"/>
  <testcase classname="orderUpdateDispatch.TestsOrderUpdateDispatch" name="testOrderUpdateDispatchInventoryDetailsAfterUpdateOrder" time="0.174">
    <failure type="java.lang.AssertionError" message="The following asserts failed:
	Pending Stock value Before Create Order is: 57, New Ordered Quantity is: 7, Expected Pending Stock value (Pending Stock Value Before Updating Order + New Ordered Quantity) After Update Order is: 64, But Actual Pending Stock value After Update Order is: 62. Incorrect,
	Expected Intransient Stock value (Intransient Stock value After Update Order = Intransient Stock value Before Create Order) After Update Order is: 44 But Actual Intransient Stock value After Update Order is: 46. Incorrect,
	Expected Available Stock value (Available Stock value After Update Order = Available Stock value Before Create Order) After Update Order is: 99950 But Actual Available Stock value After Update Order is: 99948. Incorrect">
      <![CDATA[java.lang.AssertionError: The following asserts failed:
Pending Stock value Before Create Order is: 57, New Ordered Quantity is: 7, Expected Pending Stock value (Pending Stock Value Before Updating Order + New Ordered Quantity) After Update Order is: 64, But Actual Pending Stock value After Update Order is: 62. Incorrect,
Expected Intransient Stock value (Intransient Stock value After Update Order = Intransient Stock value Before Create Order) After Update Order is: 44 But Actual Intransient Stock value After Update Order is: 46. Incorrect,
Expected Available Stock value (Available Stock value After Update Order = Available Stock value Before Create Order) After Update Order is: 99950 But Actual Available Stock value After Update Order is: 99948. Incorrect
at orderUpdateDispatch.TestsOrderUpdateDispatch.testOrderUpdateDispatchInventoryDetailsAfterUpdateOrder(TestsOrderUpdateDispatch.java:543)
at java.base/java.util.ArrayList.forEach(ArrayList.java:1597)
... Removed 31 stack frames]]>
    </failure>
  </testcase> <!-- testOrderUpdateDispatchInventoryDetailsAfterUpdateOrder -->
</testsuite> <!-- Test -->
