<?xml version="1.0" encoding="UTF-8"?>
<testng-results ignored="0" total="88" passed="87" failed="1" skipped="0">
  <reporter-output>
  </reporter-output>
  <suite started-at="2025-01-07T15:43:05 IST" name="Suite" finished-at="2025-01-07T15:43:22 IST" duration-ms="16834">
    <groups>
      <group name="OrderSplit">
        <method signature="TestsOrderSplit.testOrderSplitInventoryDetailsBeforeCreateOrder()[pri:1, instance:orderSplit.TestsOrderSplit@77888435]" name="testOrderSplitInventoryDetailsBeforeCreateOrder" class="orderSplit.TestsOrderSplit"/>
        <method signature="TestsOrderSplit.testOrderSplitCreateOrder()[pri:0, instance:orderSplit.TestsOrderSplit@77888435]" name="testOrderSplitCreateOrder" class="orderSplit.TestsOrderSplit"/>
        <method signature="TestsOrderSplit.testOrderSplitInventoryDetailsAfterCreateOrder()[pri:0, instance:orderSplit.TestsOrderSplit@77888435]" name="testOrderSplitInventoryDetailsAfterCreateOrder" class="orderSplit.TestsOrderSplit"/>
        <method signature="TestsOrderSplit.testOrderSplitSplitOrder()[pri:0, instance:orderSplit.TestsOrderSplit@77888435]" name="testOrderSplitSplitOrder" class="orderSplit.TestsOrderSplit"/>
        <method signature="TestsOrderSplit.testOrderSplitInventoryDetailsAfterSplitOrder()[pri:0, instance:orderSplit.TestsOrderSplit@77888435]" name="testOrderSplitInventoryDetailsAfterSplitOrder" class="orderSplit.TestsOrderSplit"/>
        <method signature="TestsOrderSplit.testOrderSplitSplitNewOrder()[pri:0, instance:orderSplit.TestsOrderSplit@77888435]" name="testOrderSplitSplitNewOrder" class="orderSplit.TestsOrderSplit"/>
        <method signature="TestsOrderSplit.testOrderSplitInventoryDetailsAfterSplitNewOrder()[pri:0, instance:orderSplit.TestsOrderSplit@77888435]" name="testOrderSplitInventoryDetailsAfterSplitNewOrder" class="orderSplit.TestsOrderSplit"/>
        <method signature="TestsOrderSplit.testOrderSplitSplitOrderAgain()[pri:0, instance:orderSplit.TestsOrderSplit@77888435]" name="testOrderSplitSplitOrderAgain" class="orderSplit.TestsOrderSplit"/>
        <method signature="TestsOrderSplit.testOrderSplitInventoryDetailsAfterSplitOrderAgain()[pri:0, instance:orderSplit.TestsOrderSplit@77888435]" name="testOrderSplitInventoryDetailsAfterSplitOrderAgain" class="orderSplit.TestsOrderSplit"/>
      </group> <!-- OrderSplit -->
      <group name="OrderUpdateDispatch">
        <method signature="TestsOrderUpdateDispatch.testOrderUpdateDispatchInventoryDetailsBeforeCreateOrder()[pri:1, instance:orderUpdateDispatch.TestsOrderUpdateDispatch@71d44a3]" name="testOrderUpdateDispatchInventoryDetailsBeforeCreateOrder" class="orderUpdateDispatch.TestsOrderUpdateDispatch"/>
        <method signature="TestsOrderUpdateDispatch.testOrderUpdateDispatchCreateOrder()[pri:0, instance:orderUpdateDispatch.TestsOrderUpdateDispatch@71d44a3]" name="testOrderUpdateDispatchCreateOrder" class="orderUpdateDispatch.TestsOrderUpdateDispatch"/>
        <method signature="TestsOrderUpdateDispatch.testOrderUpdateDispatchInventoryDetailsAfterCreateOrder()[pri:0, instance:orderUpdateDispatch.TestsOrderUpdateDispatch@71d44a3]" name="testOrderUpdateDispatchInventoryDetailsAfterCreateOrder" class="orderUpdateDispatch.TestsOrderUpdateDispatch"/>
        <method signature="TestsOrderUpdateDispatch.testOrderUpdateDispatchBatchAssign()[pri:0, instance:orderUpdateDispatch.TestsOrderUpdateDispatch@71d44a3]" name="testOrderUpdateDispatchBatchAssign" class="orderUpdateDispatch.TestsOrderUpdateDispatch"/>
        <method signature="TestsOrderUpdateDispatch.testOrderUpdateDispatchInventoryDetailsAfterBatchAssign()[pri:0, instance:orderUpdateDispatch.TestsOrderUpdateDispatch@71d44a3]" name="testOrderUpdateDispatchInventoryDetailsAfterBatchAssign" class="orderUpdateDispatch.TestsOrderUpdateDispatch"/>
        <method signature="TestsOrderUpdateDispatch.testOrderUpdateDispatchMarkPacked()[pri:0, instance:orderUpdateDispatch.TestsOrderUpdateDispatch@71d44a3]" name="testOrderUpdateDispatchMarkPacked" class="orderUpdateDispatch.TestsOrderUpdateDispatch"/>
        <method signature="TestsOrderUpdateDispatch.testOrderUpdateDispatchInventoryDetailsAfterMarkPacked()[pri:0, instance:orderUpdateDispatch.TestsOrderUpdateDispatch@71d44a3]" name="testOrderUpdateDispatchInventoryDetailsAfterMarkPacked" class="orderUpdateDispatch.TestsOrderUpdateDispatch"/>
        <method signature="TestsOrderUpdateDispatch.testOrderUpdateDispatchCreateShipment()[pri:0, instance:orderUpdateDispatch.TestsOrderUpdateDispatch@71d44a3]" name="testOrderUpdateDispatchCreateShipment" class="orderUpdateDispatch.TestsOrderUpdateDispatch"/>
        <method signature="TestsOrderUpdateDispatch.testOrderUpdateDispatchInventoryDetailsAfterCreateShipment()[pri:0, instance:orderUpdateDispatch.TestsOrderUpdateDispatch@71d44a3]" name="testOrderUpdateDispatchInventoryDetailsAfterCreateShipment" class="orderUpdateDispatch.TestsOrderUpdateDispatch"/>
        <method signature="TestsOrderUpdateDispatch.testOrderUpdateDispatchDispatch()[pri:0, instance:orderUpdateDispatch.TestsOrderUpdateDispatch@71d44a3]" name="testOrderUpdateDispatchDispatch" class="orderUpdateDispatch.TestsOrderUpdateDispatch"/>
        <method signature="TestsOrderUpdateDispatch.testOrderUpdateDispatchInventoryDetailsAfterDispatch()[pri:0, instance:orderUpdateDispatch.TestsOrderUpdateDispatch@71d44a3]" name="testOrderUpdateDispatchInventoryDetailsAfterDispatch" class="orderUpdateDispatch.TestsOrderUpdateDispatch"/>
        <method signature="TestsOrderUpdateDispatch.testOrderUpdateDispatchUpdateOrder()[pri:0, instance:orderUpdateDispatch.TestsOrderUpdateDispatch@71d44a3]" name="testOrderUpdateDispatchUpdateOrder" class="orderUpdateDispatch.TestsOrderUpdateDispatch"/>
        <method signature="TestsOrderUpdateDispatch.testOrderUpdateDispatchInventoryDetailsAfterUpdateOrder()[pri:0, instance:orderUpdateDispatch.TestsOrderUpdateDispatch@71d44a3]" name="testOrderUpdateDispatchInventoryDetailsAfterUpdateOrder" class="orderUpdateDispatch.TestsOrderUpdateDispatch"/>
      </group> <!-- OrderUpdateDispatch -->
      <group name="OrderCancelCreateOrder">
        <method signature="TestsOrderCancelCreateOrder.testOrderCancelCreateOrderInventoryDetailsBeforeCreateOrder()[pri:1, instance:orderCancelCreateOrder.TestsOrderCancelCreateOrder@73a1e9a9]" name="testOrderCancelCreateOrderInventoryDetailsBeforeCreateOrder" class="orderCancelCreateOrder.TestsOrderCancelCreateOrder"/>
        <method signature="TestsOrderCancelCreateOrder.testOrderCancelCreateOrderCreateOrder()[pri:0, instance:orderCancelCreateOrder.TestsOrderCancelCreateOrder@73a1e9a9]" name="testOrderCancelCreateOrderCreateOrder" class="orderCancelCreateOrder.TestsOrderCancelCreateOrder"/>
        <method signature="TestsOrderCancelCreateOrder.testOrderCancelCreateOrderInventoryDetailsAfterCreateOrder()[pri:0, instance:orderCancelCreateOrder.TestsOrderCancelCreateOrder@73a1e9a9]" name="testOrderCancelCreateOrderInventoryDetailsAfterCreateOrder" class="orderCancelCreateOrder.TestsOrderCancelCreateOrder"/>
        <method signature="TestsOrderCancelCreateOrder.testOrderCancelCreateOrderCancelOrder()[pri:0, instance:orderCancelCreateOrder.TestsOrderCancelCreateOrder@73a1e9a9]" name="testOrderCancelCreateOrderCancelOrder" class="orderCancelCreateOrder.TestsOrderCancelCreateOrder"/>
        <method signature="TestsOrderCancelCreateOrder.testOrderCancelCreateOrderInventoryDetailsAfterCancelOrder()[pri:0, instance:orderCancelCreateOrder.TestsOrderCancelCreateOrder@73a1e9a9]" name="testOrderCancelCreateOrderInventoryDetailsAfterCancelOrder" class="orderCancelCreateOrder.TestsOrderCancelCreateOrder"/>
      </group> <!-- OrderCancelCreateOrder -->
      <group name="OrderFlowPositive">
        <method signature="TestsOrderFlowPositive.testOrderFlowPositiveInventoryDetailsBeforeCreateOrder()[pri:1, instance:orderFlowPositive.TestsOrderFlowPositive@76505305]" name="testOrderFlowPositiveInventoryDetailsBeforeCreateOrder" class="orderFlowPositive.TestsOrderFlowPositive"/>
        <method signature="TestsOrderFlowPositive.testOrderFlowPositivecreateOrder()[pri:0, instance:orderFlowPositive.TestsOrderFlowPositive@76505305]" name="testOrderFlowPositivecreateOrder" class="orderFlowPositive.TestsOrderFlowPositive"/>
        <method signature="TestsOrderFlowPositive.testOrderFlowPositiveInventoryDetailsAfterCreateOrder()[pri:0, instance:orderFlowPositive.TestsOrderFlowPositive@76505305]" name="testOrderFlowPositiveInventoryDetailsAfterCreateOrder" class="orderFlowPositive.TestsOrderFlowPositive"/>
        <method signature="TestsOrderFlowPositive.testOrderFlowPositiveBatchAssign()[pri:0, instance:orderFlowPositive.TestsOrderFlowPositive@76505305]" name="testOrderFlowPositiveBatchAssign" class="orderFlowPositive.TestsOrderFlowPositive"/>
        <method signature="TestsOrderFlowPositive.testOrderFlowPositiveInventoryDetailsAfterBatchAssign()[pri:0, instance:orderFlowPositive.TestsOrderFlowPositive@76505305]" name="testOrderFlowPositiveInventoryDetailsAfterBatchAssign" class="orderFlowPositive.TestsOrderFlowPositive"/>
        <method signature="TestsOrderFlowPositive.testOrderFlowPositiveMarkPacked()[pri:0, instance:orderFlowPositive.TestsOrderFlowPositive@76505305]" name="testOrderFlowPositiveMarkPacked" class="orderFlowPositive.TestsOrderFlowPositive"/>
        <method signature="TestsOrderFlowPositive.testOrderFlowPositiveInventoryDetailsAfterMarkPacked()[pri:0, instance:orderFlowPositive.TestsOrderFlowPositive@76505305]" name="testOrderFlowPositiveInventoryDetailsAfterMarkPacked" class="orderFlowPositive.TestsOrderFlowPositive"/>
        <method signature="TestsOrderFlowPositive.testOrderFlowPositiveCreateShipment()[pri:0, instance:orderFlowPositive.TestsOrderFlowPositive@76505305]" name="testOrderFlowPositiveCreateShipment" class="orderFlowPositive.TestsOrderFlowPositive"/>
        <method signature="TestsOrderFlowPositive.testOrderFlowPositiveInventoryDetailsAfterCreateShipment()[pri:0, instance:orderFlowPositive.TestsOrderFlowPositive@76505305]" name="testOrderFlowPositiveInventoryDetailsAfterCreateShipment" class="orderFlowPositive.TestsOrderFlowPositive"/>
        <method signature="TestsOrderFlowPositive.testOrderFlowPositiveDispatch()[pri:0, instance:orderFlowPositive.TestsOrderFlowPositive@76505305]" name="testOrderFlowPositiveDispatch" class="orderFlowPositive.TestsOrderFlowPositive"/>
        <method signature="TestsOrderFlowPositive.testOrderFlowPositiveInventoryDetailsAfterDispatch()[pri:0, instance:orderFlowPositive.TestsOrderFlowPositive@76505305]" name="testOrderFlowPositiveInventoryDetailsAfterDispatch" class="orderFlowPositive.TestsOrderFlowPositive"/>
        <method signature="TestsOrderFlowPositive.testOrderFlowPositiveMarkShipped()[pri:0, instance:orderFlowPositive.TestsOrderFlowPositive@76505305]" name="testOrderFlowPositiveMarkShipped" class="orderFlowPositive.TestsOrderFlowPositive"/>
        <method signature="TestsOrderFlowPositive.testOrderFlowPositiveInventoryDetailsAfterMarkShipped()[pri:0, instance:orderFlowPositive.TestsOrderFlowPositive@76505305]" name="testOrderFlowPositiveInventoryDetailsAfterMarkShipped" class="orderFlowPositive.TestsOrderFlowPositive"/>
        <method signature="TestsOrderFlowPositive.testOrderFlowPositiveInvoiceNumber()[pri:0, instance:orderFlowPositive.TestsOrderFlowPositive@76505305]" name="testOrderFlowPositiveInvoiceNumber" class="orderFlowPositive.TestsOrderFlowPositive"/>
        <method signature="TestsOrderFlowPositive.testOrderFlowPositiveInventoryDetailsAfterInvoiceNumber()[pri:0, instance:orderFlowPositive.TestsOrderFlowPositive@76505305]" name="testOrderFlowPositiveInventoryDetailsAfterInvoiceNumber" class="orderFlowPositive.TestsOrderFlowPositive"/>
        <method signature="TestsOrderFlowPositive.testOrderFlowPositiveDeliver()[pri:0, instance:orderFlowPositive.TestsOrderFlowPositive@76505305]" name="testOrderFlowPositiveDeliver" class="orderFlowPositive.TestsOrderFlowPositive"/>
        <method signature="TestsOrderFlowPositive.testOrderFlowPositiveInventoryDetailsAfterDeliver()[pri:0, instance:orderFlowPositive.TestsOrderFlowPositive@76505305]" name="testOrderFlowPositiveInventoryDetailsAfterDeliver" class="orderFlowPositive.TestsOrderFlowPositive"/>
        <method signature="TestsOrderFlowPositive.testOrderFlowPositiveActionCompleteQC()[pri:0, instance:orderFlowPositive.TestsOrderFlowPositive@76505305]" name="testOrderFlowPositiveActionCompleteQC" class="orderFlowPositive.TestsOrderFlowPositive"/>
        <method signature="TestsOrderFlowPositive.testOrderFlowPositiveInventoryDetailsAfterActionCompleteQC()[pri:0, instance:orderFlowPositive.TestsOrderFlowPositive@76505305]" name="testOrderFlowPositiveInventoryDetailsAfterActionCompleteQC" class="orderFlowPositive.TestsOrderFlowPositive"/>
        <method signature="TestsOrderFlowPositive.testOrderFlowPositiveAcceptItemQC()[pri:0, instance:orderFlowPositive.TestsOrderFlowPositive@76505305]" name="testOrderFlowPositiveAcceptItemQC" class="orderFlowPositive.TestsOrderFlowPositive"/>
        <method signature="TestsOrderFlowPositive.testOrderFlowPositiveInventoryDetailsAfterAcceptItemQC()[pri:0, instance:orderFlowPositive.TestsOrderFlowPositive@76505305]" name="testOrderFlowPositiveInventoryDetailsAfterAcceptItemQC" class="orderFlowPositive.TestsOrderFlowPositive"/>
        <method signature="TestsOrderFlowPositive.testOrderFlowPositiveCompleteQC()[pri:0, instance:orderFlowPositive.TestsOrderFlowPositive@76505305]" name="testOrderFlowPositiveCompleteQC" class="orderFlowPositive.TestsOrderFlowPositive"/>
        <method signature="TestsOrderFlowPositive.testOrderFlowPositiveInventoryDetailsAfterCompleteQC()[pri:0, instance:orderFlowPositive.TestsOrderFlowPositive@76505305]" name="testOrderFlowPositiveInventoryDetailsAfterCompleteQC" class="orderFlowPositive.TestsOrderFlowPositive"/>
        <method signature="TestsOrderFlowPositive.testOrderFlowPositiveInventorySettlement()[pri:0, instance:orderFlowPositive.TestsOrderFlowPositive@76505305]" name="testOrderFlowPositiveInventorySettlement" class="orderFlowPositive.TestsOrderFlowPositive"/>
        <method signature="TestsOrderFlowPositive.testOrderFlowPositiveInventoryDetailsAfterInventorySettlement()[pri:0, instance:orderFlowPositive.TestsOrderFlowPositive@76505305]" name="testOrderFlowPositiveInventoryDetailsAfterInventorySettlement" class="orderFlowPositive.TestsOrderFlowPositive"/>
      </group> <!-- OrderFlowPositive -->
      <group name="OrderFlowNegative">
        <method signature="TestsOrderFlowNegative.testOrderFlowNegativeInventoryDetailsBeforeCreateOrder()[pri:1, instance:orderFlowNegative.TestsOrderFlowNegative@14cd1699]" name="testOrderFlowNegativeInventoryDetailsBeforeCreateOrder" class="orderFlowNegative.TestsOrderFlowNegative"/>
        <method signature="TestsOrderFlowNegative.testOrderFlowNegativecreateOrder()[pri:0, instance:orderFlowNegative.TestsOrderFlowNegative@14cd1699]" name="testOrderFlowNegativecreateOrder" class="orderFlowNegative.TestsOrderFlowNegative"/>
        <method signature="TestsOrderFlowNegative.testOrderFlowNegativeInventoryDetailsAfterCreateOrder()[pri:0, instance:orderFlowNegative.TestsOrderFlowNegative@14cd1699]" name="testOrderFlowNegativeInventoryDetailsAfterCreateOrder" class="orderFlowNegative.TestsOrderFlowNegative"/>
        <method signature="TestsOrderFlowNegative.testOrderFlowNegativeBatchAssign()[pri:0, instance:orderFlowNegative.TestsOrderFlowNegative@14cd1699]" name="testOrderFlowNegativeBatchAssign" class="orderFlowNegative.TestsOrderFlowNegative"/>
        <method signature="TestsOrderFlowNegative.testOrderFlowNegativeInventoryDetailsAfterBatchAssign()[pri:0, instance:orderFlowNegative.TestsOrderFlowNegative@14cd1699]" name="testOrderFlowNegativeInventoryDetailsAfterBatchAssign" class="orderFlowNegative.TestsOrderFlowNegative"/>
        <method signature="TestsOrderFlowNegative.testOrderFlowNegativeMarkPacked()[pri:0, instance:orderFlowNegative.TestsOrderFlowNegative@14cd1699]" name="testOrderFlowNegativeMarkPacked" class="orderFlowNegative.TestsOrderFlowNegative"/>
        <method signature="TestsOrderFlowNegative.testOrderFlowNegativeInventoryDetailsAfterMarkPacked()[pri:0, instance:orderFlowNegative.TestsOrderFlowNegative@14cd1699]" name="testOrderFlowNegativeInventoryDetailsAfterMarkPacked" class="orderFlowNegative.TestsOrderFlowNegative"/>
        <method signature="TestsOrderFlowNegative.testOrderFlowNegativeCreateShipment()[pri:0, instance:orderFlowNegative.TestsOrderFlowNegative@14cd1699]" name="testOrderFlowNegativeCreateShipment" class="orderFlowNegative.TestsOrderFlowNegative"/>
        <method signature="TestsOrderFlowNegative.testOrderFlowNegativeInventoryDetailsAfterCreateShipment()[pri:0, instance:orderFlowNegative.TestsOrderFlowNegative@14cd1699]" name="testOrderFlowNegativeInventoryDetailsAfterCreateShipment" class="orderFlowNegative.TestsOrderFlowNegative"/>
        <method signature="TestsOrderFlowNegative.testOrderFlowNegativeDispatch()[pri:0, instance:orderFlowNegative.TestsOrderFlowNegative@14cd1699]" name="testOrderFlowNegativeDispatch" class="orderFlowNegative.TestsOrderFlowNegative"/>
        <method signature="TestsOrderFlowNegative.testOrderFlowNegativeInventoryDetailsAfterDispatch()[pri:0, instance:orderFlowNegative.TestsOrderFlowNegative@14cd1699]" name="testOrderFlowNegativeInventoryDetailsAfterDispatch" class="orderFlowNegative.TestsOrderFlowNegative"/>
        <method signature="TestsOrderFlowNegative.testOrderFlowNegativeMarkShipped()[pri:0, instance:orderFlowNegative.TestsOrderFlowNegative@14cd1699]" name="testOrderFlowNegativeMarkShipped" class="orderFlowNegative.TestsOrderFlowNegative"/>
        <method signature="TestsOrderFlowNegative.testOrderFlowNegativeInventoryDetailsAfterMarkShipped()[pri:0, instance:orderFlowNegative.TestsOrderFlowNegative@14cd1699]" name="testOrderFlowNegativeInventoryDetailsAfterMarkShipped" class="orderFlowNegative.TestsOrderFlowNegative"/>
        <method signature="TestsOrderFlowNegative.testOrderFlowNegativeInvoiceNumber()[pri:0, instance:orderFlowNegative.TestsOrderFlowNegative@14cd1699]" name="testOrderFlowNegativeInvoiceNumber" class="orderFlowNegative.TestsOrderFlowNegative"/>
        <method signature="TestsOrderFlowNegative.testOrderFlowNegativeInventoryDetailsAfterInvoiceNumber()[pri:0, instance:orderFlowNegative.TestsOrderFlowNegative@14cd1699]" name="testOrderFlowNegativeInventoryDetailsAfterInvoiceNumber" class="orderFlowNegative.TestsOrderFlowNegative"/>
        <method signature="TestsOrderFlowNegative.testOrderFlowNegativeDeliver()[pri:0, instance:orderFlowNegative.TestsOrderFlowNegative@14cd1699]" name="testOrderFlowNegativeDeliver" class="orderFlowNegative.TestsOrderFlowNegative"/>
        <method signature="TestsOrderFlowNegative.testOrderFlowNegativeInventoryDetailsAfterDeliver()[pri:0, instance:orderFlowNegative.TestsOrderFlowNegative@14cd1699]" name="testOrderFlowNegativeInventoryDetailsAfterDeliver" class="orderFlowNegative.TestsOrderFlowNegative"/>
        <method signature="TestsOrderFlowNegative.testOrderFlowNegativeActionCompleteQC()[pri:0, instance:orderFlowNegative.TestsOrderFlowNegative@14cd1699]" name="testOrderFlowNegativeActionCompleteQC" class="orderFlowNegative.TestsOrderFlowNegative"/>
        <method signature="TestsOrderFlowNegative.testOrderFlowNegativeInventoryDetailsAfterActionCompleteQC()[pri:0, instance:orderFlowNegative.TestsOrderFlowNegative@14cd1699]" name="testOrderFlowNegativeInventoryDetailsAfterActionCompleteQC" class="orderFlowNegative.TestsOrderFlowNegative"/>
        <method signature="TestsOrderFlowNegative.testOrderFlowNegativeRejectItemQC()[pri:0, instance:orderFlowNegative.TestsOrderFlowNegative@14cd1699]" name="testOrderFlowNegativeRejectItemQC" class="orderFlowNegative.TestsOrderFlowNegative"/>
        <method signature="TestsOrderFlowNegative.testOrderFlowNegativeInventoryDetailsAfterRejectItemQC()[pri:0, instance:orderFlowNegative.TestsOrderFlowNegative@14cd1699]" name="testOrderFlowNegativeInventoryDetailsAfterRejectItemQC" class="orderFlowNegative.TestsOrderFlowNegative"/>
        <method signature="TestsOrderFlowNegative.testOrderFlowNegativeCompleteQC()[pri:0, instance:orderFlowNegative.TestsOrderFlowNegative@14cd1699]" name="testOrderFlowNegativeCompleteQC" class="orderFlowNegative.TestsOrderFlowNegative"/>
        <method signature="TestsOrderFlowNegative.testOrderFlowNegativeInventoryDetailsAfterCompleteQC()[pri:0, instance:orderFlowNegative.TestsOrderFlowNegative@14cd1699]" name="testOrderFlowNegativeInventoryDetailsAfterCompleteQC" class="orderFlowNegative.TestsOrderFlowNegative"/>
        <method signature="TestsOrderFlowNegative.testOrderFlowNegativeInventorySettlement()[pri:0, instance:orderFlowNegative.TestsOrderFlowNegative@14cd1699]" name="testOrderFlowNegativeInventorySettlement" class="orderFlowNegative.TestsOrderFlowNegative"/>
        <method signature="TestsOrderFlowNegative.testOrderFlowNegativeInventoryDetailsAfterInventorySettlement()[pri:0, instance:orderFlowNegative.TestsOrderFlowNegative@14cd1699]" name="testOrderFlowNegativeInventoryDetailsAfterInventorySettlement" class="orderFlowNegative.TestsOrderFlowNegative"/>
        <method signature="TestsOrderFlowNegative.testOrderFlowNegativeOrderIdReturn()[pri:0, instance:orderFlowNegative.TestsOrderFlowNegative@14cd1699]" name="testOrderFlowNegativeOrderIdReturn" class="orderFlowNegative.TestsOrderFlowNegative"/>
        <method signature="TestsOrderFlowNegative.testOrderFlowNegativeInventoryAfterDetailsOrderIdReturn()[pri:0, instance:orderFlowNegative.TestsOrderFlowNegative@14cd1699]" name="testOrderFlowNegativeInventoryAfterDetailsOrderIdReturn" class="orderFlowNegative.TestsOrderFlowNegative"/>
        <method signature="TestsOrderFlowNegative.testOrderFlowNegativeActionCompleteQCReturn()[pri:0, instance:orderFlowNegative.TestsOrderFlowNegative@14cd1699]" name="testOrderFlowNegativeActionCompleteQCReturn" class="orderFlowNegative.TestsOrderFlowNegative"/>
        <method signature="TestsOrderFlowNegative.testOrderFlowNegativeInventoryDetailsAfterActionCompleteQCReturn()[pri:0, instance:orderFlowNegative.TestsOrderFlowNegative@14cd1699]" name="testOrderFlowNegativeInventoryDetailsAfterActionCompleteQCReturn" class="orderFlowNegative.TestsOrderFlowNegative"/>
        <method signature="TestsOrderFlowNegative.testOrderFlowNegativeAcceptItemQCReturn()[pri:0, instance:orderFlowNegative.TestsOrderFlowNegative@14cd1699]" name="testOrderFlowNegativeAcceptItemQCReturn" class="orderFlowNegative.TestsOrderFlowNegative"/>
        <method signature="TestsOrderFlowNegative.testOrderFlowNegativeInventoryDetailsAfterAcceptItemQCReturn()[pri:0, instance:orderFlowNegative.TestsOrderFlowNegative@14cd1699]" name="testOrderFlowNegativeInventoryDetailsAfterAcceptItemQCReturn" class="orderFlowNegative.TestsOrderFlowNegative"/>
        <method signature="TestsOrderFlowNegative.testOrderFlowNegativeCompleteQCReturn()[pri:0, instance:orderFlowNegative.TestsOrderFlowNegative@14cd1699]" name="testOrderFlowNegativeCompleteQCReturn" class="orderFlowNegative.TestsOrderFlowNegative"/>
        <method signature="TestsOrderFlowNegative.testOrderFlowNegativeInventoryDetailsAfterCompleteQCReturn()[pri:0, instance:orderFlowNegative.TestsOrderFlowNegative@14cd1699]" name="testOrderFlowNegativeInventoryDetailsAfterCompleteQCReturn" class="orderFlowNegative.TestsOrderFlowNegative"/>
        <method signature="TestsOrderFlowNegative.testOrderFlowNegativeInventorySettlementReturn()[pri:0, instance:orderFlowNegative.TestsOrderFlowNegative@14cd1699]" name="testOrderFlowNegativeInventorySettlementReturn" class="orderFlowNegative.TestsOrderFlowNegative"/>
        <method signature="TestsOrderFlowNegative.testOrderFlowNegativeInventoryDetailsAfterInventorySettlementReturn()[pri:0, instance:orderFlowNegative.TestsOrderFlowNegative@14cd1699]" name="testOrderFlowNegativeInventoryDetailsAfterInventorySettlementReturn" class="orderFlowNegative.TestsOrderFlowNegative"/>
      </group> <!-- OrderFlowNegative -->
      <group name="BearerTokenGeneration">
        <method signature="TestsBearerTokenGenerate.testOrderFlowGenerateToken()[pri:1, instance:bearerTokenGenerate.TestsBearerTokenGenerate@1aafa419]" name="testOrderFlowGenerateToken" class="bearerTokenGenerate.TestsBearerTokenGenerate"/>
      </group> <!-- BearerTokenGeneration -->
    </groups>
    <test started-at="2025-01-07T15:43:05 IST" name="Test" finished-at="2025-01-07T15:43:22 IST" duration-ms="16834">
      <class name="orderUpdateDispatch.TestsOrderUpdateDispatch">
        <test-method signature="testOrderUpdateDispatchInventoryDetailsBeforeCreateOrder()[pri:1, instance:orderUpdateDispatch.TestsOrderUpdateDispatch@71d44a3]" started-at="2025-01-07T15:43:19 IST" name="testOrderUpdateDispatchInventoryDetailsBeforeCreateOrder" finished-at="2025-01-07T15:43:19 IST" duration-ms="128" status="PASS">
          <reporter-output>
          </reporter-output>
        </test-method> <!-- testOrderUpdateDispatchInventoryDetailsBeforeCreateOrder -->
        <test-method signature="testOrderUpdateDispatchCreateOrder()[pri:0, instance:orderUpdateDispatch.TestsOrderUpdateDispatch@71d44a3]" started-at="2025-01-07T15:43:19 IST" name="testOrderUpdateDispatchCreateOrder" finished-at="2025-01-07T15:43:20 IST" depends-on-methods="orderUpdateDispatch.TestsOrderUpdateDispatch.testOrderUpdateDispatchInventoryDetailsBeforeCreateOrder" duration-ms="214" status="PASS">
          <reporter-output>
          </reporter-output>
        </test-method> <!-- testOrderUpdateDispatchCreateOrder -->
        <test-method signature="testOrderUpdateDispatchInventoryDetailsAfterCreateOrder()[pri:0, instance:orderUpdateDispatch.TestsOrderUpdateDispatch@71d44a3]" started-at="2025-01-07T15:43:20 IST" name="testOrderUpdateDispatchInventoryDetailsAfterCreateOrder" finished-at="2025-01-07T15:43:20 IST" depends-on-methods="orderUpdateDispatch.TestsOrderUpdateDispatch.testOrderUpdateDispatchCreateOrder" duration-ms="172" status="PASS">
          <reporter-output>
          </reporter-output>
        </test-method> <!-- testOrderUpdateDispatchInventoryDetailsAfterCreateOrder -->
        <test-method signature="testOrderUpdateDispatchBatchAssign()[pri:0, instance:orderUpdateDispatch.TestsOrderUpdateDispatch@71d44a3]" started-at="2025-01-07T15:43:20 IST" name="testOrderUpdateDispatchBatchAssign" finished-at="2025-01-07T15:43:20 IST" depends-on-methods="orderUpdateDispatch.TestsOrderUpdateDispatch.testOrderUpdateDispatchInventoryDetailsAfterCreateOrder" duration-ms="418" status="PASS">
          <reporter-output>
          </reporter-output>
        </test-method> <!-- testOrderUpdateDispatchBatchAssign -->
        <test-method signature="testOrderUpdateDispatchInventoryDetailsAfterBatchAssign()[pri:0, instance:orderUpdateDispatch.TestsOrderUpdateDispatch@71d44a3]" started-at="2025-01-07T15:43:20 IST" name="testOrderUpdateDispatchInventoryDetailsAfterBatchAssign" finished-at="2025-01-07T15:43:20 IST" depends-on-methods="orderUpdateDispatch.TestsOrderUpdateDispatch.testOrderUpdateDispatchBatchAssign" duration-ms="145" status="PASS">
          <reporter-output>
          </reporter-output>
        </test-method> <!-- testOrderUpdateDispatchInventoryDetailsAfterBatchAssign -->
        <test-method signature="testOrderUpdateDispatchMarkPacked()[pri:0, instance:orderUpdateDispatch.TestsOrderUpdateDispatch@71d44a3]" started-at="2025-01-07T15:43:20 IST" name="testOrderUpdateDispatchMarkPacked" finished-at="2025-01-07T15:43:21 IST" depends-on-methods="orderUpdateDispatch.TestsOrderUpdateDispatch.testOrderUpdateDispatchInventoryDetailsAfterBatchAssign" duration-ms="96" status="PASS">
          <reporter-output>
          </reporter-output>
        </test-method> <!-- testOrderUpdateDispatchMarkPacked -->
        <test-method signature="testOrderUpdateDispatchInventoryDetailsAfterMarkPacked()[pri:0, instance:orderUpdateDispatch.TestsOrderUpdateDispatch@71d44a3]" started-at="2025-01-07T15:43:21 IST" name="testOrderUpdateDispatchInventoryDetailsAfterMarkPacked" finished-at="2025-01-07T15:43:21 IST" depends-on-methods="orderUpdateDispatch.TestsOrderUpdateDispatch.testOrderUpdateDispatchMarkPacked" duration-ms="136" status="PASS">
          <reporter-output>
          </reporter-output>
        </test-method> <!-- testOrderUpdateDispatchInventoryDetailsAfterMarkPacked -->
        <test-method signature="testOrderUpdateDispatchCreateShipment()[pri:0, instance:orderUpdateDispatch.TestsOrderUpdateDispatch@71d44a3]" started-at="2025-01-07T15:43:21 IST" name="testOrderUpdateDispatchCreateShipment" finished-at="2025-01-07T15:43:21 IST" depends-on-methods="orderUpdateDispatch.TestsOrderUpdateDispatch.testOrderUpdateDispatchInventoryDetailsAfterMarkPacked" duration-ms="149" status="PASS">
          <reporter-output>
          </reporter-output>
        </test-method> <!-- testOrderUpdateDispatchCreateShipment -->
        <test-method signature="testOrderUpdateDispatchInventoryDetailsAfterCreateShipment()[pri:0, instance:orderUpdateDispatch.TestsOrderUpdateDispatch@71d44a3]" started-at="2025-01-07T15:43:21 IST" name="testOrderUpdateDispatchInventoryDetailsAfterCreateShipment" finished-at="2025-01-07T15:43:21 IST" depends-on-methods="orderUpdateDispatch.TestsOrderUpdateDispatch.testOrderUpdateDispatchCreateShipment" duration-ms="135" status="PASS">
          <reporter-output>
          </reporter-output>
        </test-method> <!-- testOrderUpdateDispatchInventoryDetailsAfterCreateShipment -->
        <test-method signature="testOrderUpdateDispatchDispatch()[pri:0, instance:orderUpdateDispatch.TestsOrderUpdateDispatch@71d44a3]" started-at="2025-01-07T15:43:21 IST" name="testOrderUpdateDispatchDispatch" finished-at="2025-01-07T15:43:21 IST" depends-on-methods="orderUpdateDispatch.TestsOrderUpdateDispatch.testOrderUpdateDispatchInventoryDetailsAfterCreateShipment" duration-ms="135" status="PASS">
          <reporter-output>
          </reporter-output>
        </test-method> <!-- testOrderUpdateDispatchDispatch -->
        <test-method signature="testOrderUpdateDispatchInventoryDetailsAfterDispatch()[pri:0, instance:orderUpdateDispatch.TestsOrderUpdateDispatch@71d44a3]" started-at="2025-01-07T15:43:21 IST" name="testOrderUpdateDispatchInventoryDetailsAfterDispatch" finished-at="2025-01-07T15:43:21 IST" depends-on-methods="orderUpdateDispatch.TestsOrderUpdateDispatch.testOrderUpdateDispatchDispatch" duration-ms="146" status="PASS">
          <reporter-output>
          </reporter-output>
        </test-method> <!-- testOrderUpdateDispatchInventoryDetailsAfterDispatch -->
        <test-method signature="testOrderUpdateDispatchUpdateOrder()[pri:0, instance:orderUpdateDispatch.TestsOrderUpdateDispatch@71d44a3]" started-at="2025-01-07T15:43:21 IST" name="testOrderUpdateDispatchUpdateOrder" finished-at="2025-01-07T15:43:21 IST" depends-on-methods="orderUpdateDispatch.TestsOrderUpdateDispatch.testOrderUpdateDispatchInventoryDetailsAfterDispatch" duration-ms="153" status="PASS">
          <reporter-output>
          </reporter-output>
        </test-method> <!-- testOrderUpdateDispatchUpdateOrder -->
        <test-method signature="testOrderUpdateDispatchInventoryDetailsAfterUpdateOrder()[pri:0, instance:orderUpdateDispatch.TestsOrderUpdateDispatch@71d44a3]" started-at="2025-01-07T15:43:21 IST" name="testOrderUpdateDispatchInventoryDetailsAfterUpdateOrder" finished-at="2025-01-07T15:43:22 IST" depends-on-methods="orderUpdateDispatch.TestsOrderUpdateDispatch.testOrderUpdateDispatchUpdateOrder" duration-ms="132" status="FAIL">
          <exception class="java.lang.AssertionError">
            <message>
              <![CDATA[The following asserts failed:
Pending Stock value Before Create Order is: 167, New Ordered Quantity is: 7, Expected Pending Stock value (Pending Stock Value Before Updating Order + New Ordered Quantity) After Update Order is: 174, But Actual Pending Stock value After Update Order is: 172. Incorrect,
Expected Intransient Stock value (Intransient Stock value After Update Order = Intransient Stock value Before Create Order) After Update Order is: 88 But Actual Intransient Stock value After Update Order is: 90. Incorrect,
Expected Available Stock value (Available Stock value After Update Order = Available Stock value Before Create Order) After Update Order is: 99906 But Actual Available Stock value After Update Order is: 99904. Incorrect]]>
            </message>
            <full-stacktrace>
              <![CDATA[java.lang.AssertionError: The following asserts failed:
Pending Stock value Before Create Order is: 167, New Ordered Quantity is: 7, Expected Pending Stock value (Pending Stock Value Before Updating Order + New Ordered Quantity) After Update Order is: 174, But Actual Pending Stock value After Update Order is: 172. Incorrect,
Expected Intransient Stock value (Intransient Stock value After Update Order = Intransient Stock value Before Create Order) After Update Order is: 88 But Actual Intransient Stock value After Update Order is: 90. Incorrect,
Expected Available Stock value (Available Stock value After Update Order = Available Stock value Before Create Order) After Update Order is: 99906 But Actual Available Stock value After Update Order is: 99904. Incorrect
at org.testng.asserts.SoftAssert.assertAll(SoftAssert.java:46)
at org.testng.asserts.SoftAssert.assertAll(SoftAssert.java:30)
at orderUpdateDispatch.TestsOrderUpdateDispatch.testOrderUpdateDispatchInventoryDetailsAfterUpdateOrder(TestsOrderUpdateDispatch.java:543)
at java.base/jdk.internal.reflect.NativeMethodAccessorImpl.invoke0(Native Method)
at java.base/jdk.internal.reflect.NativeMethodAccessorImpl.invoke(NativeMethodAccessorImpl.java:77)
at java.base/jdk.internal.reflect.DelegatingMethodAccessorImpl.invoke(DelegatingMethodAccessorImpl.java:43)
at java.base/java.lang.reflect.Method.invoke(Method.java:569)
at org.testng.internal.invokers.MethodInvocationHelper.invokeMethod(MethodInvocationHelper.java:141)
at org.testng.internal.invokers.TestInvoker.invokeMethod(TestInvoker.java:686)
at org.testng.internal.invokers.TestInvoker.invokeTestMethod(TestInvoker.java:230)
at org.testng.internal.invokers.MethodRunner.runInSequence(MethodRunner.java:63)
at org.testng.internal.invokers.TestInvoker$MethodInvocationAgent.invoke(TestInvoker.java:992)
at org.testng.internal.invokers.TestInvoker.invokeTestMethods(TestInvoker.java:203)
at org.testng.internal.invokers.TestMethodWorker.invokeTestMethods(TestMethodWorker.java:154)
at org.testng.internal.invokers.TestMethodWorker.run(TestMethodWorker.java:134)
at java.base/java.util.ArrayList.forEach(ArrayList.java:1511)
at org.testng.TestRunner.privateRun(TestRunner.java:739)
at org.testng.TestRunner.run(TestRunner.java:614)
at org.testng.SuiteRunner.runTest(SuiteRunner.java:421)
at org.testng.SuiteRunner.runSequentially(SuiteRunner.java:413)
at org.testng.SuiteRunner.privateRun(SuiteRunner.java:373)
at org.testng.SuiteRunner.run(SuiteRunner.java:312)
at org.testng.SuiteRunnerWorker.runSuite(SuiteRunnerWorker.java:52)
at org.testng.SuiteRunnerWorker.run(SuiteRunnerWorker.java:95)
at org.testng.TestNG.runSuitesSequentially(TestNG.java:1274)
at org.testng.TestNG.runSuitesLocally(TestNG.java:1208)
at org.testng.TestNG.runSuites(TestNG.java:1112)
at org.testng.TestNG.run(TestNG.java:1079)
at org.apache.maven.surefire.testng.TestNGExecutor.run(TestNGExecutor.java:308)
at org.apache.maven.surefire.testng.TestNGXmlTestSuite.execute(TestNGXmlTestSuite.java:71)
at org.apache.maven.surefire.testng.TestNGProvider.invoke(TestNGProvider.java:113)
at org.apache.maven.surefire.booter.ForkedBooter.runSuitesInProcess(ForkedBooter.java:385)
at org.apache.maven.surefire.booter.ForkedBooter.execute(ForkedBooter.java:162)
at org.apache.maven.surefire.booter.ForkedBooter.run(ForkedBooter.java:507)
at org.apache.maven.surefire.booter.ForkedBooter.main(ForkedBooter.java:495)
]]>
            </full-stacktrace>
          </exception> <!-- java.lang.AssertionError -->
          <reporter-output>
          </reporter-output>
        </test-method> <!-- testOrderUpdateDispatchInventoryDetailsAfterUpdateOrder -->
      </class> <!-- orderUpdateDispatch.TestsOrderUpdateDispatch -->
      <class name="orderFlowNegative.TestsOrderFlowNegative">
        <test-method signature="testOrderFlowNegativeInventoryDetailsBeforeCreateOrder()[pri:1, instance:orderFlowNegative.TestsOrderFlowNegative@14cd1699]" started-at="2025-01-07T15:43:13 IST" name="testOrderFlowNegativeInventoryDetailsBeforeCreateOrder" finished-at="2025-01-07T15:43:13 IST" duration-ms="175" status="PASS">
          <reporter-output>
          </reporter-output>
        </test-method> <!-- testOrderFlowNegativeInventoryDetailsBeforeCreateOrder -->
        <test-method signature="testOrderFlowNegativecreateOrder()[pri:0, instance:orderFlowNegative.TestsOrderFlowNegative@14cd1699]" started-at="2025-01-07T15:43:13 IST" name="testOrderFlowNegativecreateOrder" finished-at="2025-01-07T15:43:13 IST" depends-on-methods="orderFlowNegative.TestsOrderFlowNegative.testOrderFlowNegativeInventoryDetailsBeforeCreateOrder" duration-ms="148" status="PASS">
          <reporter-output>
          </reporter-output>
        </test-method> <!-- testOrderFlowNegativecreateOrder -->
        <test-method signature="testOrderFlowNegativeInventoryDetailsAfterCreateOrder()[pri:0, instance:orderFlowNegative.TestsOrderFlowNegative@14cd1699]" started-at="2025-01-07T15:43:13 IST" name="testOrderFlowNegativeInventoryDetailsAfterCreateOrder" finished-at="2025-01-07T15:43:13 IST" depends-on-methods="orderFlowNegative.TestsOrderFlowNegative.testOrderFlowNegativecreateOrder" duration-ms="167" status="PASS">
          <reporter-output>
          </reporter-output>
        </test-method> <!-- testOrderFlowNegativeInventoryDetailsAfterCreateOrder -->
        <test-method signature="testOrderFlowNegativeBatchAssign()[pri:0, instance:orderFlowNegative.TestsOrderFlowNegative@14cd1699]" started-at="2025-01-07T15:43:13 IST" name="testOrderFlowNegativeBatchAssign" finished-at="2025-01-07T15:43:13 IST" depends-on-methods="orderFlowNegative.TestsOrderFlowNegative.testOrderFlowNegativeInventoryDetailsAfterCreateOrder" duration-ms="132" status="PASS">
          <reporter-output>
          </reporter-output>
        </test-method> <!-- testOrderFlowNegativeBatchAssign -->
        <test-method signature="testOrderFlowNegativeInventoryDetailsAfterBatchAssign()[pri:0, instance:orderFlowNegative.TestsOrderFlowNegative@14cd1699]" started-at="2025-01-07T15:43:13 IST" name="testOrderFlowNegativeInventoryDetailsAfterBatchAssign" finished-at="2025-01-07T15:43:13 IST" depends-on-methods="orderFlowNegative.TestsOrderFlowNegative.testOrderFlowNegativeBatchAssign" duration-ms="154" status="PASS">
          <reporter-output>
          </reporter-output>
        </test-method> <!-- testOrderFlowNegativeInventoryDetailsAfterBatchAssign -->
        <test-method signature="testOrderFlowNegativeMarkPacked()[pri:0, instance:orderFlowNegative.TestsOrderFlowNegative@14cd1699]" started-at="2025-01-07T15:43:13 IST" name="testOrderFlowNegativeMarkPacked" finished-at="2025-01-07T15:43:14 IST" depends-on-methods="orderFlowNegative.TestsOrderFlowNegative.testOrderFlowNegativeInventoryDetailsAfterBatchAssign" duration-ms="112" status="PASS">
          <reporter-output>
          </reporter-output>
        </test-method> <!-- testOrderFlowNegativeMarkPacked -->
        <test-method signature="testOrderFlowNegativeInventoryDetailsAfterMarkPacked()[pri:0, instance:orderFlowNegative.TestsOrderFlowNegative@14cd1699]" started-at="2025-01-07T15:43:14 IST" name="testOrderFlowNegativeInventoryDetailsAfterMarkPacked" finished-at="2025-01-07T15:43:14 IST" depends-on-methods="orderFlowNegative.TestsOrderFlowNegative.testOrderFlowNegativeMarkPacked" duration-ms="143" status="PASS">
          <reporter-output>
          </reporter-output>
        </test-method> <!-- testOrderFlowNegativeInventoryDetailsAfterMarkPacked -->
        <test-method signature="testOrderFlowNegativeCreateShipment()[pri:0, instance:orderFlowNegative.TestsOrderFlowNegative@14cd1699]" started-at="2025-01-07T15:43:14 IST" name="testOrderFlowNegativeCreateShipment" finished-at="2025-01-07T15:43:14 IST" depends-on-methods="orderFlowNegative.TestsOrderFlowNegative.testOrderFlowNegativeInventoryDetailsAfterMarkPacked" duration-ms="137" status="PASS">
          <reporter-output>
          </reporter-output>
        </test-method> <!-- testOrderFlowNegativeCreateShipment -->
        <test-method signature="testOrderFlowNegativeInventoryDetailsAfterCreateShipment()[pri:0, instance:orderFlowNegative.TestsOrderFlowNegative@14cd1699]" started-at="2025-01-07T15:43:14 IST" name="testOrderFlowNegativeInventoryDetailsAfterCreateShipment" finished-at="2025-01-07T15:43:14 IST" depends-on-methods="orderFlowNegative.TestsOrderFlowNegative.testOrderFlowNegativeCreateShipment" duration-ms="157" status="PASS">
          <reporter-output>
          </reporter-output>
        </test-method> <!-- testOrderFlowNegativeInventoryDetailsAfterCreateShipment -->
        <test-method signature="testOrderFlowNegativeDispatch()[pri:0, instance:orderFlowNegative.TestsOrderFlowNegative@14cd1699]" started-at="2025-01-07T15:43:14 IST" name="testOrderFlowNegativeDispatch" finished-at="2025-01-07T15:43:14 IST" depends-on-methods="orderFlowNegative.TestsOrderFlowNegative.testOrderFlowNegativeInventoryDetailsAfterCreateShipment" duration-ms="133" status="PASS">
          <reporter-output>
          </reporter-output>
        </test-method> <!-- testOrderFlowNegativeDispatch -->
        <test-method signature="testOrderFlowNegativeInventoryDetailsAfterDispatch()[pri:0, instance:orderFlowNegative.TestsOrderFlowNegative@14cd1699]" started-at="2025-01-07T15:43:14 IST" name="testOrderFlowNegativeInventoryDetailsAfterDispatch" finished-at="2025-01-07T15:43:14 IST" depends-on-methods="orderFlowNegative.TestsOrderFlowNegative.testOrderFlowNegativeDispatch" duration-ms="148" status="PASS">
          <reporter-output>
          </reporter-output>
        </test-method> <!-- testOrderFlowNegativeInventoryDetailsAfterDispatch -->
        <test-method signature="testOrderFlowNegativeMarkShipped()[pri:0, instance:orderFlowNegative.TestsOrderFlowNegative@14cd1699]" started-at="2025-01-07T15:43:14 IST" name="testOrderFlowNegativeMarkShipped" finished-at="2025-01-07T15:43:14 IST" depends-on-methods="orderFlowNegative.TestsOrderFlowNegative.testOrderFlowNegativeInventoryDetailsAfterDispatch" duration-ms="98" status="PASS">
          <reporter-output>
          </reporter-output>
        </test-method> <!-- testOrderFlowNegativeMarkShipped -->
        <test-method signature="testOrderFlowNegativeInventoryDetailsAfterMarkShipped()[pri:0, instance:orderFlowNegative.TestsOrderFlowNegative@14cd1699]" started-at="2025-01-07T15:43:14 IST" name="testOrderFlowNegativeInventoryDetailsAfterMarkShipped" finished-at="2025-01-07T15:43:15 IST" depends-on-methods="orderFlowNegative.TestsOrderFlowNegative.testOrderFlowNegativeMarkShipped" duration-ms="138" status="PASS">
          <reporter-output>
          </reporter-output>
        </test-method> <!-- testOrderFlowNegativeInventoryDetailsAfterMarkShipped -->
        <test-method signature="testOrderFlowNegativeInvoiceNumber()[pri:0, instance:orderFlowNegative.TestsOrderFlowNegative@14cd1699]" started-at="2025-01-07T15:43:15 IST" name="testOrderFlowNegativeInvoiceNumber" finished-at="2025-01-07T15:43:15 IST" depends-on-methods="orderFlowNegative.TestsOrderFlowNegative.testOrderFlowNegativeInventoryDetailsAfterMarkShipped" duration-ms="113" status="PASS">
          <reporter-output>
          </reporter-output>
        </test-method> <!-- testOrderFlowNegativeInvoiceNumber -->
        <test-method signature="testOrderFlowNegativeInventoryDetailsAfterInvoiceNumber()[pri:0, instance:orderFlowNegative.TestsOrderFlowNegative@14cd1699]" started-at="2025-01-07T15:43:15 IST" name="testOrderFlowNegativeInventoryDetailsAfterInvoiceNumber" finished-at="2025-01-07T15:43:15 IST" depends-on-methods="orderFlowNegative.TestsOrderFlowNegative.testOrderFlowNegativeInvoiceNumber" duration-ms="173" status="PASS">
          <reporter-output>
          </reporter-output>
        </test-method> <!-- testOrderFlowNegativeInventoryDetailsAfterInvoiceNumber -->
        <test-method signature="testOrderFlowNegativeDeliver()[pri:0, instance:orderFlowNegative.TestsOrderFlowNegative@14cd1699]" started-at="2025-01-07T15:43:15 IST" name="testOrderFlowNegativeDeliver" finished-at="2025-01-07T15:43:15 IST" depends-on-methods="orderFlowNegative.TestsOrderFlowNegative.testOrderFlowNegativeInventoryDetailsAfterInvoiceNumber" duration-ms="99" status="PASS">
          <reporter-output>
          </reporter-output>
        </test-method> <!-- testOrderFlowNegativeDeliver -->
        <test-method signature="testOrderFlowNegativeInventoryDetailsAfterDeliver()[pri:0, instance:orderFlowNegative.TestsOrderFlowNegative@14cd1699]" started-at="2025-01-07T15:43:15 IST" name="testOrderFlowNegativeInventoryDetailsAfterDeliver" finished-at="2025-01-07T15:43:15 IST" depends-on-methods="orderFlowNegative.TestsOrderFlowNegative.testOrderFlowNegativeDeliver" duration-ms="137" status="PASS">
          <reporter-output>
          </reporter-output>
        </test-method> <!-- testOrderFlowNegativeInventoryDetailsAfterDeliver -->
        <test-method signature="testOrderFlowNegativeActionCompleteQC()[pri:0, instance:orderFlowNegative.TestsOrderFlowNegative@14cd1699]" started-at="2025-01-07T15:43:15 IST" name="testOrderFlowNegativeActionCompleteQC" finished-at="2025-01-07T15:43:15 IST" depends-on-methods="orderFlowNegative.TestsOrderFlowNegative.testOrderFlowNegativeInventoryDetailsAfterDeliver" duration-ms="106" status="PASS">
          <reporter-output>
          </reporter-output>
        </test-method> <!-- testOrderFlowNegativeActionCompleteQC -->
        <test-method signature="testOrderFlowNegativeInventoryDetailsAfterActionCompleteQC()[pri:0, instance:orderFlowNegative.TestsOrderFlowNegative@14cd1699]" started-at="2025-01-07T15:43:15 IST" name="testOrderFlowNegativeInventoryDetailsAfterActionCompleteQC" finished-at="2025-01-07T15:43:15 IST" depends-on-methods="orderFlowNegative.TestsOrderFlowNegative.testOrderFlowNegativeActionCompleteQC" duration-ms="141" status="PASS">
          <reporter-output>
          </reporter-output>
        </test-method> <!-- testOrderFlowNegativeInventoryDetailsAfterActionCompleteQC -->
        <test-method signature="testOrderFlowNegativeRejectItemQC()[pri:0, instance:orderFlowNegative.TestsOrderFlowNegative@14cd1699]" started-at="2025-01-07T15:43:15 IST" name="testOrderFlowNegativeRejectItemQC" finished-at="2025-01-07T15:43:15 IST" depends-on-methods="orderFlowNegative.TestsOrderFlowNegative.testOrderFlowNegativeInventoryDetailsAfterActionCompleteQC" duration-ms="105" status="PASS">
          <reporter-output>
          </reporter-output>
        </test-method> <!-- testOrderFlowNegativeRejectItemQC -->
        <test-method signature="testOrderFlowNegativeInventoryDetailsAfterRejectItemQC()[pri:0, instance:orderFlowNegative.TestsOrderFlowNegative@14cd1699]" started-at="2025-01-07T15:43:15 IST" name="testOrderFlowNegativeInventoryDetailsAfterRejectItemQC" finished-at="2025-01-07T15:43:16 IST" depends-on-methods="orderFlowNegative.TestsOrderFlowNegative.testOrderFlowNegativeRejectItemQC" duration-ms="145" status="PASS">
          <reporter-output>
          </reporter-output>
        </test-method> <!-- testOrderFlowNegativeInventoryDetailsAfterRejectItemQC -->
        <test-method signature="testOrderFlowNegativeCompleteQC()[pri:0, instance:orderFlowNegative.TestsOrderFlowNegative@14cd1699]" started-at="2025-01-07T15:43:16 IST" name="testOrderFlowNegativeCompleteQC" finished-at="2025-01-07T15:43:16 IST" depends-on-methods="orderFlowNegative.TestsOrderFlowNegative.testOrderFlowNegativeInventoryDetailsAfterRejectItemQC" duration-ms="115" status="PASS">
          <reporter-output>
          </reporter-output>
        </test-method> <!-- testOrderFlowNegativeCompleteQC -->
        <test-method signature="testOrderFlowNegativeInventoryDetailsAfterCompleteQC()[pri:0, instance:orderFlowNegative.TestsOrderFlowNegative@14cd1699]" started-at="2025-01-07T15:43:16 IST" name="testOrderFlowNegativeInventoryDetailsAfterCompleteQC" finished-at="2025-01-07T15:43:16 IST" depends-on-methods="orderFlowNegative.TestsOrderFlowNegative.testOrderFlowNegativeCompleteQC" duration-ms="176" status="PASS">
          <reporter-output>
          </reporter-output>
        </test-method> <!-- testOrderFlowNegativeInventoryDetailsAfterCompleteQC -->
        <test-method signature="testOrderFlowNegativeInventorySettlement()[pri:0, instance:orderFlowNegative.TestsOrderFlowNegative@14cd1699]" started-at="2025-01-07T15:43:16 IST" name="testOrderFlowNegativeInventorySettlement" finished-at="2025-01-07T15:43:16 IST" depends-on-methods="orderFlowNegative.TestsOrderFlowNegative.testOrderFlowNegativeInventoryDetailsAfterCompleteQC" duration-ms="127" status="PASS">
          <reporter-output>
          </reporter-output>
        </test-method> <!-- testOrderFlowNegativeInventorySettlement -->
        <test-method signature="testOrderFlowNegativeInventoryDetailsAfterInventorySettlement()[pri:0, instance:orderFlowNegative.TestsOrderFlowNegative@14cd1699]" started-at="2025-01-07T15:43:16 IST" name="testOrderFlowNegativeInventoryDetailsAfterInventorySettlement" finished-at="2025-01-07T15:43:16 IST" depends-on-methods="orderFlowNegative.TestsOrderFlowNegative.testOrderFlowNegativeInventorySettlement" duration-ms="136" status="PASS">
          <reporter-output>
          </reporter-output>
        </test-method> <!-- testOrderFlowNegativeInventoryDetailsAfterInventorySettlement -->
        <test-method signature="testOrderFlowNegativeOrderIdReturn()[pri:0, instance:orderFlowNegative.TestsOrderFlowNegative@14cd1699]" started-at="2025-01-07T15:43:16 IST" name="testOrderFlowNegativeOrderIdReturn" finished-at="2025-01-07T15:43:16 IST" depends-on-methods="orderFlowNegative.TestsOrderFlowNegative.testOrderFlowNegativeInventoryDetailsAfterInventorySettlement" duration-ms="79" status="PASS">
          <reporter-output>
          </reporter-output>
        </test-method> <!-- testOrderFlowNegativeOrderIdReturn -->
        <test-method signature="testOrderFlowNegativeInventoryAfterDetailsOrderIdReturn()[pri:0, instance:orderFlowNegative.TestsOrderFlowNegative@14cd1699]" started-at="2025-01-07T15:43:16 IST" name="testOrderFlowNegativeInventoryAfterDetailsOrderIdReturn" finished-at="2025-01-07T15:43:16 IST" depends-on-methods="orderFlowNegative.TestsOrderFlowNegative.testOrderFlowNegativeOrderIdReturn" duration-ms="134" status="PASS">
          <reporter-output>
          </reporter-output>
        </test-method> <!-- testOrderFlowNegativeInventoryAfterDetailsOrderIdReturn -->
        <test-method signature="testOrderFlowNegativeActionCompleteQCReturn()[pri:0, instance:orderFlowNegative.TestsOrderFlowNegative@14cd1699]" started-at="2025-01-07T15:43:16 IST" name="testOrderFlowNegativeActionCompleteQCReturn" finished-at="2025-01-07T15:43:16 IST" depends-on-methods="orderFlowNegative.TestsOrderFlowNegative.testOrderFlowNegativeInventoryAfterDetailsOrderIdReturn" duration-ms="113" status="PASS">
          <reporter-output>
          </reporter-output>
        </test-method> <!-- testOrderFlowNegativeActionCompleteQCReturn -->
        <test-method signature="testOrderFlowNegativeInventoryDetailsAfterActionCompleteQCReturn()[pri:0, instance:orderFlowNegative.TestsOrderFlowNegative@14cd1699]" started-at="2025-01-07T15:43:16 IST" name="testOrderFlowNegativeInventoryDetailsAfterActionCompleteQCReturn" finished-at="2025-01-07T15:43:17 IST" depends-on-methods="orderFlowNegative.TestsOrderFlowNegative.testOrderFlowNegativeActionCompleteQCReturn" duration-ms="157" status="PASS">
          <reporter-output>
          </reporter-output>
        </test-method> <!-- testOrderFlowNegativeInventoryDetailsAfterActionCompleteQCReturn -->
        <test-method signature="testOrderFlowNegativeAcceptItemQCReturn()[pri:0, instance:orderFlowNegative.TestsOrderFlowNegative@14cd1699]" started-at="2025-01-07T15:43:17 IST" name="testOrderFlowNegativeAcceptItemQCReturn" finished-at="2025-01-07T15:43:17 IST" depends-on-methods="orderFlowNegative.TestsOrderFlowNegative.testOrderFlowNegativeInventoryDetailsAfterActionCompleteQCReturn" duration-ms="98" status="PASS">
          <reporter-output>
          </reporter-output>
        </test-method> <!-- testOrderFlowNegativeAcceptItemQCReturn -->
        <test-method signature="testOrderFlowNegativeInventoryDetailsAfterAcceptItemQCReturn()[pri:0, instance:orderFlowNegative.TestsOrderFlowNegative@14cd1699]" started-at="2025-01-07T15:43:17 IST" name="testOrderFlowNegativeInventoryDetailsAfterAcceptItemQCReturn" finished-at="2025-01-07T15:43:17 IST" depends-on-methods="orderFlowNegative.TestsOrderFlowNegative.testOrderFlowNegativeAcceptItemQCReturn" duration-ms="141" status="PASS">
          <reporter-output>
          </reporter-output>
        </test-method> <!-- testOrderFlowNegativeInventoryDetailsAfterAcceptItemQCReturn -->
        <test-method signature="testOrderFlowNegativeCompleteQCReturn()[pri:0, instance:orderFlowNegative.TestsOrderFlowNegative@14cd1699]" started-at="2025-01-07T15:43:17 IST" name="testOrderFlowNegativeCompleteQCReturn" finished-at="2025-01-07T15:43:17 IST" depends-on-methods="orderFlowNegative.TestsOrderFlowNegative.testOrderFlowNegativeInventoryDetailsAfterAcceptItemQCReturn" duration-ms="104" status="PASS">
          <reporter-output>
          </reporter-output>
        </test-method> <!-- testOrderFlowNegativeCompleteQCReturn -->
        <test-method signature="testOrderFlowNegativeInventoryDetailsAfterCompleteQCReturn()[pri:0, instance:orderFlowNegative.TestsOrderFlowNegative@14cd1699]" started-at="2025-01-07T15:43:17 IST" name="testOrderFlowNegativeInventoryDetailsAfterCompleteQCReturn" finished-at="2025-01-07T15:43:17 IST" depends-on-methods="orderFlowNegative.TestsOrderFlowNegative.testOrderFlowNegativeCompleteQCReturn" duration-ms="137" status="PASS">
          <reporter-output>
          </reporter-output>
        </test-method> <!-- testOrderFlowNegativeInventoryDetailsAfterCompleteQCReturn -->
        <test-method signature="testOrderFlowNegativeInventorySettlementReturn()[pri:0, instance:orderFlowNegative.TestsOrderFlowNegative@14cd1699]" started-at="2025-01-07T15:43:17 IST" name="testOrderFlowNegativeInventorySettlementReturn" finished-at="2025-01-07T15:43:17 IST" depends-on-methods="orderFlowNegative.TestsOrderFlowNegative.testOrderFlowNegativeInventoryDetailsAfterCompleteQCReturn" duration-ms="135" status="PASS">
          <reporter-output>
          </reporter-output>
        </test-method> <!-- testOrderFlowNegativeInventorySettlementReturn -->
        <test-method signature="testOrderFlowNegativeInventoryDetailsAfterInventorySettlementReturn()[pri:0, instance:orderFlowNegative.TestsOrderFlowNegative@14cd1699]" started-at="2025-01-07T15:43:17 IST" name="testOrderFlowNegativeInventoryDetailsAfterInventorySettlementReturn" finished-at="2025-01-07T15:43:17 IST" depends-on-methods="orderFlowNegative.TestsOrderFlowNegative.testOrderFlowNegativeInventorySettlementReturn" duration-ms="134" status="PASS">
          <reporter-output>
          </reporter-output>
        </test-method> <!-- testOrderFlowNegativeInventoryDetailsAfterInventorySettlementReturn -->
      </class> <!-- orderFlowNegative.TestsOrderFlowNegative -->
      <class name="orderCancelCreateOrder.TestsOrderCancelCreateOrder">
        <test-method signature="testOrderCancelCreateOrderInventoryDetailsBeforeCreateOrder()[pri:1, instance:orderCancelCreateOrder.TestsOrderCancelCreateOrder@73a1e9a9]" started-at="2025-01-07T15:43:19 IST" name="testOrderCancelCreateOrderInventoryDetailsBeforeCreateOrder" finished-at="2025-01-07T15:43:19 IST" duration-ms="137" status="PASS">
          <reporter-output>
          </reporter-output>
        </test-method> <!-- testOrderCancelCreateOrderInventoryDetailsBeforeCreateOrder -->
        <test-method signature="testOrderCancelCreateOrderCreateOrder()[pri:0, instance:orderCancelCreateOrder.TestsOrderCancelCreateOrder@73a1e9a9]" started-at="2025-01-07T15:43:19 IST" name="testOrderCancelCreateOrderCreateOrder" finished-at="2025-01-07T15:43:19 IST" depends-on-methods="orderCancelCreateOrder.TestsOrderCancelCreateOrder.testOrderCancelCreateOrderInventoryDetailsBeforeCreateOrder" duration-ms="148" status="PASS">
          <reporter-output>
          </reporter-output>
        </test-method> <!-- testOrderCancelCreateOrderCreateOrder -->
        <test-method signature="testOrderCancelCreateOrderInventoryDetailsAfterCreateOrder()[pri:0, instance:orderCancelCreateOrder.TestsOrderCancelCreateOrder@73a1e9a9]" started-at="2025-01-07T15:43:19 IST" name="testOrderCancelCreateOrderInventoryDetailsAfterCreateOrder" finished-at="2025-01-07T15:43:19 IST" depends-on-methods="orderCancelCreateOrder.TestsOrderCancelCreateOrder.testOrderCancelCreateOrderCreateOrder" duration-ms="141" status="PASS">
          <reporter-output>
          </reporter-output>
        </test-method> <!-- testOrderCancelCreateOrderInventoryDetailsAfterCreateOrder -->
        <test-method signature="testOrderCancelCreateOrderCancelOrder()[pri:0, instance:orderCancelCreateOrder.TestsOrderCancelCreateOrder@73a1e9a9]" started-at="2025-01-07T15:43:19 IST" name="testOrderCancelCreateOrderCancelOrder" finished-at="2025-01-07T15:43:19 IST" depends-on-methods="orderCancelCreateOrder.TestsOrderCancelCreateOrder.testOrderCancelCreateOrderInventoryDetailsAfterCreateOrder" duration-ms="119" status="PASS">
          <reporter-output>
          </reporter-output>
        </test-method> <!-- testOrderCancelCreateOrderCancelOrder -->
        <test-method signature="testOrderCancelCreateOrderInventoryDetailsAfterCancelOrder()[pri:0, instance:orderCancelCreateOrder.TestsOrderCancelCreateOrder@73a1e9a9]" started-at="2025-01-07T15:43:19 IST" name="testOrderCancelCreateOrderInventoryDetailsAfterCancelOrder" finished-at="2025-01-07T15:43:19 IST" depends-on-methods="orderCancelCreateOrder.TestsOrderCancelCreateOrder.testOrderCancelCreateOrderCancelOrder" duration-ms="137" status="PASS">
          <reporter-output>
          </reporter-output>
        </test-method> <!-- testOrderCancelCreateOrderInventoryDetailsAfterCancelOrder -->
      </class> <!-- orderCancelCreateOrder.TestsOrderCancelCreateOrder -->
      <class name="bearerTokenGenerate.TestsBearerTokenGenerate">
        <test-method signature="testOrderFlowGenerateToken()[pri:1, instance:bearerTokenGenerate.TestsBearerTokenGenerate@1aafa419]" started-at="2025-01-07T15:43:05 IST" name="testOrderFlowGenerateToken" finished-at="2025-01-07T15:43:08 IST" duration-ms="2765" status="PASS">
          <reporter-output>
          </reporter-output>
        </test-method> <!-- testOrderFlowGenerateToken -->
      </class> <!-- bearerTokenGenerate.TestsBearerTokenGenerate -->
      <class name="orderSplit.TestsOrderSplit">
        <test-method signature="testOrderSplitInventoryDetailsBeforeCreateOrder()[pri:1, instance:orderSplit.TestsOrderSplit@77888435]" started-at="2025-01-07T15:43:17 IST" name="testOrderSplitInventoryDetailsBeforeCreateOrder" finished-at="2025-01-07T15:43:18 IST" duration-ms="143" status="PASS">
          <reporter-output>
          </reporter-output>
        </test-method> <!-- testOrderSplitInventoryDetailsBeforeCreateOrder -->
        <test-method signature="testOrderSplitCreateOrder()[pri:0, instance:orderSplit.TestsOrderSplit@77888435]" started-at="2025-01-07T15:43:18 IST" name="testOrderSplitCreateOrder" finished-at="2025-01-07T15:43:18 IST" depends-on-methods="orderSplit.TestsOrderSplit.testOrderSplitInventoryDetailsBeforeCreateOrder" duration-ms="150" status="PASS">
          <reporter-output>
          </reporter-output>
        </test-method> <!-- testOrderSplitCreateOrder -->
        <test-method signature="testOrderSplitInventoryDetailsAfterCreateOrder()[pri:0, instance:orderSplit.TestsOrderSplit@77888435]" started-at="2025-01-07T15:43:18 IST" name="testOrderSplitInventoryDetailsAfterCreateOrder" finished-at="2025-01-07T15:43:18 IST" depends-on-methods="orderSplit.TestsOrderSplit.testOrderSplitCreateOrder" duration-ms="134" status="PASS">
          <reporter-output>
          </reporter-output>
        </test-method> <!-- testOrderSplitInventoryDetailsAfterCreateOrder -->
        <test-method signature="testOrderSplitSplitOrder()[pri:0, instance:orderSplit.TestsOrderSplit@77888435]" started-at="2025-01-07T15:43:18 IST" name="testOrderSplitSplitOrder" finished-at="2025-01-07T15:43:18 IST" depends-on-methods="orderSplit.TestsOrderSplit.testOrderSplitInventoryDetailsAfterCreateOrder" duration-ms="178" status="PASS">
          <reporter-output>
          </reporter-output>
        </test-method> <!-- testOrderSplitSplitOrder -->
        <test-method signature="testOrderSplitInventoryDetailsAfterSplitOrder()[pri:0, instance:orderSplit.TestsOrderSplit@77888435]" started-at="2025-01-07T15:43:18 IST" name="testOrderSplitInventoryDetailsAfterSplitOrder" finished-at="2025-01-07T15:43:18 IST" depends-on-methods="orderSplit.TestsOrderSplit.testOrderSplitSplitOrder" duration-ms="149" status="PASS">
          <reporter-output>
          </reporter-output>
        </test-method> <!-- testOrderSplitInventoryDetailsAfterSplitOrder -->
        <test-method signature="testOrderSplitSplitNewOrder()[pri:0, instance:orderSplit.TestsOrderSplit@77888435]" started-at="2025-01-07T15:43:18 IST" name="testOrderSplitSplitNewOrder" finished-at="2025-01-07T15:43:18 IST" depends-on-methods="orderSplit.TestsOrderSplit.testOrderSplitInventoryDetailsAfterSplitOrder" duration-ms="142" status="PASS">
          <reporter-output>
          </reporter-output>
        </test-method> <!-- testOrderSplitSplitNewOrder -->
        <test-method signature="testOrderSplitInventoryDetailsAfterSplitNewOrder()[pri:0, instance:orderSplit.TestsOrderSplit@77888435]" started-at="2025-01-07T15:43:18 IST" name="testOrderSplitInventoryDetailsAfterSplitNewOrder" finished-at="2025-01-07T15:43:18 IST" depends-on-methods="orderSplit.TestsOrderSplit.testOrderSplitSplitNewOrder" duration-ms="159" status="PASS">
          <reporter-output>
          </reporter-output>
        </test-method> <!-- testOrderSplitInventoryDetailsAfterSplitNewOrder -->
        <test-method signature="testOrderSplitSplitOrderAgain()[pri:0, instance:orderSplit.TestsOrderSplit@77888435]" started-at="2025-01-07T15:43:18 IST" name="testOrderSplitSplitOrderAgain" finished-at="2025-01-07T15:43:19 IST" depends-on-methods="orderSplit.TestsOrderSplit.testOrderSplitInventoryDetailsAfterSplitOrder" duration-ms="94" status="PASS">
          <reporter-output>
          </reporter-output>
        </test-method> <!-- testOrderSplitSplitOrderAgain -->
        <test-method signature="testOrderSplitInventoryDetailsAfterSplitOrderAgain()[pri:0, instance:orderSplit.TestsOrderSplit@77888435]" started-at="2025-01-07T15:43:19 IST" name="testOrderSplitInventoryDetailsAfterSplitOrderAgain" finished-at="2025-01-07T15:43:19 IST" depends-on-methods="orderSplit.TestsOrderSplit.testOrderSplitSplitOrderAgain" duration-ms="142" status="PASS">
          <reporter-output>
          </reporter-output>
        </test-method> <!-- testOrderSplitInventoryDetailsAfterSplitOrderAgain -->
      </class> <!-- orderSplit.TestsOrderSplit -->
      <class name="orderFlowPositive.TestsOrderFlowPositive">
        <test-method signature="testOrderFlowPositiveInventoryDetailsBeforeCreateOrder()[pri:1, instance:orderFlowPositive.TestsOrderFlowPositive@76505305]" started-at="2025-01-07T15:43:08 IST" name="testOrderFlowPositiveInventoryDetailsBeforeCreateOrder" finished-at="2025-01-07T15:43:08 IST" duration-ms="425" status="PASS">
          <reporter-output>
          </reporter-output>
        </test-method> <!-- testOrderFlowPositiveInventoryDetailsBeforeCreateOrder -->
        <test-method signature="testOrderFlowPositivecreateOrder()[pri:0, instance:orderFlowPositive.TestsOrderFlowPositive@76505305]" started-at="2025-01-07T15:43:08 IST" name="testOrderFlowPositivecreateOrder" finished-at="2025-01-07T15:43:09 IST" depends-on-methods="orderFlowPositive.TestsOrderFlowPositive.testOrderFlowPositiveInventoryDetailsBeforeCreateOrder" duration-ms="409" status="PASS">
          <reporter-output>
          </reporter-output>
        </test-method> <!-- testOrderFlowPositivecreateOrder -->
        <test-method signature="testOrderFlowPositiveInventoryDetailsAfterCreateOrder()[pri:0, instance:orderFlowPositive.TestsOrderFlowPositive@76505305]" started-at="2025-01-07T15:43:09 IST" name="testOrderFlowPositiveInventoryDetailsAfterCreateOrder" finished-at="2025-01-07T15:43:09 IST" depends-on-methods="orderFlowPositive.TestsOrderFlowPositive.testOrderFlowPositivecreateOrder" duration-ms="258" status="PASS">
          <reporter-output>
          </reporter-output>
        </test-method> <!-- testOrderFlowPositiveInventoryDetailsAfterCreateOrder -->
        <test-method signature="testOrderFlowPositiveBatchAssign()[pri:0, instance:orderFlowPositive.TestsOrderFlowPositive@76505305]" started-at="2025-01-07T15:43:09 IST" name="testOrderFlowPositiveBatchAssign" finished-at="2025-01-07T15:43:09 IST" depends-on-methods="orderFlowPositive.TestsOrderFlowPositive.testOrderFlowPositiveInventoryDetailsAfterCreateOrder" duration-ms="177" status="PASS">
          <reporter-output>
          </reporter-output>
        </test-method> <!-- testOrderFlowPositiveBatchAssign -->
        <test-method signature="testOrderFlowPositiveInventoryDetailsAfterBatchAssign()[pri:0, instance:orderFlowPositive.TestsOrderFlowPositive@76505305]" started-at="2025-01-07T15:43:09 IST" name="testOrderFlowPositiveInventoryDetailsAfterBatchAssign" finished-at="2025-01-07T15:43:09 IST" depends-on-methods="orderFlowPositive.TestsOrderFlowPositive.testOrderFlowPositiveBatchAssign" duration-ms="203" status="PASS">
          <reporter-output>
          </reporter-output>
        </test-method> <!-- testOrderFlowPositiveInventoryDetailsAfterBatchAssign -->
        <test-method signature="testOrderFlowPositiveMarkPacked()[pri:0, instance:orderFlowPositive.TestsOrderFlowPositive@76505305]" started-at="2025-01-07T15:43:09 IST" name="testOrderFlowPositiveMarkPacked" finished-at="2025-01-07T15:43:09 IST" depends-on-methods="orderFlowPositive.TestsOrderFlowPositive.testOrderFlowPositiveInventoryDetailsAfterBatchAssign" duration-ms="127" status="PASS">
          <reporter-output>
          </reporter-output>
        </test-method> <!-- testOrderFlowPositiveMarkPacked -->
        <test-method signature="testOrderFlowPositiveInventoryDetailsAfterMarkPacked()[pri:0, instance:orderFlowPositive.TestsOrderFlowPositive@76505305]" started-at="2025-01-07T15:43:09 IST" name="testOrderFlowPositiveInventoryDetailsAfterMarkPacked" finished-at="2025-01-07T15:43:10 IST" depends-on-methods="orderFlowPositive.TestsOrderFlowPositive.testOrderFlowPositiveMarkPacked" duration-ms="199" status="PASS">
          <reporter-output>
          </reporter-output>
        </test-method> <!-- testOrderFlowPositiveInventoryDetailsAfterMarkPacked -->
        <test-method signature="testOrderFlowPositiveCreateShipment()[pri:0, instance:orderFlowPositive.TestsOrderFlowPositive@76505305]" started-at="2025-01-07T15:43:10 IST" name="testOrderFlowPositiveCreateShipment" finished-at="2025-01-07T15:43:10 IST" depends-on-methods="orderFlowPositive.TestsOrderFlowPositive.testOrderFlowPositiveInventoryDetailsAfterMarkPacked" duration-ms="421" status="PASS">
          <reporter-output>
          </reporter-output>
        </test-method> <!-- testOrderFlowPositiveCreateShipment -->
        <test-method signature="testOrderFlowPositiveInventoryDetailsAfterCreateShipment()[pri:0, instance:orderFlowPositive.TestsOrderFlowPositive@76505305]" started-at="2025-01-07T15:43:10 IST" name="testOrderFlowPositiveInventoryDetailsAfterCreateShipment" finished-at="2025-01-07T15:43:10 IST" depends-on-methods="orderFlowPositive.TestsOrderFlowPositive.testOrderFlowPositiveCreateShipment" duration-ms="192" status="PASS">
          <reporter-output>
          </reporter-output>
        </test-method> <!-- testOrderFlowPositiveInventoryDetailsAfterCreateShipment -->
        <test-method signature="testOrderFlowPositiveDispatch()[pri:0, instance:orderFlowPositive.TestsOrderFlowPositive@76505305]" started-at="2025-01-07T15:43:10 IST" name="testOrderFlowPositiveDispatch" finished-at="2025-01-07T15:43:10 IST" depends-on-methods="orderFlowPositive.TestsOrderFlowPositive.testOrderFlowPositiveInventoryDetailsAfterCreateShipment" duration-ms="161" status="PASS">
          <reporter-output>
          </reporter-output>
        </test-method> <!-- testOrderFlowPositiveDispatch -->
        <test-method signature="testOrderFlowPositiveInventoryDetailsAfterDispatch()[pri:0, instance:orderFlowPositive.TestsOrderFlowPositive@76505305]" started-at="2025-01-07T15:43:10 IST" name="testOrderFlowPositiveInventoryDetailsAfterDispatch" finished-at="2025-01-07T15:43:11 IST" depends-on-methods="orderFlowPositive.TestsOrderFlowPositive.testOrderFlowPositiveDispatch" duration-ms="161" status="PASS">
          <reporter-output>
          </reporter-output>
        </test-method> <!-- testOrderFlowPositiveInventoryDetailsAfterDispatch -->
        <test-method signature="testOrderFlowPositiveMarkShipped()[pri:0, instance:orderFlowPositive.TestsOrderFlowPositive@76505305]" started-at="2025-01-07T15:43:11 IST" name="testOrderFlowPositiveMarkShipped" finished-at="2025-01-07T15:43:11 IST" depends-on-methods="orderFlowPositive.TestsOrderFlowPositive.testOrderFlowPositiveInventoryDetailsAfterDispatch" duration-ms="114" status="PASS">
          <reporter-output>
          </reporter-output>
        </test-method> <!-- testOrderFlowPositiveMarkShipped -->
        <test-method signature="testOrderFlowPositiveInventoryDetailsAfterMarkShipped()[pri:0, instance:orderFlowPositive.TestsOrderFlowPositive@76505305]" started-at="2025-01-07T15:43:11 IST" name="testOrderFlowPositiveInventoryDetailsAfterMarkShipped" finished-at="2025-01-07T15:43:11 IST" depends-on-methods="orderFlowPositive.TestsOrderFlowPositive.testOrderFlowPositiveMarkShipped" duration-ms="197" status="PASS">
          <reporter-output>
          </reporter-output>
        </test-method> <!-- testOrderFlowPositiveInventoryDetailsAfterMarkShipped -->
        <test-method signature="testOrderFlowPositiveInvoiceNumber()[pri:0, instance:orderFlowPositive.TestsOrderFlowPositive@76505305]" started-at="2025-01-07T15:43:11 IST" name="testOrderFlowPositiveInvoiceNumber" finished-at="2025-01-07T15:43:11 IST" depends-on-methods="orderFlowPositive.TestsOrderFlowPositive.testOrderFlowPositiveInventoryDetailsAfterMarkShipped" duration-ms="120" status="PASS">
          <reporter-output>
          </reporter-output>
        </test-method> <!-- testOrderFlowPositiveInvoiceNumber -->
        <test-method signature="testOrderFlowPositiveInventoryDetailsAfterInvoiceNumber()[pri:0, instance:orderFlowPositive.TestsOrderFlowPositive@76505305]" started-at="2025-01-07T15:43:11 IST" name="testOrderFlowPositiveInventoryDetailsAfterInvoiceNumber" finished-at="2025-01-07T15:43:11 IST" depends-on-methods="orderFlowPositive.TestsOrderFlowPositive.testOrderFlowPositiveInvoiceNumber" duration-ms="189" status="PASS">
          <reporter-output>
          </reporter-output>
        </test-method> <!-- testOrderFlowPositiveInventoryDetailsAfterInvoiceNumber -->
        <test-method signature="testOrderFlowPositiveDeliver()[pri:0, instance:orderFlowPositive.TestsOrderFlowPositive@76505305]" started-at="2025-01-07T15:43:11 IST" name="testOrderFlowPositiveDeliver" finished-at="2025-01-07T15:43:11 IST" depends-on-methods="orderFlowPositive.TestsOrderFlowPositive.testOrderFlowPositiveInventoryDetailsAfterInvoiceNumber" duration-ms="122" status="PASS">
          <reporter-output>
          </reporter-output>
        </test-method> <!-- testOrderFlowPositiveDeliver -->
        <test-method signature="testOrderFlowPositiveInventoryDetailsAfterDeliver()[pri:0, instance:orderFlowPositive.TestsOrderFlowPositive@76505305]" started-at="2025-01-07T15:43:11 IST" name="testOrderFlowPositiveInventoryDetailsAfterDeliver" finished-at="2025-01-07T15:43:12 IST" depends-on-methods="orderFlowPositive.TestsOrderFlowPositive.testOrderFlowPositiveDeliver" duration-ms="175" status="PASS">
          <reporter-output>
          </reporter-output>
        </test-method> <!-- testOrderFlowPositiveInventoryDetailsAfterDeliver -->
        <test-method signature="testOrderFlowPositiveActionCompleteQC()[pri:0, instance:orderFlowPositive.TestsOrderFlowPositive@76505305]" started-at="2025-01-07T15:43:12 IST" name="testOrderFlowPositiveActionCompleteQC" finished-at="2025-01-07T15:43:12 IST" depends-on-methods="orderFlowPositive.TestsOrderFlowPositive.testOrderFlowPositiveInventoryDetailsAfterDeliver" duration-ms="111" status="PASS">
          <reporter-output>
          </reporter-output>
        </test-method> <!-- testOrderFlowPositiveActionCompleteQC -->
        <test-method signature="testOrderFlowPositiveInventoryDetailsAfterActionCompleteQC()[pri:0, instance:orderFlowPositive.TestsOrderFlowPositive@76505305]" started-at="2025-01-07T15:43:12 IST" name="testOrderFlowPositiveInventoryDetailsAfterActionCompleteQC" finished-at="2025-01-07T15:43:12 IST" depends-on-methods="orderFlowPositive.TestsOrderFlowPositive.testOrderFlowPositiveActionCompleteQC" duration-ms="182" status="PASS">
          <reporter-output>
          </reporter-output>
        </test-method> <!-- testOrderFlowPositiveInventoryDetailsAfterActionCompleteQC -->
        <test-method signature="testOrderFlowPositiveAcceptItemQC()[pri:0, instance:orderFlowPositive.TestsOrderFlowPositive@76505305]" started-at="2025-01-07T15:43:12 IST" name="testOrderFlowPositiveAcceptItemQC" finished-at="2025-01-07T15:43:12 IST" depends-on-methods="orderFlowPositive.TestsOrderFlowPositive.testOrderFlowPositiveInventoryDetailsAfterActionCompleteQC" duration-ms="123" status="PASS">
          <reporter-output>
          </reporter-output>
        </test-method> <!-- testOrderFlowPositiveAcceptItemQC -->
        <test-method signature="testOrderFlowPositiveInventoryDetailsAfterAcceptItemQC()[pri:0, instance:orderFlowPositive.TestsOrderFlowPositive@76505305]" started-at="2025-01-07T15:43:12 IST" name="testOrderFlowPositiveInventoryDetailsAfterAcceptItemQC" finished-at="2025-01-07T15:43:12 IST" depends-on-methods="orderFlowPositive.TestsOrderFlowPositive.testOrderFlowPositiveAcceptItemQC" duration-ms="159" status="PASS">
          <reporter-output>
          </reporter-output>
        </test-method> <!-- testOrderFlowPositiveInventoryDetailsAfterAcceptItemQC -->
        <test-method signature="testOrderFlowPositiveCompleteQC()[pri:0, instance:orderFlowPositive.TestsOrderFlowPositive@76505305]" started-at="2025-01-07T15:43:12 IST" name="testOrderFlowPositiveCompleteQC" finished-at="2025-01-07T15:43:12 IST" depends-on-methods="orderFlowPositive.TestsOrderFlowPositive.testOrderFlowPositiveInventoryDetailsAfterAcceptItemQC" duration-ms="109" status="PASS">
          <reporter-output>
          </reporter-output>
        </test-method> <!-- testOrderFlowPositiveCompleteQC -->
        <test-method signature="testOrderFlowPositiveInventoryDetailsAfterCompleteQC()[pri:0, instance:orderFlowPositive.TestsOrderFlowPositive@76505305]" started-at="2025-01-07T15:43:12 IST" name="testOrderFlowPositiveInventoryDetailsAfterCompleteQC" finished-at="2025-01-07T15:43:12 IST" depends-on-methods="orderFlowPositive.TestsOrderFlowPositive.testOrderFlowPositiveCompleteQC" duration-ms="162" status="PASS">
          <reporter-output>
          </reporter-output>
        </test-method> <!-- testOrderFlowPositiveInventoryDetailsAfterCompleteQC -->
        <test-method signature="testOrderFlowPositiveInventorySettlement()[pri:0, instance:orderFlowPositive.TestsOrderFlowPositive@76505305]" started-at="2025-01-07T15:43:12 IST" name="testOrderFlowPositiveInventorySettlement" finished-at="2025-01-07T15:43:13 IST" depends-on-methods="orderFlowPositive.TestsOrderFlowPositive.testOrderFlowPositiveInventoryDetailsAfterCompleteQC" duration-ms="163" status="PASS">
          <reporter-output>
          </reporter-output>
        </test-method> <!-- testOrderFlowPositiveInventorySettlement -->
        <test-method signature="testOrderFlowPositiveInventoryDetailsAfterInventorySettlement()[pri:0, instance:orderFlowPositive.TestsOrderFlowPositive@76505305]" started-at="2025-01-07T15:43:13 IST" name="testOrderFlowPositiveInventoryDetailsAfterInventorySettlement" finished-at="2025-01-07T15:43:13 IST" depends-on-methods="orderFlowPositive.TestsOrderFlowPositive.testOrderFlowPositiveInventorySettlement" duration-ms="150" status="PASS">
          <reporter-output>
          </reporter-output>
        </test-method> <!-- testOrderFlowPositiveInventoryDetailsAfterInventorySettlement -->
      </class> <!-- orderFlowPositive.TestsOrderFlowPositive -->
    </test> <!-- Test -->
  </suite> <!-- Suite -->
</testng-results>
