<?xml version="1.0" encoding="UTF-8"?>
<testsuite xmlns:xsi="http://www.w3.org/2001/XMLSchema-instance" xsi:noNamespaceSchemaLocation="https://maven.apache.org/surefire/maven-surefire-plugin/xsd/surefire-test-report-3.0.xsd" version="3.0" name="api.tests.TestsCreateOrder" time="16.281" tests="1" errors="0" skipped="0" failures="0">
  <properties>
[...]
</properties>
  <testcase name="createOrderOrderModuleTest" classname="api.tests.TestsCreateOrder" time="5.13">
    <system-out><![CDATA[17:05:41.023 [main] INFO  api.tests.TestsCreateOrder - *********	Creating Order	*********
Request method:	POST
Request URI:	https://order-uat.kredmint.in/api/orders/
Proxy:			<none>
Request params:	<none>
Query params:	<none>
Form params:	<none>
Path params:	<none>
Headers:		Authorization=Bearer eyJhbGciOiJSUzI1NiIsInR5cCIgOiAiSldUIiwia2lkIiA6ICJQWjN2ZXV3T1hvRkNmaEVwNWdmamVRTVpXTzVMSGo4OTd2NnFZVlg2UDZFIn0.eyJleHAiOjE3MzM3NDQzOTEsImlhdCI6MTczMzc0MDc5MSwianRpIjoiZWU1ZTJjZTQtYWIyZC00NDlmLTgyNWQtMzBkMjcwYzljMWFiIiwiaXNzIjoiaHR0cHM6Ly9rZXljbG9hay1wcm9kLmtyZWRtaW50LmluL3JlYWxtcy9wYXJhc2dyb3VwX3VhdCIsImF1ZCI6ImFjY291bnQiLCJzdWIiOiI3ZGM0ZDBkMC0yZjUyLTQ3YmMtYTg5Ny05ZTU0MGNlMWIyZTciLCJ0eXAiOiJCZWFyZXIiLCJhenAiOiJwYXJhcy1jbGllbnQiLCJzZXNzaW9uX3N0YXRlIjoiOTZhMmM5YjYtNzYzYy00ZjJhLTg0Y2MtOTY4ZmNmMWJlZTE4IiwiYWNyIjoiMSIsImFsbG93ZWQtb3JpZ2lucyI6WyIvKiJdLCJyZWFsbV9hY2Nlc3MiOnsicm9sZXMiOlsiU1VQRVJfQURNSU4iLCJvZmZsaW5lX2FjY2VzcyIsInVtYV9hdXRob3JpemF0aW9uIiwiZGVmYXVsdC1yb2xlcy1wYXJhc2dyb3VwX3VhdCJdfSwicmVzb3VyY2VfYWNjZXNzIjp7ImFjY291bnQiOnsicm9sZXMiOlsibWFuYWdlLWFjY291bnQiLCJtYW5hZ2UtYWNjb3VudC1saW5rcyIsInZpZXctcHJvZmlsZSJdfX0sInNjb3BlIjoicHJvZmlsZSBlbWFpbCIsInNpZCI6Ijk2YTJjOWI2LTc2M2MtNGYyYS04NGNjLTk2OGZjZjFiZWUxOCIsImVtYWlsX3ZlcmlmaWVkIjpmYWxzZSwicHJlZmVycmVkX3VzZXJuYW1lIjoic3VwZXJAcGFyYXMuY29tIiwiZ2l2ZW5fbmFtZSI6IiIsImZhbWlseV9uYW1lIjoiIn0.d1oJWSFS5mlRF8UerjiT_u626gApP_GE4VZt21a6zqJQ4d11tGb78Z_Lae5BKSfexqVFUvWdeYi0vUCQFeNdtb92RYqTLrX3UCBKh6XA-hS403RwEThF9xPOdpk39A2fQlRfxkeUu0WuyfMArVK55YatckEgVqnD9OkQJbkzj9NEhpREuLjf2oLNzFu982WGaDS1TwfeSCWV_BNB2rTiaVww-_wthb8ChX66nmta9SAlzaeSQadRZcEjJLIcHz3Wci_prenrEqu9-tgTPjCAmBr5QeucL2hSi2io-2tfdpo-8jsfN2OPY826Vd100j_-eRNwKJe_g3rydVibJT5ZcQ
				Referer=https://order-uat.kredmint.in/create-order/
				Accept=*/*
				Content-Type=application/json
Cookies:		<none>
Multiparts:		<none>
Body:
{
    "fromLocationId": "FT1",
    "toLocationId": "HB2",
    "items": [
        {
            "sku": "SKUUH1",
            "quantity": 55,
            "distributorPrice": 0.03,
            "ssPrice": 0.03,
            "packType": "CARTON",
            "packOf": 50,
            "mrp": 0.03,
            "discount": 0.0
        },
        {
            "sku": "280000",
            "quantity": 5,
            "distributorPrice": 566.78,
            "ssPrice": 564.78,
            "packType": "CARTON",
            "packOf": 4,
            "mrp": 831.25,
            "discount": 264.48
        }
    ],
    "orderSource": "SUPER_ADMIN",
    "orderSlot": {
        "start": "2024-12-09",
        "end": null
    },
    "poNumber": "123456789",
    "couponId": "CUP60991",
    "freeItems": [
        {
            "sku": "SKUUH1",
            "multiplier": 1,
            "maxOrder": 0,
            "name": "Dairy Cream 1 Ltr(270264)",
            "unitWeight": 0,
            "packType": "CARTON",
            "mrp": 1.0,
            "o2rlp": 0.0,
            "sellingPrice": 0.0,
            "distributorPrice": 1.0,
            "inventorySellingPrice": 0.0,
            "quantity": 2,
            "transactedQuantity": 0,
            "shortQuantity": 0,
            "amount": 0.0,
            "discount": 100.0,
            "discountType": "PERCENT",
            "totalDiscount": 0.0,
            "totalSellingPrice": 0.0,
            "retailerPrice": 0.0,
            "retailerDiscount": 0.0,
            "totalTaxAmount": 0.0,
            "cess": 0.0,
            "cessAmt": 0.0,
            "gst": 0.0,
            "gstAmt": 0.0,
            "basicAmount": 0.0,
            "taxableAmount": 0.0,
            "rateAmount": 0.0,
            "sno": 0,
            "cgst": 0.0,
            "igst": 0.0,
            "sgst": 0.0,
            "sgstAmt": 0.0,
            "cgstAmt": 0.0,
            "igstAmt": 0.0,
            "free": false,
            "deliveredQuantity": 2
        }
    ]
}
HTTP/1.1 200 OK
content-type: application/json; charset=utf-8
etag: "12wtc03es7v3g7"
vary: Accept-Encoding
content-encoding: gzip
date: Mon, 09 Dec 2024 11:35:46 GMT
via: 1.1 google
Alt-Svc: h3=":443"; ma=2592000,h3-29=":443"; ma=2592000
Transfer-Encoding: chunked

{
    "payload": {
        "log": "09-Dec-2024 05:05:45 PM @ Updated By: Super Admin Order updated with amount: 2826.0",
        "id": "24120900022",
        "partnerId": "FT1",
        "orgId": "paras",
        "createdBy": "USR-00",
        "createdByName": "8687887481",
        "lastModifiedByName": "8687887481",
        "creationDate": "2024-12-09T11:35:45.903+0000",
        "lastModifiedDate": "2024-12-09T11:35:45.903+0000",
        "lastModifiedBy": "USR-00",
        "orderNumber": "24120900022",
        "couponId": "CUP60991",
        "mrp": 16708,
        "sellingPrice": 2826,
        "itemsDiscount": 13882,
        "couponDiscountOrder": 0,
        "couponDiscountDelivery": 0,
        "fromLocation": {
            "id": "FT1",
            "type": "FACTORY",
            "address": {
                "addressLine1": "test",
                "pincode": "273209",
                "addressLines": "test"
            },
            "gstNumber": "09AAJCK6298G1ZX",
            "panNumber": "1111111111",
            "fssaiNumber": "11111111111111",
            "fssaiExpiryDate": "2024-10-23T00:00:00.000+0000",
            "mobile": "8707802233",
            "emailId": "parasfactory@gmail.com",
            "companyName": "paras factory",
            "leadTime": 0,
            "latLng": {
                "lat": 44.4444,
                "lng": 33.4444
            },
            "status": "Active",
            "productCategories": [
                "GHEE"
            ],
            "emailForInvoice": ", parasfactory@gmail.com"
        },
        "toLocation": {
            "id": "HB2",
            "type": "DISTRIBUTOR",
            "address": {
                "state": "Punjab",
                "city": "PATIALA",
                "pincode": "147105"
            },
            "mobile": "7696448044",
            "contactPersonName": "7696448044",
            "companyName": "Harbans Lal & Sons",
            "leadTime": 0,
            "status": "Active",
            "productCategories": [
                "MILK POWDER",
                "UHT",
                "GHEE",
                "BUTTER"
            ],
            "emailForInvoice": ""
        },
        "orderDate": "2024-12-09",
        "orderSlot": {
            "start": "2024-12-09T00:00:00.000+0000"
        },
        "orderDateStr": "2024-12-09",
        "totalDiscount": 13882,
        "totalItems": 3,
        "totalQuantity": 60,
        "items": [
            {
                "sku": "SKUUH1",
                "parentVariant": "SKUUH1",
                "multiplier": 1,
                "maxOrder": 0,
                "name": "Dairy Cream 1 Ltr(270264)",
                "brandName": "Paras",
                "category": "UHT",
                "packOf": 50,
                "unitWeight": 0,
                "packType": "CARTON",
                "mrp": 1.5,
                "o2rlp": 0,
                "sellingPrice": 0.03,
                "distributorPrice": 0.03,
                "inventorySellingPrice": 0,
                "quantity": 55,
                "transactedQuantity": 0,
                "shortQuantity": 0,
                "amount": 0,
                "discount": 0,
                "discountType": "VALUE",
                "totalDiscount": 80.85,
                "totalSellingPrice": 1.65,
                "retailerPrice": 1.5,
                "retailerDiscount": 0,
                "thumbnail": {
                    "id": "66ffb002a2e5056dc92dc942",
                    "createdBy": "USR-00",
                    "url": "https://storage.googleapis.com/paras-prod/USR-00/OZMIRV-5fbdd4caf8ad9bb322db89a8e8497c00b6cab6f2.jpg",
                    "name": "5fbdd4caf8ad9bb322db89a8e8497c00b6cab6f2.jpg",
                    "relativeUrl": "USR-00/OZMIRV-5fbdd4caf8ad9bb322db89a8e8497c00b6cab6f2.jpg"
                },
                "hsnNumber": "4012000",
                "totalTaxAmount": 0,
                "cess": 0,
                "cessAmt": 0,
                "gst": 5,
                "gstAmt": 0,
                "isNonDiscountable": false,
                "itemType": "FOOD",
                "basicAmount": 0,
                "taxableAmount": 0,
                "rateAmount": 0,
                "sno": 0,
                "free": false,
                "sgst": 0,
                "cgst": 0,
                "igst": 0,
                "sgstAmt": 0,
                "cgstAmt": 0,
                "deliveredQuantity": 55,
                "igstAmt": 0
            },
            {
                "sku": "280000",
                "multiplier": 1,
                "maxOrder": 0,
                "name": "PARAS Ghee Tin 5 Ltr",
                "brandName": "Paras",
                "category": "GHEE",
                "packOf": 4,
                "unitWeight": 0,
                "packType": "CARTON",
                "mrp": 3325,
                "o2rlp": 0,
                "sellingPrice": 564.78,
                "distributorPrice": 566.78,
                "inventorySellingPrice": 0,
                "quantity": 5,
                "transactedQuantity": 0,
                "shortQuantity": 0,
                "amount": 0,
                "discount": 1052.89,
                "discountType": "VALUE",
                "totalDiscount": 13801.11,
                "totalSellingPrice": 2823.9,
                "retailerPrice": 2272.16,
                "retailerDiscount": 0,
                "thumbnail": {
                    "id": "66aa64a8beadf161a13560ca",
                    "createdBy": "USR-8",
                    "url": "https://storage.googleapis.com/paras-prod/USR-8/GweeZM-WHITE_GHEE_15_LTR_TIN.jpg",
                    "name": "WHITE GHEE 15 LTR TIN.jpg",
                    "relativeUrl": "USR-8/GweeZM-WHITE_GHEE_15_LTR_TIN.jpg"
                },
                "hsnNumber": "4059020",
                "totalTaxAmount": 0,
                "cess": 18,
                "cessAmt": 0,
                "gst": 12,
                "gstAmt": 0,
                "isNonDiscountable": false,
                "itemType": "FOOD",
                "basicAmount": 0,
                "taxableAmount": 0,
                "rateAmount": 0,
                "sno": 0,
                "free": false,
                "sgst": 0,
                "cgst": 0,
                "igst": 0,
                "sgstAmt": 0,
                "cgstAmt": 0,
                "deliveredQuantity": 5,
                "igstAmt": 0
            },
            {
                "sku": "SKUUH1",
                "multiplier": 1,
                "maxOrder": 0,
                "name": "Dairy Cream 1 Ltr(270264)",
                "unitWeight": 0,
                "packType": "CARTON",
                "mrp": 1,
                "o2rlp": 0,
                "sellingPrice": 0,
                "distributorPrice": 1,
                "inventorySellingPrice": 0,
                "quantity": 2,
                "transactedQuantity": 0,
                "shortQuantity": 0,
                "amount": 0,
                "discount": 100,
                "discountType": "PERCENT",
                "totalDiscount": 0,
                "totalSellingPrice": 0,
                "retailerPrice": 0,
                "retailerDiscount": 0,
                "totalTaxAmount": 0,
                "cess": 0,
                "cessAmt": 0,
                "gst": 0,
                "gstAmt": 0,
                "basicAmount": 0,
                "taxableAmount": 0,
                "rateAmount": 0,
                "sno": 0,
                "free": true,
                "sgst": 0,
                "cgst": 0,
                "igst": 0,
                "sgstAmt": 0,
                "cgstAmt": 0,
                "deliveredQuantity": 2,
                "igstAmt": 0
            }
        ],
        "orderSource": "SUPER_ADMIN",
        "orderFlow": "FACTORY_TO_DISTRIBUTOR",
        "deliveryCharge": 0,
        "handlingCharge": 0,
        "grandTotal": 2826,
        "totalCollectedAmount": 0,
        "totalOriginalAmount": 2826,
        "status": "Created",
        "appStatus": "Order Placed",
        "type": "DROP",
        "ptt": 0,
        "abt": 0,
        "poNumber": "123456789",
        "riderAssigned": false,
        "seqPrefixLength": 5
    },
    "sum": 0,
    "timestamp": 1733744146253
}
17:05:46.144 [main] INFO  api.tests.TestsCreateOrder - *********	Order Is Created	*********
]]></system-out>
    <system-err><![CDATA[SLF4J: Failed to load class "org.slf4j.impl.StaticLoggerBinder".
SLF4J: Defaulting to no-operation (NOP) logger implementation
SLF4J: See http://www.slf4j.org/codes.html#StaticLoggerBinder for further details.
]]></system-err>
  </testcase>
</testsuite>