<?xml version="1.0" encoding="UTF-8"?>
<testsuite xmlns:xsi="http://www.w3.org/2001/XMLSchema-instance" xsi:noNamespaceSchemaLocation="https://maven.apache.org/surefire/maven-surefire-plugin/xsd/surefire-test-report.xsd" version="3.0.2" name="TestSuite" time="48.159" tests="75" errors="0" skipped="28" failures="3">
  <properties>
[...]
</properties>
  <testcase name="testOrderFlowGenerateToken" classname="bearerTokenGenerate.TestsBearerTokenGenerate" time="2.902">
    <system-out><![CDATA[19:51:40.256 [main] DEBUG org.testng.TestNG - suiteXmlPath: "/Users/admin/UATParas/ParasUAT/ParasUATProject/testngAll.xml"
Starting report generation...
Report initialization completed.
]]></system-out>
  </testcase>
  <testcase name="testOrderFlowPositiveInventoryDetailsBeforeCreateOrder" classname="orderFlowPositive.TestsOrderFlowPositive" time="0.816"/>
  <testcase name="testOrderFlowPositivecreateOrder" classname="orderFlowPositive.TestsOrderFlowPositive" time="0.77"/>
  <testcase name="testOrderFlowPositiveInventoryDetailsAfterCreateOrder" classname="orderFlowPositive.TestsOrderFlowPositive" time="0.721"/>
  <testcase name="testOrderFlowPositiveBatchAssign" classname="orderFlowPositive.TestsOrderFlowPositive" time="0.363"/>
  <testcase name="testOrderFlowPositiveInventoryDetailsAfterBatchAssign" classname="orderFlowPositive.TestsOrderFlowPositive" time="0.33"/>
  <testcase name="testOrderFlowPositiveMarkPacked" classname="orderFlowPositive.TestsOrderFlowPositive" time="0.254"/>
  <testcase name="testOrderFlowPositiveInventoryDetailsAfterMarkPacked" classname="orderFlowPositive.TestsOrderFlowPositive" time="0.345"/>
  <testcase name="testOrderFlowPositiveCreateShipment" classname="orderFlowPositive.TestsOrderFlowPositive" time="0.596"/>
  <testcase name="testOrderFlowPositiveInventoryDetailsAfterCreateShipment" classname="orderFlowPositive.TestsOrderFlowPositive" time="0.282"/>
  <testcase name="testOrderFlowPositiveDispatch" classname="orderFlowPositive.TestsOrderFlowPositive" time="0.289"/>
  <testcase name="testOrderFlowPositiveInventoryDetailsAfterDispatch" classname="orderFlowPositive.TestsOrderFlowPositive" time="0.322"/>
  <testcase name="testOrderFlowPositiveInvoiceNumber" classname="orderFlowPositive.TestsOrderFlowPositive" time="0.338"/>
  <testcase name="testOrderFlowPositiveInventoryDetailsAfterInvoiceNumber" classname="orderFlowPositive.TestsOrderFlowPositive" time="0.327"/>
  <testcase name="testOrderFlowPositiveDeliver" classname="orderFlowPositive.TestsOrderFlowPositive" time="0.241">
    <failure message="Test failed due to unexpected status code: 400" type="java.lang.AssertionError"><![CDATA[java.lang.AssertionError: Test failed due to unexpected status code: 400
	at org.testng.Assert.fail(Assert.java:111)
	at allCommonData.TestHelper.validateStatusCode(TestHelper.java:21)
	at orderFlowPositive.TestsOrderFlowPositive.testOrderFlowPositiveDeliver(TestsOrderFlowPositive.java:565)
	at java.base/jdk.internal.reflect.NativeMethodAccessorImpl.invoke0(Native Method)
	at java.base/jdk.internal.reflect.NativeMethodAccessorImpl.invoke(NativeMethodAccessorImpl.java:77)
	at java.base/jdk.internal.reflect.DelegatingMethodAccessorImpl.invoke(DelegatingMethodAccessorImpl.java:43)
	at java.base/java.lang.reflect.Method.invoke(Method.java:569)
	at org.testng.internal.invokers.MethodInvocationHelper.invokeMethod(MethodInvocationHelper.java:141)
	at org.testng.internal.invokers.TestInvoker.invokeMethod(TestInvoker.java:686)
	at org.testng.internal.invokers.TestInvoker.invokeTestMethod(TestInvoker.java:230)
	at org.testng.internal.invokers.MethodRunner.runInSequence(MethodRunner.java:63)
	at org.testng.internal.invokers.TestInvoker$MethodInvocationAgent.invoke(TestInvoker.java:992)
	at org.testng.internal.invokers.TestInvoker.invokeTestMethods(TestInvoker.java:203)
	at org.testng.internal.invokers.TestMethodWorker.invokeTestMethods(TestMethodWorker.java:154)
	at org.testng.internal.invokers.TestMethodWorker.run(TestMethodWorker.java:134)
	at java.base/java.util.ArrayList.forEach(ArrayList.java:1511)
	at org.testng.TestRunner.privateRun(TestRunner.java:739)
	at org.testng.TestRunner.run(TestRunner.java:614)
	at org.testng.SuiteRunner.runTest(SuiteRunner.java:421)
	at org.testng.SuiteRunner.runSequentially(SuiteRunner.java:413)
	at org.testng.SuiteRunner.privateRun(SuiteRunner.java:373)
	at org.testng.SuiteRunner.run(SuiteRunner.java:312)
	at org.testng.SuiteRunnerWorker.runSuite(SuiteRunnerWorker.java:52)
	at org.testng.SuiteRunnerWorker.run(SuiteRunnerWorker.java:95)
	at org.testng.TestNG.runSuitesSequentially(TestNG.java:1274)
	at org.testng.TestNG.runSuitesLocally(TestNG.java:1208)
	at org.testng.TestNG.runSuites(TestNG.java:1112)
	at org.testng.TestNG.run(TestNG.java:1079)
	at org.apache.maven.surefire.testng.TestNGExecutor.run(TestNGExecutor.java:308)
	at org.apache.maven.surefire.testng.TestNGXmlTestSuite.execute(TestNGXmlTestSuite.java:71)
	at org.apache.maven.surefire.testng.TestNGProvider.invoke(TestNGProvider.java:113)
	at org.apache.maven.surefire.booter.ForkedBooter.runSuitesInProcess(ForkedBooter.java:385)
	at org.apache.maven.surefire.booter.ForkedBooter.execute(ForkedBooter.java:162)
	at org.apache.maven.surefire.booter.ForkedBooter.run(ForkedBooter.java:507)
	at org.apache.maven.surefire.booter.ForkedBooter.main(ForkedBooter.java:495)
]]></failure>
  </testcase>
  <testcase name="testOrderFlowPositiveInventoryDetailsAfterDeliver" classname="orderFlowPositive.TestsOrderFlowPositive" time="0.0">
    <skipped message="Method orderFlowPositive.TestsOrderFlowPositive.testOrderFlowPositiveInventoryDetailsAfterDeliver() on instance orderFlowPositive.TestsOrderFlowPositive@368f2016 depends on not successfully finished methods &#10;[orderFlowPositive.TestsOrderFlowPositive.testOrderFlowPositiveDeliver() on instance orderFlowPositive.TestsOrderFlowPositive@368f2016]"/>
  </testcase>
  <testcase name="testOrderFlowPositiveActionCompleteQC" classname="orderFlowPositive.TestsOrderFlowPositive" time="0.0">
    <skipped message="Method orderFlowPositive.TestsOrderFlowPositive.testOrderFlowPositiveActionCompleteQC() on instance orderFlowPositive.TestsOrderFlowPositive@368f2016 depends on not successfully finished methods &#10;[orderFlowPositive.TestsOrderFlowPositive.testOrderFlowPositiveInventoryDetailsAfterDeliver() on instance orderFlowPositive.TestsOrderFlowPositive@368f2016]"/>
  </testcase>
  <testcase name="testOrderFlowPositiveInventoryDetailsAfterActionCompleteQC" classname="orderFlowPositive.TestsOrderFlowPositive" time="0.0">
    <skipped message="Method orderFlowPositive.TestsOrderFlowPositive.testOrderFlowPositiveInventoryDetailsAfterActionCompleteQC() on instance orderFlowPositive.TestsOrderFlowPositive@368f2016 depends on not successfully finished methods &#10;[orderFlowPositive.TestsOrderFlowPositive.testOrderFlowPositiveActionCompleteQC() on instance orderFlowPositive.TestsOrderFlowPositive@368f2016]"/>
  </testcase>
  <testcase name="testOrderFlowPositiveAcceptItemQC" classname="orderFlowPositive.TestsOrderFlowPositive" time="0.0">
    <skipped message="Method orderFlowPositive.TestsOrderFlowPositive.testOrderFlowPositiveAcceptItemQC() on instance orderFlowPositive.TestsOrderFlowPositive@368f2016 depends on not successfully finished methods &#10;[orderFlowPositive.TestsOrderFlowPositive.testOrderFlowPositiveInventoryDetailsAfterActionCompleteQC() on instance orderFlowPositive.TestsOrderFlowPositive@368f2016]"/>
  </testcase>
  <testcase name="testOrderFlowPositiveInventoryDetailsAfterAcceptItemQC" classname="orderFlowPositive.TestsOrderFlowPositive" time="0.0">
    <skipped message="Method orderFlowPositive.TestsOrderFlowPositive.testOrderFlowPositiveInventoryDetailsAfterAcceptItemQC() on instance orderFlowPositive.TestsOrderFlowPositive@368f2016 depends on not successfully finished methods &#10;[orderFlowPositive.TestsOrderFlowPositive.testOrderFlowPositiveAcceptItemQC() on instance orderFlowPositive.TestsOrderFlowPositive@368f2016]"/>
  </testcase>
  <testcase name="testOrderFlowPositiveCompleteQC" classname="orderFlowPositive.TestsOrderFlowPositive" time="0.0">
    <skipped message="Method orderFlowPositive.TestsOrderFlowPositive.testOrderFlowPositiveCompleteQC() on instance orderFlowPositive.TestsOrderFlowPositive@368f2016 depends on not successfully finished methods &#10;[orderFlowPositive.TestsOrderFlowPositive.testOrderFlowPositiveInventoryDetailsAfterAcceptItemQC() on instance orderFlowPositive.TestsOrderFlowPositive@368f2016]"/>
  </testcase>
  <testcase name="testOrderFlowPositiveInventoryDetailsAfterCompleteQC" classname="orderFlowPositive.TestsOrderFlowPositive" time="0.0">
    <skipped message="Method orderFlowPositive.TestsOrderFlowPositive.testOrderFlowPositiveInventoryDetailsAfterCompleteQC() on instance orderFlowPositive.TestsOrderFlowPositive@368f2016 depends on not successfully finished methods &#10;[orderFlowPositive.TestsOrderFlowPositive.testOrderFlowPositiveCompleteQC() on instance orderFlowPositive.TestsOrderFlowPositive@368f2016]"/>
  </testcase>
  <testcase name="testOrderFlowPositiveInventorySettlement" classname="orderFlowPositive.TestsOrderFlowPositive" time="0.0">
    <skipped message="Method orderFlowPositive.TestsOrderFlowPositive.testOrderFlowPositiveInventorySettlement() on instance orderFlowPositive.TestsOrderFlowPositive@368f2016 depends on not successfully finished methods &#10;[orderFlowPositive.TestsOrderFlowPositive.testOrderFlowPositiveInventoryDetailsAfterCompleteQC() on instance orderFlowPositive.TestsOrderFlowPositive@368f2016]"/>
  </testcase>
  <testcase name="testOrderFlowPositiveInventoryDetailsAfterInventorySettlement" classname="orderFlowPositive.TestsOrderFlowPositive" time="0.0">
    <skipped message="Method orderFlowPositive.TestsOrderFlowPositive.testOrderFlowPositiveInventoryDetailsAfterInventorySettlement() on instance orderFlowPositive.TestsOrderFlowPositive@368f2016 depends on not successfully finished methods &#10;[orderFlowPositive.TestsOrderFlowPositive.testOrderFlowPositiveInventorySettlement() on instance orderFlowPositive.TestsOrderFlowPositive@368f2016]"/>
  </testcase>
  <testcase name="testOrderFlowNegativeInventoryDetailsBeforeCreateOrder" classname="orderFlowNegative.TestsOrderFlowNegative" time="0.309"/>
  <testcase name="testOrderFlowNegativecreateOrder" classname="orderFlowNegative.TestsOrderFlowNegative" time="0.27"/>
  <testcase name="testOrderFlowNegativeInventoryDetailsAfterCreateOrder" classname="orderFlowNegative.TestsOrderFlowNegative" time="0.316"/>
  <testcase name="testOrderFlowNegativeBatchAssign" classname="orderFlowNegative.TestsOrderFlowNegative" time="0.275"/>
  <testcase name="testOrderFlowNegativeInventoryDetailsAfterBatchAssign" classname="orderFlowNegative.TestsOrderFlowNegative" time="0.896"/>
  <testcase name="testOrderFlowNegativeMarkPacked" classname="orderFlowNegative.TestsOrderFlowNegative" time="0.275"/>
  <testcase name="testOrderFlowNegativeInventoryDetailsAfterMarkPacked" classname="orderFlowNegative.TestsOrderFlowNegative" time="0.314"/>
  <testcase name="testOrderFlowNegativeCreateShipment" classname="orderFlowNegative.TestsOrderFlowNegative" time="0.255"/>
  <testcase name="testOrderFlowNegativeInventoryDetailsAfterCreateShipment" classname="orderFlowNegative.TestsOrderFlowNegative" time="0.273"/>
  <testcase name="testOrderFlowNegativeDispatch" classname="orderFlowNegative.TestsOrderFlowNegative" time="0.242"/>
  <testcase name="testOrderFlowNegativeInventoryDetailsAfterDispatch" classname="orderFlowNegative.TestsOrderFlowNegative" time="0.31"/>
  <testcase name="testOrderFlowNegativeInvoiceNumber" classname="orderFlowNegative.TestsOrderFlowNegative" time="0.292"/>
  <testcase name="testOrderFlowNegativeInventoryDetailsAfterInvoiceNumber" classname="orderFlowNegative.TestsOrderFlowNegative" time="0.317"/>
  <testcase name="testOrderFlowNegativeDeliver" classname="orderFlowNegative.TestsOrderFlowNegative" time="0.23">
    <failure message="Test failed due to unexpected status code: 400" type="java.lang.AssertionError"><![CDATA[java.lang.AssertionError: Test failed due to unexpected status code: 400
	at org.testng.Assert.fail(Assert.java:111)
	at allCommonData.TestHelper.validateStatusCode(TestHelper.java:21)
	at orderFlowNegative.TestsOrderFlowNegative.testOrderFlowNegativeDeliver(TestsOrderFlowNegative.java:550)
	at java.base/jdk.internal.reflect.NativeMethodAccessorImpl.invoke0(Native Method)
	at java.base/jdk.internal.reflect.NativeMethodAccessorImpl.invoke(NativeMethodAccessorImpl.java:77)
	at java.base/jdk.internal.reflect.DelegatingMethodAccessorImpl.invoke(DelegatingMethodAccessorImpl.java:43)
	at java.base/java.lang.reflect.Method.invoke(Method.java:569)
	at org.testng.internal.invokers.MethodInvocationHelper.invokeMethod(MethodInvocationHelper.java:141)
	at org.testng.internal.invokers.TestInvoker.invokeMethod(TestInvoker.java:686)
	at org.testng.internal.invokers.TestInvoker.invokeTestMethod(TestInvoker.java:230)
	at org.testng.internal.invokers.MethodRunner.runInSequence(MethodRunner.java:63)
	at org.testng.internal.invokers.TestInvoker$MethodInvocationAgent.invoke(TestInvoker.java:992)
	at org.testng.internal.invokers.TestInvoker.invokeTestMethods(TestInvoker.java:203)
	at org.testng.internal.invokers.TestMethodWorker.invokeTestMethods(TestMethodWorker.java:154)
	at org.testng.internal.invokers.TestMethodWorker.run(TestMethodWorker.java:134)
	at java.base/java.util.ArrayList.forEach(ArrayList.java:1511)
	at org.testng.TestRunner.privateRun(TestRunner.java:739)
	at org.testng.TestRunner.run(TestRunner.java:614)
	at org.testng.SuiteRunner.runTest(SuiteRunner.java:421)
	at org.testng.SuiteRunner.runSequentially(SuiteRunner.java:413)
	at org.testng.SuiteRunner.privateRun(SuiteRunner.java:373)
	at org.testng.SuiteRunner.run(SuiteRunner.java:312)
	at org.testng.SuiteRunnerWorker.runSuite(SuiteRunnerWorker.java:52)
	at org.testng.SuiteRunnerWorker.run(SuiteRunnerWorker.java:95)
	at org.testng.TestNG.runSuitesSequentially(TestNG.java:1274)
	at org.testng.TestNG.runSuitesLocally(TestNG.java:1208)
	at org.testng.TestNG.runSuites(TestNG.java:1112)
	at org.testng.TestNG.run(TestNG.java:1079)
	at org.apache.maven.surefire.testng.TestNGExecutor.run(TestNGExecutor.java:308)
	at org.apache.maven.surefire.testng.TestNGXmlTestSuite.execute(TestNGXmlTestSuite.java:71)
	at org.apache.maven.surefire.testng.TestNGProvider.invoke(TestNGProvider.java:113)
	at org.apache.maven.surefire.booter.ForkedBooter.runSuitesInProcess(ForkedBooter.java:385)
	at org.apache.maven.surefire.booter.ForkedBooter.execute(ForkedBooter.java:162)
	at org.apache.maven.surefire.booter.ForkedBooter.run(ForkedBooter.java:507)
	at org.apache.maven.surefire.booter.ForkedBooter.main(ForkedBooter.java:495)
]]></failure>
  </testcase>
  <testcase name="testOrderFlowNegativeInventoryDetailsAfterDeliver" classname="orderFlowNegative.TestsOrderFlowNegative" time="0.0">
    <skipped message="Method orderFlowNegative.TestsOrderFlowNegative.testOrderFlowNegativeInventoryDetailsAfterDeliver() on instance orderFlowNegative.TestsOrderFlowNegative@4c583ecf depends on not successfully finished methods &#10;[orderFlowNegative.TestsOrderFlowNegative.testOrderFlowNegativeDeliver() on instance orderFlowNegative.TestsOrderFlowNegative@4c583ecf]"/>
  </testcase>
  <testcase name="testOrderFlowNegativeActionCompleteQC" classname="orderFlowNegative.TestsOrderFlowNegative" time="0.0">
    <skipped message="Method orderFlowNegative.TestsOrderFlowNegative.testOrderFlowNegativeActionCompleteQC() on instance orderFlowNegative.TestsOrderFlowNegative@4c583ecf depends on not successfully finished methods &#10;[orderFlowNegative.TestsOrderFlowNegative.testOrderFlowNegativeInventoryDetailsAfterDeliver() on instance orderFlowNegative.TestsOrderFlowNegative@4c583ecf]"/>
  </testcase>
  <testcase name="testOrderFlowNegativeInventoryDetailsAfterActionCompleteQC" classname="orderFlowNegative.TestsOrderFlowNegative" time="0.0">
    <skipped message="Method orderFlowNegative.TestsOrderFlowNegative.testOrderFlowNegativeInventoryDetailsAfterActionCompleteQC() on instance orderFlowNegative.TestsOrderFlowNegative@4c583ecf depends on not successfully finished methods &#10;[orderFlowNegative.TestsOrderFlowNegative.testOrderFlowNegativeActionCompleteQC() on instance orderFlowNegative.TestsOrderFlowNegative@4c583ecf]"/>
  </testcase>
  <testcase name="testOrderFlowNegativeRejectItemQC" classname="orderFlowNegative.TestsOrderFlowNegative" time="0.0">
    <skipped message="Method orderFlowNegative.TestsOrderFlowNegative.testOrderFlowNegativeRejectItemQC() on instance orderFlowNegative.TestsOrderFlowNegative@4c583ecf depends on not successfully finished methods &#10;[orderFlowNegative.TestsOrderFlowNegative.testOrderFlowNegativeInventoryDetailsAfterActionCompleteQC() on instance orderFlowNegative.TestsOrderFlowNegative@4c583ecf]"/>
  </testcase>
  <testcase name="testOrderFlowNegativeInventoryDetailsAfterRejectItemQC" classname="orderFlowNegative.TestsOrderFlowNegative" time="0.0">
    <skipped message="Method orderFlowNegative.TestsOrderFlowNegative.testOrderFlowNegativeInventoryDetailsAfterRejectItemQC() on instance orderFlowNegative.TestsOrderFlowNegative@4c583ecf depends on not successfully finished methods &#10;[orderFlowNegative.TestsOrderFlowNegative.testOrderFlowNegativeRejectItemQC() on instance orderFlowNegative.TestsOrderFlowNegative@4c583ecf]"/>
  </testcase>
  <testcase name="testOrderFlowNegativeCompleteQC" classname="orderFlowNegative.TestsOrderFlowNegative" time="0.0">
    <skipped message="Method orderFlowNegative.TestsOrderFlowNegative.testOrderFlowNegativeCompleteQC() on instance orderFlowNegative.TestsOrderFlowNegative@4c583ecf depends on not successfully finished methods &#10;[orderFlowNegative.TestsOrderFlowNegative.testOrderFlowNegativeInventoryDetailsAfterRejectItemQC() on instance orderFlowNegative.TestsOrderFlowNegative@4c583ecf]"/>
  </testcase>
  <testcase name="testOrderFlowNegativeInventoryDetailsAfterCompleteQC" classname="orderFlowNegative.TestsOrderFlowNegative" time="0.0">
    <skipped message="Method orderFlowNegative.TestsOrderFlowNegative.testOrderFlowNegativeInventoryDetailsAfterCompleteQC() on instance orderFlowNegative.TestsOrderFlowNegative@4c583ecf depends on not successfully finished methods &#10;[orderFlowNegative.TestsOrderFlowNegative.testOrderFlowNegativeCompleteQC() on instance orderFlowNegative.TestsOrderFlowNegative@4c583ecf]"/>
  </testcase>
  <testcase name="testOrderFlowNegativeInventorySettlement" classname="orderFlowNegative.TestsOrderFlowNegative" time="0.0">
    <skipped message="Method orderFlowNegative.TestsOrderFlowNegative.testOrderFlowNegativeInventorySettlement() on instance orderFlowNegative.TestsOrderFlowNegative@4c583ecf depends on not successfully finished methods &#10;[orderFlowNegative.TestsOrderFlowNegative.testOrderFlowNegativeInventoryDetailsAfterCompleteQC() on instance orderFlowNegative.TestsOrderFlowNegative@4c583ecf]"/>
  </testcase>
  <testcase name="testOrderFlowNegativeInventoryDetailsAfterInventorySettlement" classname="orderFlowNegative.TestsOrderFlowNegative" time="0.0">
    <skipped message="Method orderFlowNegative.TestsOrderFlowNegative.testOrderFlowNegativeInventoryDetailsAfterInventorySettlement() on instance orderFlowNegative.TestsOrderFlowNegative@4c583ecf depends on not successfully finished methods &#10;[orderFlowNegative.TestsOrderFlowNegative.testOrderFlowNegativeInventorySettlement() on instance orderFlowNegative.TestsOrderFlowNegative@4c583ecf]"/>
  </testcase>
  <testcase name="testOrderFlowNegativeOrderIdReturn" classname="orderFlowNegative.TestsOrderFlowNegative" time="0.0">
    <skipped message="Method orderFlowNegative.TestsOrderFlowNegative.testOrderFlowNegativeOrderIdReturn() on instance orderFlowNegative.TestsOrderFlowNegative@4c583ecf depends on not successfully finished methods &#10;[orderFlowNegative.TestsOrderFlowNegative.testOrderFlowNegativeInventoryDetailsAfterInventorySettlement() on instance orderFlowNegative.TestsOrderFlowNegative@4c583ecf]"/>
  </testcase>
  <testcase name="testOrderFlowNegativeInventoryAfterDetailsOrderIdReturn" classname="orderFlowNegative.TestsOrderFlowNegative" time="0.0">
    <skipped message="Method orderFlowNegative.TestsOrderFlowNegative.testOrderFlowNegativeInventoryAfterDetailsOrderIdReturn() on instance orderFlowNegative.TestsOrderFlowNegative@4c583ecf depends on not successfully finished methods &#10;[orderFlowNegative.TestsOrderFlowNegative.testOrderFlowNegativeOrderIdReturn() on instance orderFlowNegative.TestsOrderFlowNegative@4c583ecf]"/>
  </testcase>
  <testcase name="testOrderFlowNegativeActionCompleteQCReturn" classname="orderFlowNegative.TestsOrderFlowNegative" time="0.0">
    <skipped message="Method orderFlowNegative.TestsOrderFlowNegative.testOrderFlowNegativeActionCompleteQCReturn() on instance orderFlowNegative.TestsOrderFlowNegative@4c583ecf depends on not successfully finished methods &#10;[orderFlowNegative.TestsOrderFlowNegative.testOrderFlowNegativeInventoryAfterDetailsOrderIdReturn() on instance orderFlowNegative.TestsOrderFlowNegative@4c583ecf]"/>
  </testcase>
  <testcase name="testOrderFlowNegativeInventoryDetailsAfterActionCompleteQCReturn" classname="orderFlowNegative.TestsOrderFlowNegative" time="0.0">
    <skipped message="Method orderFlowNegative.TestsOrderFlowNegative.testOrderFlowNegativeInventoryDetailsAfterActionCompleteQCReturn() on instance orderFlowNegative.TestsOrderFlowNegative@4c583ecf depends on not successfully finished methods &#10;[orderFlowNegative.TestsOrderFlowNegative.testOrderFlowNegativeActionCompleteQCReturn() on instance orderFlowNegative.TestsOrderFlowNegative@4c583ecf]"/>
  </testcase>
  <testcase name="testOrderFlowNegativeAcceptItemQCReturn" classname="orderFlowNegative.TestsOrderFlowNegative" time="0.0">
    <skipped message="Method orderFlowNegative.TestsOrderFlowNegative.testOrderFlowNegativeAcceptItemQCReturn() on instance orderFlowNegative.TestsOrderFlowNegative@4c583ecf depends on not successfully finished methods &#10;[orderFlowNegative.TestsOrderFlowNegative.testOrderFlowNegativeInventoryDetailsAfterActionCompleteQCReturn() on instance orderFlowNegative.TestsOrderFlowNegative@4c583ecf]"/>
  </testcase>
  <testcase name="testOrderFlowNegativeInventoryDetailsAfterAcceptItemQCReturn" classname="orderFlowNegative.TestsOrderFlowNegative" time="0.0">
    <skipped message="Method orderFlowNegative.TestsOrderFlowNegative.testOrderFlowNegativeInventoryDetailsAfterAcceptItemQCReturn() on instance orderFlowNegative.TestsOrderFlowNegative@4c583ecf depends on not successfully finished methods &#10;[orderFlowNegative.TestsOrderFlowNegative.testOrderFlowNegativeAcceptItemQCReturn() on instance orderFlowNegative.TestsOrderFlowNegative@4c583ecf]"/>
  </testcase>
  <testcase name="testOrderFlowNegativeCompleteQCReturn" classname="orderFlowNegative.TestsOrderFlowNegative" time="0.0">
    <skipped message="Method orderFlowNegative.TestsOrderFlowNegative.testOrderFlowNegativeCompleteQCReturn() on instance orderFlowNegative.TestsOrderFlowNegative@4c583ecf depends on not successfully finished methods &#10;[orderFlowNegative.TestsOrderFlowNegative.testOrderFlowNegativeInventoryDetailsAfterAcceptItemQCReturn() on instance orderFlowNegative.TestsOrderFlowNegative@4c583ecf]"/>
  </testcase>
  <testcase name="testOrderFlowNegativeInventoryDetailsAfterCompleteQCReturn" classname="orderFlowNegative.TestsOrderFlowNegative" time="0.0">
    <skipped message="Method orderFlowNegative.TestsOrderFlowNegative.testOrderFlowNegativeInventoryDetailsAfterCompleteQCReturn() on instance orderFlowNegative.TestsOrderFlowNegative@4c583ecf depends on not successfully finished methods &#10;[orderFlowNegative.TestsOrderFlowNegative.testOrderFlowNegativeCompleteQCReturn() on instance orderFlowNegative.TestsOrderFlowNegative@4c583ecf]"/>
  </testcase>
  <testcase name="testOrderFlowNegativeInventorySettlementReturn" classname="orderFlowNegative.TestsOrderFlowNegative" time="0.0">
    <skipped message="Method orderFlowNegative.TestsOrderFlowNegative.testOrderFlowNegativeInventorySettlementReturn() on instance orderFlowNegative.TestsOrderFlowNegative@4c583ecf depends on not successfully finished methods &#10;[orderFlowNegative.TestsOrderFlowNegative.testOrderFlowNegativeInventoryDetailsAfterCompleteQCReturn() on instance orderFlowNegative.TestsOrderFlowNegative@4c583ecf]"/>
  </testcase>
  <testcase name="testOrderFlowNegativeInventoryDetailsAfterInventorySettlementReturn" classname="orderFlowNegative.TestsOrderFlowNegative" time="0.0">
    <skipped message="Method orderFlowNegative.TestsOrderFlowNegative.testOrderFlowNegativeInventoryDetailsAfterInventorySettlementReturn() on instance orderFlowNegative.TestsOrderFlowNegative@4c583ecf depends on not successfully finished methods &#10;[orderFlowNegative.TestsOrderFlowNegative.testOrderFlowNegativeInventorySettlementReturn() on instance orderFlowNegative.TestsOrderFlowNegative@4c583ecf]"/>
  </testcase>
  <testcase name="testOrderCancelCreateOrderInventoryDetailsBeforeCreateOrder" classname="orderCancelCreateOrder.TestsOrderCancelCreateOrder" time="0.277"/>
  <testcase name="testOrderCancelCreateOrderCreateOrder" classname="orderCancelCreateOrder.TestsOrderCancelCreateOrder" time="0.317"/>
  <testcase name="testOrderCancelCreateOrderInventoryDetailsAfterCreateOrder" classname="orderCancelCreateOrder.TestsOrderCancelCreateOrder" time="0.303"/>
  <testcase name="testOrderCancelCreateOrderCancelOrder" classname="orderCancelCreateOrder.TestsOrderCancelCreateOrder" time="0.275"/>
  <testcase name="testOrderCancelCreateOrderInventoryDetailsAfterCancelOrder" classname="orderCancelCreateOrder.TestsOrderCancelCreateOrder" time="0.317"/>
  <testcase name="testOrderUpdateDispatchInventoryDetailsBeforeCreateOrder" classname="orderUpdateDispatch.TestsOrderUpdateDispatch" time="0.269"/>
  <testcase name="testOrderUpdateDispatchCreateOrder" classname="orderUpdateDispatch.TestsOrderUpdateDispatch" time="0.352"/>
  <testcase name="testOrderUpdateDispatchInventoryDetailsAfterCreateOrder" classname="orderUpdateDispatch.TestsOrderUpdateDispatch" time="0.306"/>
  <testcase name="testOrderUpdateDispatchBatchAssign" classname="orderUpdateDispatch.TestsOrderUpdateDispatch" time="0.287"/>
  <testcase name="testOrderUpdateDispatchInventoryDetailsAfterBatchAssign" classname="orderUpdateDispatch.TestsOrderUpdateDispatch" time="0.329"/>
  <testcase name="testOrderUpdateDispatchMarkPacked" classname="orderUpdateDispatch.TestsOrderUpdateDispatch" time="0.285"/>
  <testcase name="testOrderUpdateDispatchInventoryDetailsAfterMarkPacked" classname="orderUpdateDispatch.TestsOrderUpdateDispatch" time="0.298"/>
  <testcase name="testOrderUpdateDispatchCreateShipment" classname="orderUpdateDispatch.TestsOrderUpdateDispatch" time="0.247"/>
  <testcase name="testOrderUpdateDispatchInventoryDetailsAfterCreateShipment" classname="orderUpdateDispatch.TestsOrderUpdateDispatch" time="0.308"/>
  <testcase name="testOrderUpdateDispatchDispatch" classname="orderUpdateDispatch.TestsOrderUpdateDispatch" time="0.48"/>
  <testcase name="testOrderUpdateDispatchInventoryDetailsAfterDispatch" classname="orderUpdateDispatch.TestsOrderUpdateDispatch" time="0.387"/>
  <testcase name="testOrderUpdateDispatchUpdateOrder" classname="orderUpdateDispatch.TestsOrderUpdateDispatch" time="0.322"/>
  <testcase name="testOrderUpdateDispatchInventoryDetailsAfterUpdateOrder" classname="orderUpdateDispatch.TestsOrderUpdateDispatch" time="0.321">
    <failure message="The following asserts failed:&#10;	Pending Stock value Before Create Order is: 122, New Ordered Quantity is: 7, Expected Pending Stock value (Pending Stock Value Before Updating Order + New Ordered Quantity) After Update Order is: 129, But Actual Pending Stock value After Update Order is: 127. Incorrect,&#10;	Expected Intransient Stock value (Intransient Stock value After Update Order = Intransient Stock value Before Create Order) After Update Order is: 70 But Actual Intransient Stock value After Update Order is: 72. Incorrect,&#10;	Expected Available Stock value (Available Stock value After Update Order = Available Stock value Before Create Order) After Update Order is: 99924 But Actual Available Stock value After Update Order is: 99922. Incorrect" type="java.lang.AssertionError"><![CDATA[java.lang.AssertionError: 
The following asserts failed:
	Pending Stock value Before Create Order is: 122, New Ordered Quantity is: 7, Expected Pending Stock value (Pending Stock Value Before Updating Order + New Ordered Quantity) After Update Order is: 129, But Actual Pending Stock value After Update Order is: 127. Incorrect,
	Expected Intransient Stock value (Intransient Stock value After Update Order = Intransient Stock value Before Create Order) After Update Order is: 70 But Actual Intransient Stock value After Update Order is: 72. Incorrect,
	Expected Available Stock value (Available Stock value After Update Order = Available Stock value Before Create Order) After Update Order is: 99924 But Actual Available Stock value After Update Order is: 99922. Incorrect
	at org.testng.asserts.SoftAssert.assertAll(SoftAssert.java:46)
	at org.testng.asserts.SoftAssert.assertAll(SoftAssert.java:30)
	at orderUpdateDispatch.TestsOrderUpdateDispatch.testOrderUpdateDispatchInventoryDetailsAfterUpdateOrder(TestsOrderUpdateDispatch.java:543)
	at java.base/jdk.internal.reflect.NativeMethodAccessorImpl.invoke0(Native Method)
	at java.base/jdk.internal.reflect.NativeMethodAccessorImpl.invoke(NativeMethodAccessorImpl.java:77)
	at java.base/jdk.internal.reflect.DelegatingMethodAccessorImpl.invoke(DelegatingMethodAccessorImpl.java:43)
	at java.base/java.lang.reflect.Method.invoke(Method.java:569)
	at org.testng.internal.invokers.MethodInvocationHelper.invokeMethod(MethodInvocationHelper.java:141)
	at org.testng.internal.invokers.TestInvoker.invokeMethod(TestInvoker.java:686)
	at org.testng.internal.invokers.TestInvoker.invokeTestMethod(TestInvoker.java:230)
	at org.testng.internal.invokers.MethodRunner.runInSequence(MethodRunner.java:63)
	at org.testng.internal.invokers.TestInvoker$MethodInvocationAgent.invoke(TestInvoker.java:992)
	at org.testng.internal.invokers.TestInvoker.invokeTestMethods(TestInvoker.java:203)
	at org.testng.internal.invokers.TestMethodWorker.invokeTestMethods(TestMethodWorker.java:154)
	at org.testng.internal.invokers.TestMethodWorker.run(TestMethodWorker.java:134)
	at java.base/java.util.ArrayList.forEach(ArrayList.java:1511)
	at org.testng.TestRunner.privateRun(TestRunner.java:739)
	at org.testng.TestRunner.run(TestRunner.java:614)
	at org.testng.SuiteRunner.runTest(SuiteRunner.java:421)
	at org.testng.SuiteRunner.runSequentially(SuiteRunner.java:413)
	at org.testng.SuiteRunner.privateRun(SuiteRunner.java:373)
	at org.testng.SuiteRunner.run(SuiteRunner.java:312)
	at org.testng.SuiteRunnerWorker.runSuite(SuiteRunnerWorker.java:52)
	at org.testng.SuiteRunnerWorker.run(SuiteRunnerWorker.java:95)
	at org.testng.TestNG.runSuitesSequentially(TestNG.java:1274)
	at org.testng.TestNG.runSuitesLocally(TestNG.java:1208)
	at org.testng.TestNG.runSuites(TestNG.java:1112)
	at org.testng.TestNG.run(TestNG.java:1079)
	at org.apache.maven.surefire.testng.TestNGExecutor.run(TestNGExecutor.java:308)
	at org.apache.maven.surefire.testng.TestNGXmlTestSuite.execute(TestNGXmlTestSuite.java:71)
	at org.apache.maven.surefire.testng.TestNGProvider.invoke(TestNGProvider.java:113)
	at org.apache.maven.surefire.booter.ForkedBooter.runSuitesInProcess(ForkedBooter.java:385)
	at org.apache.maven.surefire.booter.ForkedBooter.execute(ForkedBooter.java:162)
	at org.apache.maven.surefire.booter.ForkedBooter.run(ForkedBooter.java:507)
	at org.apache.maven.surefire.booter.ForkedBooter.main(ForkedBooter.java:495)
]]></failure>
  </testcase>
</testsuite>